#
# There is insufficient memory for the Java Runtime Environment to continue.
# Native memory allocation (malloc) failed to allocate 32744 bytes for ChunkPool::allocate
# Possible reasons:
#   The system is out of physical RAM or swap space
#   In 32 bit mode, the process size limit was hit
# Possible solutions:
#   Reduce memory load on the system
#   Increase physical memory or swap space
#   Check if swap backing store is full
#   Use 64 bit Java on a 64 bit OS
#   Decrease Java heap size (-Xmx/-Xms)
#   Decrease number of Java threads
#   Decrease Java thread stack sizes (-Xss)
#   Set larger code cache with -XX:ReservedCodeCacheSize=
# This output file may be truncated or incomplete.
#
#  Out of Memory Error (allocation.cpp:273), pid=14156, tid=0x0000000000003450
#
# JRE version: Java(TM) SE Runtime Environment (8.0_101-b13) (build 1.8.0_101-b13)
# Java VM: Java HotSpot(TM) 64-Bit Server VM (25.101-b13 mixed mode windows-amd64 compressed oops)
# Failed to write core dump. Minidumps are not enabled by default on client versions of Windows
#

---------------  T H R E A D  ---------------

Current thread (0x00000000155eb800):  JavaThread "C2 CompilerThread0" daemon [_thread_in_native, id=13392, stack(0x0000000016af0000,0x0000000016bf0000)]

Stack: [0x0000000016af0000,0x0000000016bf0000]
[error occurred during error reporting (printing stack bounds), id 0xc0000005]

Native frames: (J=compiled Java code, j=interpreted, Vv=VM code, C=native code)


Current CompileTask:
C2:   1408 1183   !   4       com.android.dx.cf.code.BytecodeArray::parseInstruction (2764 bytes)


---------------  P R O C E S S  ---------------

Java Threads: ( => current thread )
  0x0000000016e68000 JavaThread "pool-2-thread-4" [_thread_in_Java, id=4984, stack(0x00000000177f0000,0x00000000178f0000)]
  0x0000000016e67000 JavaThread "pool-2-thread-3" [_thread_in_Java, id=11768, stack(0x00000000176f0000,0x00000000177f0000)]
  0x0000000016e66000 JavaThread "pool-2-thread-2" [_thread_in_Java, id=13096, stack(0x00000000175f0000,0x00000000176f0000)]
  0x0000000016e63800 JavaThread "pool-3-thread-1" [_thread_blocked, id=7404, stack(0x00000000174f0000,0x00000000175f0000)]
  0x0000000016e62800 JavaThread "pool-2-thread-1" [_thread_in_Java, id=10536, stack(0x00000000173f0000,0x00000000174f0000)]
  0x0000000016c52000 JavaThread "Service Thread" daemon [_thread_blocked, id=13908, stack(0x00000000171f0000,0x00000000172f0000)]
  0x0000000016c49000 JavaThread "C1 CompilerThread2" daemon [_thread_blocked, id=2708, stack(0x00000000170f0000,0x00000000171f0000)]
  0x0000000016c3e800 JavaThread "C2 CompilerThread1" daemon [_thread_in_native, id=12628, stack(0x0000000016ff0000,0x00000000170f0000)]
=>0x00000000155eb800 JavaThread "C2 CompilerThread0" daemon [_thread_in_native, id=13392, stack(0x0000000016af0000,0x0000000016bf0000)]
  0x000000001559d800 JavaThread "Attach Listener" daemon [_thread_blocked, id=13168, stack(0x00000000169f0000,0x0000000016af0000)]
  0x00000000155e9800 JavaThread "Signal Dispatcher" daemon [_thread_blocked, id=10512, stack(0x00000000168f0000,0x00000000169f0000)]
  0x000000001557a000 JavaThread "Finalizer" daemon [_thread_blocked, id=3656, stack(0x00000000167f0000,0x00000000168f0000)]
  0x0000000015558800 JavaThread "Reference Handler" daemon [_thread_blocked, id=6292, stack(0x00000000166f0000,0x00000000167f0000)]
  0x0000000002dc1000 JavaThread "main" [_thread_in_Java, id=14132, stack(0x0000000002cc0000,0x0000000002dc0000)]

Other Threads:
  0x0000000015556800 VMThread [stack: 0x00000000165f0000,0x00000000166f0000] [id=1624]
  0x0000000016cb2800 WatcherThread [stack: 0x00000000172f0000,0x00000000173f0000] [id=5652]

VM state:not at safepoint (normal execution)

VM Mutex/Monitor currently owned by a thread: None

Heap:
 PSYoungGen      total 36864K, used 18161K [0x00000000eab00000, 0x00000000ed400000, 0x0000000100000000)
  eden space 31744K, 41% used [0x00000000eab00000,0x00000000eb7bead8,0x00000000eca00000)
  from space 5120K, 99% used [0x00000000eca00000,0x00000000ecefdc98,0x00000000ecf00000)
  to   space 5120K, 0% used [0x00000000ecf00000,0x00000000ecf00000,0x00000000ed400000)
 ParOldGen       total 84992K, used 1983K [0x00000000c0000000, 0x00000000c5300000, 0x00000000eab00000)
  object space 84992K, 2% used [0x00000000c0000000,0x00000000c01efe10,0x00000000c5300000)
 Metaspace       used 5904K, capacity 6960K, committed 7040K, reserved 1056768K
  class space    used 586K, capacity 616K, committed 640K, reserved 1048576K

Card table byte_map: [0x0000000012280000,0x0000000012490000] byte_map_base: 0x0000000011c80000

Marking Bits: (ParMarkBitMap*) 0x00000000520ba6d0
 Begin Bits: [0x00000000129f0000, 0x00000000139f0000)
 End Bits:   [0x00000000139f0000, 0x00000000149f0000)

Polling page: 0x0000000000d40000

CodeCache: size=245760Kb used=4980Kb max_used=4993Kb free=240779Kb
 bounds [0x0000000002ec0000, 0x00000000033b0000, 0x0000000011ec0000]
 total_blobs=1500 nmethods=1236 adapters=177
 compilation: enabled

Compilation events (10 events):
Event: 1.383 Thread 0x00000000155eb800 1171       4       com.android.dx.rop.code.RegisterSpec::make (7 bytes)
Event: 1.383 Thread 0x00000000155eb800 nmethod 1171 0x000000000339bb10 code [0x000000000339bc60, 0x000000000339bcc8]
Event: 1.383 Thread 0x00000000155eb800 1183   !   4       com.android.dx.cf.code.BytecodeArray::parseInstruction (2764 bytes)
Event: 1.383 Thread 0x0000000016c49000 nmethod 1241 0x000000000339bed0 code [0x000000000339c240, 0x000000000339dc48]
Event: 1.383 Thread 0x0000000016c49000 1242       3       com.android.dx.cf.code.OneLocalsArray::set (10 bytes)
Event: 1.383 Thread 0x0000000016c49000 nmethod 1242 0x000000000339b690 code [0x000000000339b800, 0x000000000339ba48]
Event: 1.383 Thread 0x0000000016c49000 1243       3       com.android.dx.rop.code.RegisterSpec::getFrameType (10 bytes)
Event: 1.384 Thread 0x0000000016c49000 nmethod 1243 0x000000000339b250 code [0x000000000339b3c0, 0x000000000339b5e8]
Event: 1.392 Thread 0x0000000016c3e800 nmethod 1233 0x0000000003397090 code [0x0000000003397200, 0x0000000003397858]
Event: 1.392 Thread 0x0000000016c3e800 1245       4       com.android.dx.ssa.LocalVariableExtractor::processBlock (383 bytes)

GC Heap History (2 events):
Event: 1.208 GC heap before
{Heap before GC invocations=1 (full 0):
 PSYoungGen      total 36864K, used 31744K [0x00000000eab00000, 0x00000000ed400000, 0x0000000100000000)
  eden space 31744K, 100% used [0x00000000eab00000,0x00000000eca00000,0x00000000eca00000)
  from space 5120K, 0% used [0x00000000ecf00000,0x00000000ecf00000,0x00000000ed400000)
  to   space 5120K, 0% used [0x00000000eca00000,0x00000000eca00000,0x00000000ecf00000)
 ParOldGen       total 84992K, used 0K [0x00000000c0000000, 0x00000000c5300000, 0x00000000eab00000)
  object space 84992K, 0% used [0x00000000c0000000,0x00000000c0000000,0x00000000c5300000)
 Metaspace       used 5802K, capacity 6832K, committed 7040K, reserved 1056768K
  class space    used 586K, capacity 616K, committed 640K, reserved 1048576K
Event: 1.227 GC heap after
Heap after GC invocations=1 (full 0):
 PSYoungGen      total 36864K, used 5111K [0x00000000eab00000, 0x00000000ed400000, 0x0000000100000000)
  eden space 31744K, 0% used [0x00000000eab00000,0x00000000eab00000,0x00000000eca00000)
  from space 5120K, 99% used [0x00000000eca00000,0x00000000ecefdc98,0x00000000ecf00000)
  to   space 5120K, 0% used [0x00000000ecf00000,0x00000000ecf00000,0x00000000ed400000)
 ParOldGen       total 84992K, used 1983K [0x00000000c0000000, 0x00000000c5300000, 0x00000000eab00000)
  object space 84992K, 2% used [0x00000000c0000000,0x00000000c01efe10,0x00000000c5300000)
 Metaspace       used 5802K, capacity 6832K, committed 7040K, reserved 1056768K
  class space    used 586K, capacity 616K, committed 640K, reserved 1048576K
}

Deoptimization events (2 events):
Event: 0.748 Thread 0x0000000016e68000 Uncommon trap: reason=unstable_if action=reinterpret pc=0x00000000030a6398 method=java.util.HashMap.getNode(ILjava/lang/Object;)Ljava/util/HashMap$Node; @ 129
Event: 0.833 Thread 0x0000000016e66000 Uncommon trap: reason=unstable_if action=reinterpret pc=0x00000000030b9bf0 method=java.util.BitSet.nextSetBit(I)I @ 87

Internal exceptions (2 events):
Event: 0.134 Thread 0x0000000002dc1000 Exception <a 'java/lang/NoSuchMethodError': Method sun.misc.Unsafe.defineClass(Ljava/lang/String;[BII)Ljava/lang/Class; name or signature does not match> (0x00000000eab07cc0) thrown at [C:\re\workspace\8-2-build-windows-amd64-cygwin\jdk8u101\7261\hotspot\s}H‚J^+¡?
Event: 0.134 Thread 0x0000000002dc1000 Exception <a 'java/lang/NoSuchMethodError': Method sun.misc.Unsafe.prefetchRead(Ljava/lang/Object;J)V name or signature does not match> (0x00000000eab07fa8) thrown at [C:\re\workspace\8-2-build-windows-amd64-cygwin\jdk8u101\7261\hotspot\src\share\vm\prims\

Events (10 events):
Event: 1.195 Executing VM operation: ParallelGCFailedAllocation
Event: 1.227 Executing VM operation: ParallelGCFailedAllocation done
Event: 1.265 loading class com/android/dx/cf/code/BytecodeArray$ConstantParserVisitor
Event: 1.265 loading class com/android/dx/cf/code/BytecodeArray$ConstantParserVisitor done
Event: 1.288 Thread 0x0000000016e67000 DEOPT PACKING pc=0x00000000031e780f sp=0x00000000177eeb90
Event: 1.288 Thread 0x0000000016e67000 DEOPT UNPACKING pc=0x0000000002f0787f sp=0x00000000177ee980 mode 0
Event: 1.308 Thread 0x0000000016e62800 DEOPT PACKING pc=0x00000000031e780f sp=0x00000000174eece0
Event: 1.308 Thread 0x0000000016e62800 DEOPT UNPACKING pc=0x0000000002f0787f sp=0x00000000174eeac0 mode 0
Event: 1.356 Thread 0x0000000002dc1000 DEOPT PACKING pc=0x00000000031e7625 sp=0x0000000002dbe430
Event: 1.356 Thread 0x0000000002dc1000 DEOPT UNPACKING pc=0x0000000002f0787f sp=0x0000000002dbe220 mode 0


Dynamic libraries:
0x00007ff7f71b0000 - 0x00007ff7f71e7000 	C:\Program Files\Java\jdk1.8.0_101\bin\java.exe
0x00007fffe5e00000 - 0x00007fffe5fd1000 	C:\WINDOWS\SYSTEM32\ntdll.dll
0x00007fffe5960000 - 0x00007fffe5a0b000 	C:\WINDOWS\System32\KERNEL32.DLL
0x00007fffe2fa0000 - 0x00007fffe31bd000 	C:\WINDOWS\System32\KERNELBASE.dll
0x00007fffe37e0000 - 0x00007fffe3882000 	C:\WINDOWS\System32\ADVAPI32.dll
0x00007fffe56b0000 - 0x00007fffe574e000 	C:\WINDOWS\System32\msvcrt.dll
0x00007fffe5900000 - 0x00007fffe5959000 	C:\WINDOWS\System32\sechost.dll
0x00007fffe3f60000 - 0x00007fffe4081000 	C:\WINDOWS\System32\RPCRT4.dll
0x00007fffe3640000 - 0x00007fffe37a5000 	C:\WINDOWS\System32\USER32.dll
0x00007fffe2f80000 - 0x00007fffe2f9e000 	C:\WINDOWS\System32\win32u.dll
0x00007fffe35a0000 - 0x00007fffe35d4000 	C:\WINDOWS\System32\GDI32.dll
0x00007fffe22f0000 - 0x00007fffe2472000 	C:\WINDOWS\System32\gdi32full.dll
0x00007fffd7030000 - 0x00007fffd72a9000 	C:\WINDOWS\WinSxS\amd64_microsoft.windows.common-controls_6595b64144ccf1df_6.0.14393.0_none_2d0f50fcbdb171b8\COMCTL32.dll
0x00007fffe5a10000 - 0x00007fffe5cd7000 	C:\WINDOWS\System32\combase.dll
0x00007fffe2cc0000 - 0x00007fffe2db5000 	C:\WINDOWS\System32\ucrtbase.dll
0x00007fffe2f10000 - 0x00007fffe2f7a000 	C:\WINDOWS\System32\bcryptPrimitives.dll
0x00007fffe37b0000 - 0x00007fffe37de000 	C:\WINDOWS\System32\IMM32.DLL
0x0000000052140000 - 0x0000000052212000 	C:\Program Files\Java\jdk1.8.0_101\jre\bin\msvcr100.dll
0x00000000518a0000 - 0x000000005213a000 	C:\Program Files\Java\jdk1.8.0_101\jre\bin\server\jvm.dll
0x00007fffe58f0000 - 0x00007fffe58f8000 	C:\WINDOWS\System32\PSAPI.DLL
0x00007fffcdb40000 - 0x00007fffcdb49000 	C:\WINDOWS\SYSTEM32\WSOCK32.dll
0x00007fffe4120000 - 0x00007fffe418a000 	C:\WINDOWS\System32\WS2_32.dll
0x00007fffe0070000 - 0x00007fffe0093000 	C:\WINDOWS\SYSTEM32\WINMM.dll
0x00007fffd66b0000 - 0x00007fffd66ba000 	C:\WINDOWS\SYSTEM32\VERSION.dll
0x00007fffe0040000 - 0x00007fffe006b000 	C:\WINDOWS\SYSTEM32\WINMMBASE.dll
0x00007fffe2b60000 - 0x00007fffe2ba2000 	C:\WINDOWS\System32\cfgmgr32.dll
0x0000000051890000 - 0x000000005189f000 	C:\Program Files\Java\jdk1.8.0_101\jre\bin\verify.dll
0x0000000051860000 - 0x0000000051889000 	C:\Program Files\Java\jdk1.8.0_101\jre\bin\java.dll
0x0000000051840000 - 0x0000000051856000 	C:\Program Files\Java\jdk1.8.0_101\jre\bin\zip.dll
0x00007fffe4190000 - 0x00007fffe5698000 	C:\WINDOWS\System32\SHELL32.dll
0x00007fffe2480000 - 0x00007fffe2b5a000 	C:\WINDOWS\System32\windows.storage.dll
0x00007fffe2270000 - 0x00007fffe22bc000 	C:\WINDOWS\System32\powrprof.dll
0x00007fffe35e0000 - 0x00007fffe3632000 	C:\WINDOWS\System32\shlwapi.dll
0x00007fffe22c0000 - 0x00007fffe22cf000 	C:\WINDOWS\System32\kernel.appcore.dll
0x00007fffe2bb0000 - 0x00007fffe2c59000 	C:\WINDOWS\System32\shcore.dll
0x00007fffe22d0000 - 0x00007fffe22e4000 	C:\WINDOWS\System32\profapi.dll

VM Arguments:
jvm_args: -Djava.awt.headless=true -Xmx1024M -Dfile.encoding=GBK -Duser.country=CN -Duser.language=zh -Duser.variant 
java_command: com.android.dx.command.Main --dex --force-jumbo --num-threads=4 --multi-dex --output C:\xml\temp\ChatDemoUI3.0\build\intermediates\transforms\dex\debug\folders\1000\8\alipaySdk-20160516_436e789357471b9931ba9b70d4d24a0002180930 C:\xml\temp\ChatDemoUI3.0\build\intermediates\exploded-aar\ChatDemoUI3.0\redpacketlibrary\unspecified\jars\libs\alipaySdk-20160516.jar
java_class_path (initial): D:\Users\lenovoByEOZ\AppData\Local\Android\sdk\build-tools\23.0.1\lib\dx.jar
Launcher Type: SUN_STANDARD

Environment Variables:
PATH=C:\ProgramData\Oracle\Java\javapath;C:\WINDOWS\system32;C:\WINDOWS;C:\WINDOWS\System32\Wbem;C:\WINDOWS\System32\WindowsPowerShell\v1.0\;C:\Program Files\Java\jdk1.8.0_101\bin;C:\Users\lenovoByEOZ\AppData\Local\Microsoft\WindowsApps
USERNAME=lenovoByEOZ
OS=Windows_NT
PROCESSOR_IDENTIFIER=Intel64 Family 6 Model 58 Stepping 9, GenuineIntel



---------------  S Y S T E M  ---------------

OS: Windows 10.0 , 64 bit Build 14393 (10.0.14393.0)

CPU:total 4 (2 cores per cpu, 2 threads per core) family 6 model 58 stepping 9, cmov, cx8, fxsr, mmx, sse, sse2, sse3, ssse3, sse4.1, sse4.2, popcnt, avx, aes, clmul, erms, ht, tsc, tscinvbit, tscinv

Memory: 4k page, physical 8079000k(1529444k free), swap 12273172k(5144k free)

vm_info: Java HotSpot(TM) 64-Bit Server VM (25.101-b13) for windows-amd64 JRE (1.8.0_101-b13), built on Jun 22 2016 01:21:29 by "java_re" with MS VC++ 10.0 (VS2010)

time: Mon Oct 31 13:59:49 2016
elapsed time: 1 seconds (0d 0h 0m 1s)

