#
# There is insufficient memory for the Java Runtime Environment to continue.
# Native memory allocation (malloc) failed to allocate 347536 bytes for Chunk::new
# Possible reasons:
#   The system is out of physical RAM or swap space
#   In 32 bit mode, the process size limit was hit
# Possible solutions:
#   Reduce memory load on the system
#   Increase physical memory or swap space
#   Check if swap backing store is full
#   Use 64 bit Java on a 64 bit OS
#   Decrease Java heap size (-Xmx/-Xms)
#   Decrease number of Java threads
#   Decrease Java thread stack sizes (-Xss)
#   Set larger code cache with -XX:ReservedCodeCacheSize=
# This output file may be truncated or incomplete.
#
#  Out of Memory Error (allocation.cpp:390), pid=5160, tid=0x00000000000031f4
#
# JRE version: Java(TM) SE Runtime Environment (8.0_101-b13) (build 1.8.0_101-b13)
# Java VM: Java HotSpot(TM) 64-Bit Server VM (25.101-b13 mixed mode windows-amd64 compressed oops)
# Failed to write core dump. Minidumps are not enabled by default on client versions of Windows
#

---------------  T H R E A D  ---------------

Current thread (0x000000001515a800):  JavaThread "C2 CompilerThread0" daemon [_thread_in_native, id=12788, stack(0x0000000016650000,0x0000000016750000)]

Stack: [0x0000000016650000,0x0000000016750000]
[error occurred during error reporting (printing stack bounds), id 0xc0000005]

Native frames: (J=compiled Java code, j=interpreted, Vv=VM code, C=native code)


Current CompileTask:
C2:  12120 1780 %     4       com.android.dx.ssa.SsaMethod::deleteInsns @ 8 (239 bytes)


---------------  P R O C E S S  ---------------

Java Threads: ( => current thread )
  0x0000000016a2a800 JavaThread "pool-2-thread-4" [_thread_blocked, id=14648, stack(0x0000000017350000,0x0000000017450000)]
  0x0000000016a29800 JavaThread "pool-2-thread-3" [_thread_blocked, id=11224, stack(0x0000000017250000,0x0000000017350000)]
  0x0000000016a29000 JavaThread "pool-2-thread-2" [_thread_in_Java, id=15348, stack(0x0000000017150000,0x0000000017250000)]
  0x0000000016a21800 JavaThread "pool-3-thread-1" [_thread_blocked, id=6744, stack(0x0000000017050000,0x0000000017150000)]
  0x0000000016a1f000 JavaThread "pool-2-thread-1" [_thread_blocked, id=1336, stack(0x0000000016f50000,0x0000000017050000)]
  0x00000000167b2000 JavaThread "Service Thread" daemon [_thread_blocked, id=6964, stack(0x0000000016d50000,0x0000000016e50000)]
  0x00000000167ab000 JavaThread "C1 CompilerThread2" daemon [_thread_blocked, id=12096, stack(0x0000000016c50000,0x0000000016d50000)]
  0x000000001515d800 JavaThread "C2 CompilerThread1" daemon [_thread_in_native, id=12948, stack(0x0000000016b50000,0x0000000016c50000)]
=>0x000000001515a800 JavaThread "C2 CompilerThread0" daemon [_thread_in_native, id=12788, stack(0x0000000016650000,0x0000000016750000)]
  0x0000000015158800 JavaThread "Attach Listener" daemon [_thread_blocked, id=2844, stack(0x0000000016550000,0x0000000016650000)]
  0x000000001510c000 JavaThread "Signal Dispatcher" daemon [_thread_blocked, id=860, stack(0x0000000016450000,0x0000000016550000)]
  0x00000000150ea000 JavaThread "Finalizer" daemon [_thread_blocked, id=13540, stack(0x0000000016350000,0x0000000016450000)]
  0x00000000150c8800 JavaThread "Reference Handler" daemon [_thread_blocked, id=2708, stack(0x0000000016250000,0x0000000016350000)]
  0x0000000002931000 JavaThread "main" [_thread_blocked, id=7116, stack(0x0000000002830000,0x0000000002930000)]

Other Threads:
  0x00000000150c6800 VMThread [stack: 0x0000000016150000,0x0000000016250000] [id=12472]
  0x00000000167fc000 WatcherThread [stack: 0x0000000016e50000,0x0000000016f50000] [id=13744]

VM state:not at safepoint (normal execution)

VM Mutex/Monitor currently owned by a thread: None

Heap:
 PSYoungGen      total 68608K, used 16711K [0x00000000eab00000, 0x00000000ef300000, 0x0000000100000000)
  eden space 63488K, 18% used [0x00000000eab00000,0x00000000eb6575d0,0x00000000ee900000)
  from space 5120K, 99% used [0x00000000ee900000,0x00000000eedfa958,0x00000000eee00000)
  to   space 5120K, 0% used [0x00000000eee00000,0x00000000eee00000,0x00000000ef300000)
 ParOldGen       total 84992K, used 23822K [0x00000000c0000000, 0x00000000c5300000, 0x00000000eab00000)
  object space 84992K, 28% used [0x00000000c0000000,0x00000000c17439e0,0x00000000c5300000)
 Metaspace       used 6159K, capacity 7088K, committed 7296K, reserved 1056768K
  class space    used 587K, capacity 616K, committed 640K, reserved 1048576K

Card table byte_map: [0x0000000011df0000,0x0000000012000000] byte_map_base: 0x00000000117f0000

Marking Bits: (ParMarkBitMap*) 0x00000000520ba6d0
 Begin Bits: [0x0000000012560000, 0x0000000013560000)
 End Bits:   [0x0000000013560000, 0x0000000014560000)

Polling page: 0x0000000000850000

CodeCache: size=245760Kb used=7785Kb max_used=7804Kb free=237974Kb
 bounds [0x0000000002a30000, 0x00000000031e0000, 0x0000000011a30000]
 total_blobs=1998 nmethods=1733 adapters=177
 compilation: enabled

Compilation events (10 events):
Event: 11.695 Thread 0x00000000167ab000 1797       2       com.android.dx.rop.annotation.Annotations::addAll (59 bytes)
Event: 11.696 Thread 0x00000000167ab000 nmethod 1797 0x00000000031a8ed0 code [0x00000000031a90a0, 0x00000000031a9558]
Event: 11.989 Thread 0x00000000167ab000 1812       2       java.util.Arrays::sort (19 bytes)
Event: 11.989 Thread 0x00000000167ab000 nmethod 1812 0x0000000003192390 code [0x0000000003192500, 0x00000000031926b8]
Event: 12.005 Thread 0x00000000167ab000 1813       2       java.util.DualPivotQuicksort::sort (614 bytes)
Event: 12.006 Thread 0x00000000167ab000 nmethod 1813 0x00000000031a1c10 code [0x00000000031a1e60, 0x00000000031a2bb8]
Event: 12.019 Thread 0x00000000167ab000 1814       2       com.android.dx.ssa.ConstCollector$1::compare (42 bytes)
Event: 12.020 Thread 0x00000000167ab000 nmethod 1814 0x00000000031a1350 code [0x00000000031a1500, 0x00000000031a1898]
Event: 12.071 Thread 0x000000001515a800 nmethod 1779 0x00000000031d0c10 code [0x00000000031d17c0, 0x00000000031d4860]
Event: 12.071 Thread 0x000000001515a800 1780 %     4       com.android.dx.ssa.SsaMethod::deleteInsns @ 8 (239 bytes)

GC Heap History (10 events):
Event: 8.213 GC heap before
{Heap before GC invocations=1 (full 0):
 PSYoungGen      total 36864K, used 31744K [0x00000000eab00000, 0x00000000ed400000, 0x0000000100000000)
  eden space 31744K, 100% used [0x00000000eab00000,0x00000000eca00000,0x00000000eca00000)
  from space 5120K, 0% used [0x00000000ecf00000,0x00000000ecf00000,0x00000000ed400000)
  to   space 5120K, 0% used [0x00000000eca00000,0x00000000eca00000,0x00000000ecf00000)
 ParOldGen       total 84992K, used 0K [0x00000000c0000000, 0x00000000c5300000, 0x00000000eab00000)
  object space 84992K, 0% used [0x00000000c0000000,0x00000000c0000000,0x00000000c5300000)
 Metaspace       used 5913K, capacity 6960K, committed 7040K, reserved 1056768K
  class space    used 583K, capacity 616K, committed 640K, reserved 1048576K
Event: 8.247 GC heap after
Heap after GC invocations=1 (full 0):
 PSYoungGen      total 36864K, used 5106K [0x00000000eab00000, 0x00000000ed400000, 0x0000000100000000)
  eden space 31744K, 0% used [0x00000000eab00000,0x00000000eab00000,0x00000000eca00000)
  from space 5120K, 99% used [0x00000000eca00000,0x00000000ecefc9e0,0x00000000ecf00000)
  to   space 5120K, 0% used [0x00000000ecf00000,0x00000000ecf00000,0x00000000ed400000)
 ParOldGen       total 84992K, used 1822K [0x00000000c0000000, 0x00000000c5300000, 0x00000000eab00000)
  object space 84992K, 2% used [0x00000000c0000000,0x00000000c01c7a58,0x00000000c5300000)
 Metaspace       used 5913K, capacity 6960K, committed 7040K, reserved 1056768K
  class space    used 583K, capacity 616K, committed 640K, reserved 1048576K
}
Event: 9.080 GC heap before
{Heap before GC invocations=2 (full 0):
 PSYoungGen      total 36864K, used 36850K [0x00000000eab00000, 0x00000000ed400000, 0x0000000100000000)
  eden space 31744K, 100% used [0x00000000eab00000,0x00000000eca00000,0x00000000eca00000)
  from space 5120K, 99% used [0x00000000eca00000,0x00000000ecefc9e0,0x00000000ecf00000)
  to   space 5120K, 0% used [0x00000000ecf00000,0x00000000ecf00000,0x00000000ed400000)
 ParOldGen       total 84992K, used 1822K [0x00000000c0000000, 0x00000000c5300000, 0x00000000eab00000)
  object space 84992K, 2% used [0x00000000c0000000,0x00000000c01c7a58,0x00000000c5300000)
 Metaspace       used 6032K, capacity 7024K, committed 7296K, reserved 1056768K
  class space    used 583K, capacity 616K, committed 640K, reserved 1048576K
Event: 9.111 GC heap after
Heap after GC invocations=2 (full 0):
 PSYoungGen      total 36864K, used 5099K [0x00000000eab00000, 0x00000000ef300000, 0x0000000100000000)
  eden space 31744K, 0% used [0x00000000eab00000,0x00000000eab00000,0x00000000eca00000)
  from space 5120K, 99% used [0x00000000ecf00000,0x00000000ed3fadb0,0x00000000ed400000)
  to   space 5120K, 0% used [0x00000000eca00000,0x00000000eca00000,0x00000000ecf00000)
 ParOldGen       total 84992K, used 5608K [0x00000000c0000000, 0x00000000c5300000, 0x00000000eab00000)
  object space 84992K, 6% used [0x00000000c0000000,0x00000000c057a2f8,0x00000000c5300000)
 Metaspace       used 6032K, capacity 7024K, committed 7296K, reserved 1056768K
  class space    used 583K, capacity 616K, committed 640K, reserved 1048576K
}
Event: 9.472 GC heap before
{Heap before GC invocations=3 (full 0):
 PSYoungGen      total 36864K, used 36843K [0x00000000eab00000, 0x00000000ef300000, 0x0000000100000000)
  eden space 31744K, 100% used [0x00000000eab00000,0x00000000eca00000,0x00000000eca00000)
  from space 5120K, 99% used [0x00000000ecf00000,0x00000000ed3fadb0,0x00000000ed400000)
  to   space 5120K, 0% used [0x00000000eca00000,0x00000000eca00000,0x00000000ecf00000)
 ParOldGen       total 84992K, used 5608K [0x00000000c0000000, 0x00000000c5300000, 0x00000000eab00000)
  object space 84992K, 6% used [0x00000000c0000000,0x00000000c057a2f8,0x00000000c5300000)
 Metaspace       used 6062K, capacity 7024K, committed 7296K, reserved 1056768K
  class space    used 584K, capacity 616K, committed 640K, reserved 1048576K
Event: 9.496 GC heap after
Heap after GC invocations=3 (full 0):
 PSYoungGen      total 36864K, used 5115K [0x00000000eab00000, 0x00000000ef300000, 0x0000000100000000)
  eden space 31744K, 0% used [0x00000000eab00000,0x00000000eab00000,0x00000000eca00000)
  from space 5120K, 99% used [0x00000000eca00000,0x00000000ecefeda0,0x00000000ecf00000)
  to   space 5120K, 0% used [0x00000000eee00000,0x00000000eee00000,0x00000000ef300000)
 ParOldGen       total 84992K, used 9632K [0x00000000c0000000, 0x00000000c5300000, 0x00000000eab00000)
  object space 84992K, 11% used [0x00000000c0000000,0x00000000c0968150,0x00000000c5300000)
 Metaspace       used 6062K, capacity 7024K, committed 7296K, reserved 1056768K
  class space    used 584K, capacity 616K, committed 640K, reserved 1048576K
}
Event: 10.585 GC heap before
{Heap before GC invocations=4 (full 0):
 PSYoungGen      total 36864K, used 36859K [0x00000000eab00000, 0x00000000ef300000, 0x0000000100000000)
  eden space 31744K, 100% used [0x00000000eab00000,0x00000000eca00000,0x00000000eca00000)
  from space 5120K, 99% used [0x00000000eca00000,0x00000000ecefeda0,0x00000000ecf00000)
  to   space 5120K, 0% used [0x00000000eee00000,0x00000000eee00000,0x00000000ef300000)
 ParOldGen       total 84992K, used 9632K [0x00000000c0000000, 0x00000000c5300000, 0x00000000eab00000)
  object space 84992K, 11% used [0x00000000c0000000,0x00000000c0968150,0x00000000c5300000)
 Metaspace       used 6109K, capacity 7088K, committed 7296K, reserved 1056768K
  class space    used 584K, capacity 616K, committed 640K, reserved 1048576K
Event: 10.627 GC heap after
Heap after GC invocations=4 (full 0):
 PSYoungGen      total 68608K, used 5111K [0x00000000eab00000, 0x00000000ef300000, 0x0000000100000000)
  eden space 63488K, 0% used [0x00000000eab00000,0x00000000eab00000,0x00000000ee900000)
  from space 5120K, 99% used [0x00000000eee00000,0x00000000ef2fdc00,0x00000000ef300000)
  to   space 5120K, 0% used [0x00000000ee900000,0x00000000ee900000,0x00000000eee00000)
 ParOldGen       total 84992K, used 14367K [0x00000000c0000000, 0x00000000c5300000, 0x00000000eab00000)
  object space 84992K, 16% used [0x00000000c0000000,0x00000000c0e07d10,0x00000000c5300000)
 Metaspace       used 6109K, capacity 7088K, committed 7296K, reserved 1056768K
  class space    used 584K, capacity 616K, committed 640K, reserved 1048576K
}
Event: 11.735 GC heap before
{Heap before GC invocations=5 (full 0):
 PSYoungGen      total 68608K, used 68599K [0x00000000eab00000, 0x00000000ef300000, 0x0000000100000000)
  eden space 63488K, 100% used [0x00000000eab00000,0x00000000ee900000,0x00000000ee900000)
  from space 5120K, 99% used [0x00000000eee00000,0x00000000ef2fdc00,0x00000000ef300000)
  to   space 5120K, 0% used [0x00000000ee900000,0x00000000ee900000,0x00000000eee00000)
 ParOldGen       total 84992K, used 14367K [0x00000000c0000000, 0x00000000c5300000, 0x00000000eab00000)
  object space 84992K, 16% used [0x00000000c0000000,0x00000000c0e07d10,0x00000000c5300000)
 Metaspace       used 6159K, capacity 7088K, committed 7296K, reserved 1056768K
  class space    used 587K, capacity 616K, committed 640K, reserved 1048576K
Event: 11.977 GC heap after
Heap after GC invocations=5 (full 0):
 PSYoungGen      total 68608K, used 5098K [0x00000000eab00000, 0x00000000ef300000, 0x0000000100000000)
  eden space 63488K, 0% used [0x00000000eab00000,0x00000000eab00000,0x00000000ee900000)
  from space 5120K, 99% used [0x00000000ee900000,0x00000000eedfa958,0x00000000eee00000)
  to   space 5120K, 0% used [0x00000000eee00000,0x00000000eee00000,0x00000000ef300000)
 ParOldGen       total 84992K, used 23822K [0x00000000c0000000, 0x00000000c5300000, 0x00000000eab00000)
  object space 84992K, 28% used [0x00000000c0000000,0x00000000c17439e0,0x00000000c5300000)
 Metaspace       used 6159K, capacity 7088K, committed 7296K, reserved 1056768K
  class space    used 587K, capacity 616K, committed 640K, reserved 1048576K
}

Deoptimization events (10 events):
Event: 10.405 Thread 0x0000000016a29000 Uncommon trap: reason=bimorphic action=maybe_recompile pc=0x00000000030d9cf8 method=com.android.dx.cf.code.BytecodeArray.parseInstruction(ILcom/android/dx/cf/code/BytecodeArray$Visitor;)I @ 2135
Event: 10.505 Thread 0x0000000002931000 Uncommon trap: reason=speculate_class_check action=maybe_recompile pc=0x00000000030c2184 method=com.android.dx.rop.cst.TypedConstant.getBasicType()I @ 1
Event: 10.505 Thread 0x0000000002931000 Uncommon trap: reason=speculate_class_check action=maybe_recompile pc=0x00000000030c2184 method=com.android.dx.rop.cst.TypedConstant.getBasicType()I @ 1
Event: 10.505 Thread 0x0000000002931000 Uncommon trap: reason=speculate_class_check action=maybe_recompile pc=0x00000000030c2184 method=com.android.dx.rop.cst.TypedConstant.getBasicType()I @ 1
Event: 10.898 Thread 0x0000000016a2a800 Uncommon trap: reason=speculate_class_check action=maybe_recompile pc=0x00000000030c2184 method=com.android.dx.rop.cst.TypedConstant.getBasicType()I @ 1
Event: 10.989 Thread 0x0000000016a29000 Uncommon trap: reason=unstable_if action=reinterpret pc=0x0000000002e80d90 method=com.android.dx.ssa.SsaMethod.deleteInsns(Ljava/util/Set;)V @ 130
Event: 11.014 Thread 0x0000000016a29800 Uncommon trap: reason=bimorphic action=maybe_recompile pc=0x00000000030baff8 method=java.util.HashMap.putVal(ILjava/lang/Object;Ljava/lang/Object;ZZ)Ljava/lang/Object; @ 203
Event: 11.066 Thread 0x0000000016a1f000 Uncommon trap: reason=unstable_if action=reinterpret pc=0x00000000030bc09c method=com.android.dx.cf.code.Merger.isPossiblyAssignableFrom(Lcom/android/dx/rop/type/TypeBearer;Lcom/android/dx/rop/type/TypeBearer;)Z @ 55
Event: 11.517 Thread 0x0000000016a1f000 Uncommon trap: reason=speculate_class_check action=maybe_recompile pc=0x00000000030c86f4 method=com.android.dx.rop.code.Insn.contentEquals(Lcom/android/dx/rop/code/Insn;)Z @ 65
Event: 11.517 Thread 0x0000000016a1f000 Uncommon trap: reason=speculate_class_check action=maybe_recompile pc=0x00000000030c86f4 method=com.android.dx.rop.code.Insn.contentEquals(Lcom/android/dx/rop/code/Insn;)Z @ 65

Internal exceptions (2 events):
Event: 2.000 Thread 0x0000000002931000 Exception <a 'java/lang/NoSuchMethodError': Method sun.misc.Unsafe.defineClass(Ljava/lang/String;[BII)Ljava/lang/Class; name or signature does not match> (0x00000000eab07cc0) thrown at [C:\re\workspace\8-2-build-windows-amd64-cygwin\jdk8u101\7261\hotspot\s«≥∆±
Event: 2.000 Thread 0x0000000002931000 Exception <a 'java/lang/NoSuchMethodError': Method sun.misc.Unsafe.prefetchRead(Ljava/lang/Object;J)V name or signature does not match> (0x00000000eab07fa8) thrown at [C:\re\workspace\8-2-build-windows-amd64-cygwin\jdk8u101\7261\hotspot\src\share\vm\prims\

Events (10 events):
Event: 11.519 Thread 0x0000000016a1f000 DEOPT PACKING pc=0x0000000002dc8dfb sp=0x000000001704e580
Event: 11.519 Thread 0x0000000016a1f000 DEOPT UNPACKING pc=0x0000000002a7787f sp=0x000000001704e390 mode 0
Event: 11.544 Thread 0x0000000016a1f000 DEOPT PACKING pc=0x0000000002dfa4b0 sp=0x000000001704e560
Event: 11.544 Thread 0x0000000016a1f000 DEOPT UNPACKING pc=0x0000000002a7787f sp=0x000000001704e390 mode 0
Event: 11.685 loading class com/android/dx/rop/code/RegisterSpec$1
Event: 11.685 loading class com/android/dx/rop/code/RegisterSpec$1 done
Event: 11.735 Executing VM operation: ParallelGCFailedAllocation
Event: 11.977 Executing VM operation: ParallelGCFailedAllocation done
Event: 11.997 Thread 0x0000000016a29000 DEOPT PACKING pc=0x0000000002dfa4b0 sp=0x000000001724ea50
Event: 11.997 Thread 0x0000000016a29000 DEOPT UNPACKING pc=0x0000000002a7787f sp=0x000000001724e880 mode 0


Dynamic libraries:
0x00007ff7f71b0000 - 0x00007ff7f71e7000 	C:\Program Files\Java\jdk1.8.0_101\bin\java.exe
0x00007fffe5e00000 - 0x00007fffe5fd1000 	C:\WINDOWS\SYSTEM32\ntdll.dll
0x00007fffe5960000 - 0x00007fffe5a0b000 	C:\WINDOWS\System32\KERNEL32.DLL
0x00007fffe2fa0000 - 0x00007fffe31bd000 	C:\WINDOWS\System32\KERNELBASE.dll
0x00007fffe37e0000 - 0x00007fffe3882000 	C:\WINDOWS\System32\ADVAPI32.dll
0x00007fffe56b0000 - 0x00007fffe574e000 	C:\WINDOWS\System32\msvcrt.dll
0x00007fffe5900000 - 0x00007fffe5959000 	C:\WINDOWS\System32\sechost.dll
0x00007fffe3f60000 - 0x00007fffe4081000 	C:\WINDOWS\System32\RPCRT4.dll
0x00007fffe3640000 - 0x00007fffe37a5000 	C:\WINDOWS\System32\USER32.dll
0x00007fffe2f80000 - 0x00007fffe2f9e000 	C:\WINDOWS\System32\win32u.dll
0x00007fffe35a0000 - 0x00007fffe35d4000 	C:\WINDOWS\System32\GDI32.dll
0x00007fffe22f0000 - 0x00007fffe2472000 	C:\WINDOWS\System32\gdi32full.dll
0x00007fffd7030000 - 0x00007fffd72a9000 	C:\WINDOWS\WinSxS\amd64_microsoft.windows.common-controls_6595b64144ccf1df_6.0.14393.0_none_2d0f50fcbdb171b8\COMCTL32.dll
0x00007fffe5a10000 - 0x00007fffe5cd7000 	C:\WINDOWS\System32\combase.dll
0x00007fffe2cc0000 - 0x00007fffe2db5000 	C:\WINDOWS\System32\ucrtbase.dll
0x00007fffe2f10000 - 0x00007fffe2f7a000 	C:\WINDOWS\System32\bcryptPrimitives.dll
0x00007fffe37b0000 - 0x00007fffe37de000 	C:\WINDOWS\System32\IMM32.DLL
0x0000000052140000 - 0x0000000052212000 	C:\Program Files\Java\jdk1.8.0_101\jre\bin\msvcr100.dll
0x00000000518a0000 - 0x000000005213a000 	C:\Program Files\Java\jdk1.8.0_101\jre\bin\server\jvm.dll
0x00007fffe58f0000 - 0x00007fffe58f8000 	C:\WINDOWS\System32\PSAPI.DLL
0x00007fffcdb40000 - 0x00007fffcdb49000 	C:\WINDOWS\SYSTEM32\WSOCK32.dll
0x00007fffe4120000 - 0x00007fffe418a000 	C:\WINDOWS\System32\WS2_32.dll
0x00007fffe0070000 - 0x00007fffe0093000 	C:\WINDOWS\SYSTEM32\WINMM.dll
0x00007fffd66b0000 - 0x00007fffd66ba000 	C:\WINDOWS\SYSTEM32\VERSION.dll
0x00007fffe0040000 - 0x00007fffe006b000 	C:\WINDOWS\SYSTEM32\WINMMBASE.dll
0x00007fffe2b60000 - 0x00007fffe2ba2000 	C:\WINDOWS\System32\cfgmgr32.dll
0x0000000051890000 - 0x000000005189f000 	C:\Program Files\Java\jdk1.8.0_101\jre\bin\verify.dll
0x0000000051860000 - 0x0000000051889000 	C:\Program Files\Java\jdk1.8.0_101\jre\bin\java.dll
0x0000000051840000 - 0x0000000051856000 	C:\Program Files\Java\jdk1.8.0_101\jre\bin\zip.dll
0x00007fffe4190000 - 0x00007fffe5698000 	C:\WINDOWS\System32\SHELL32.dll
0x00007fffe2480000 - 0x00007fffe2b5a000 	C:\WINDOWS\System32\windows.storage.dll
0x00007fffe2270000 - 0x00007fffe22bc000 	C:\WINDOWS\System32\powrprof.dll
0x00007fffe35e0000 - 0x00007fffe3632000 	C:\WINDOWS\System32\shlwapi.dll
0x00007fffe22c0000 - 0x00007fffe22cf000 	C:\WINDOWS\System32\kernel.appcore.dll
0x00007fffe2bb0000 - 0x00007fffe2c59000 	C:\WINDOWS\System32\shcore.dll
0x00007fffe22d0000 - 0x00007fffe22e4000 	C:\WINDOWS\System32\profapi.dll

VM Arguments:
jvm_args: -Djava.awt.headless=true -Xmx1024M -Dfile.encoding=GBK -Duser.country=CN -Duser.language=zh -Duser.variant 
java_command: com.android.dx.command.Main --dex --force-jumbo --num-threads=4 --multi-dex --output C:\xml\temp\ChatDemoUI3.0\build\intermediates\transforms\dex\debug\folders\1000\8\MiPush_SDK_Client_2_2_19_176ee338f08323a0030363cb25105803b0fbbb01 C:\xml\temp\ChatDemoUI3.0\build\intermediates\exploded-aar\ChatDemoUI3.0\EaseUI\unspecified\jars\libs\MiPush_SDK_Client_2_2_19.jar
java_class_path (initial): D:\Users\lenovoByEOZ\AppData\Local\Android\sdk\build-tools\23.0.1\lib\dx.jar
Launcher Type: SUN_STANDARD

Environment Variables:
PATH=C:\ProgramData\Oracle\Java\javapath;C:\WINDOWS\system32;C:\WINDOWS;C:\WINDOWS\System32\Wbem;C:\WINDOWS\System32\WindowsPowerShell\v1.0\;C:\Program Files\Java\jdk1.8.0_101\bin;C:\Users\lenovoByEOZ\AppData\Local\Microsoft\WindowsApps
USERNAME=lenovoByEOZ
OS=Windows_NT
PROCESSOR_IDENTIFIER=Intel64 Family 6 Model 58 Stepping 9, GenuineIntel



---------------  S Y S T E M  ---------------

OS: Windows 10.0 , 64 bit Build 14393 (10.0.14393.0)

CPU:total 4 (2 cores per cpu, 2 threads per core) family 6 model 58 stepping 9, cmov, cx8, fxsr, mmx, sse, sse2, sse3, ssse3, sse4.1, sse4.2, popcnt, avx, aes, clmul, erms, ht, tsc, tscinvbit, tscinv

Memory: 4k page, physical 8079000k(862196k free), swap 12273172k(5340k free)

vm_info: Java HotSpot(TM) 64-Bit Server VM (25.101-b13) for windows-amd64 JRE (1.8.0_101-b13), built on Jun 22 2016 01:21:29 by "java_re" with MS VC++ 10.0 (VS2010)

time: Mon Oct 31 11:36:53 2016
elapsed time: 12 seconds (0d 0h 0m 12s)

