#
# There is insufficient memory for the Java Runtime Environment to continue.
# Native memory allocation (malloc) failed to allocate 907136 bytes for Chunk::new
# Possible reasons:
#   The system is out of physical RAM or swap space
#   In 32 bit mode, the process size limit was hit
# Possible solutions:
#   Reduce memory load on the system
#   Increase physical memory or swap space
#   Check if swap backing store is full
#   Use 64 bit Java on a 64 bit OS
#   Decrease Java heap size (-Xmx/-Xms)
#   Decrease number of Java threads
#   Decrease Java thread stack sizes (-Xss)
#   Set larger code cache with -XX:ReservedCodeCacheSize=
# This output file may be truncated or incomplete.
#
#  Out of Memory Error (allocation.cpp:390), pid=14300, tid=0x00000000000037fc
#
# JRE version: Java(TM) SE Runtime Environment (8.0_101-b13) (build 1.8.0_101-b13)
# Java VM: Java HotSpot(TM) 64-Bit Server VM (25.101-b13 mixed mode windows-amd64 compressed oops)
# Failed to write core dump. Minidumps are not enabled by default on client versions of Windows
#

---------------  T H R E A D  ---------------

Current thread (0x000000000276c800):  JavaThread "C2 CompilerThread1" daemon [_thread_in_native, id=14332, stack(0x0000000016890000,0x0000000016990000)]

Stack: [0x0000000016890000,0x0000000016990000]
[error occurred during error reporting (printing stack bounds), id 0xc0000005]

Native frames: (J=compiled Java code, j=interpreted, Vv=VM code, C=native code)


Current CompileTask:
C2:   4059 1286   !   4       com.android.dx.cf.code.BytecodeArray::parseInstruction (2764 bytes)


---------------  P R O C E S S  ---------------

Java Threads: ( => current thread )
  0x000000001640d000 JavaThread "pool-2-thread-4" [_thread_blocked, id=1956, stack(0x0000000017090000,0x0000000017190000)]
  0x00000000163f6000 JavaThread "pool-2-thread-3" [_thread_in_Java, id=5328, stack(0x0000000016f90000,0x0000000017090000)]
  0x00000000163f5800 JavaThread "pool-2-thread-2" [_thread_in_Java, id=14548, stack(0x0000000016e90000,0x0000000016f90000)]
  0x00000000163fe000 JavaThread "pool-3-thread-1" [_thread_blocked, id=6036, stack(0x0000000016d90000,0x0000000016e90000)]
  0x00000000163fd800 JavaThread "pool-2-thread-1" [_thread_blocked, id=5184, stack(0x0000000016c90000,0x0000000016d90000)]
  0x00000000161f2800 JavaThread "Service Thread" daemon [_thread_blocked, id=344, stack(0x0000000016a90000,0x0000000016b90000)]
  0x000000000276e800 JavaThread "C1 CompilerThread2" daemon [_thread_in_native, id=6256, stack(0x0000000016990000,0x0000000016a90000)]
=>0x000000000276c800 JavaThread "C2 CompilerThread1" daemon [_thread_in_native, id=14332, stack(0x0000000016890000,0x0000000016990000)]
  0x000000000276a000 JavaThread "C2 CompilerThread0" daemon [_thread_in_native, id=1148, stack(0x0000000016790000,0x0000000016890000)]
  0x0000000014e53000 JavaThread "Attach Listener" daemon [_thread_blocked, id=12236, stack(0x0000000016690000,0x0000000016790000)]
  0x0000000014e52000 JavaThread "Signal Dispatcher" daemon [_thread_blocked, id=2628, stack(0x0000000016590000,0x0000000016690000)]
  0x0000000002765800 JavaThread "Finalizer" daemon [_thread_blocked, id=13664, stack(0x0000000016090000,0x0000000016190000)]
  0x0000000002760000 JavaThread "Reference Handler" daemon [_thread_blocked, id=12756, stack(0x0000000015f90000,0x0000000016090000)]
  0x0000000002671000 JavaThread "main" [_thread_blocked, id=13300, stack(0x0000000002470000,0x0000000002570000)]

Other Threads:
  0x0000000014e07800 VMThread [stack: 0x0000000015e90000,0x0000000015f90000] [id=15248]
  0x000000001623b000 WatcherThread [stack: 0x0000000016b90000,0x0000000016c90000] [id=14716]

VM state:not at safepoint (normal execution)

VM Mutex/Monitor currently owned by a thread: None

Heap:
 PSYoungGen      total 36864K, used 19852K [0x00000000eab00000, 0x00000000ef300000, 0x0000000100000000)
  eden space 31744K, 46% used [0x00000000eab00000,0x00000000eb966670,0x00000000eca00000)
  from space 5120K, 99% used [0x00000000ecf00000,0x00000000ed3fcad8,0x00000000ed400000)
  to   space 5120K, 0% used [0x00000000eca00000,0x00000000eca00000,0x00000000ecf00000)
 ParOldGen       total 84992K, used 5593K [0x00000000c0000000, 0x00000000c5300000, 0x00000000eab00000)
  object space 84992K, 6% used [0x00000000c0000000,0x00000000c05765a8,0x00000000c5300000)
 Metaspace       used 6085K, capacity 7024K, committed 7296K, reserved 1056768K
  class space    used 591K, capacity 616K, committed 640K, reserved 1048576K

Card table byte_map: [0x0000000011b30000,0x0000000011d40000] byte_map_base: 0x0000000011530000

Marking Bits: (ParMarkBitMap*) 0x00000000520ba6d0
 Begin Bits: [0x00000000122a0000, 0x00000000132a0000)
 End Bits:   [0x00000000132a0000, 0x00000000142a0000)

Polling page: 0x0000000000820000

CodeCache: size=245760Kb used=5915Kb max_used=5915Kb free=239844Kb
 bounds [0x0000000002770000, 0x0000000002d40000, 0x0000000011770000]
 total_blobs=1764 nmethods=1493 adapters=183
 compilation: enabled

Compilation events (10 events):
Event: 4.052 Thread 0x000000000276e800 nmethod 1500 0x0000000002d324d0 code [0x0000000002d32640, 0x0000000002d32858]
Event: 4.052 Thread 0x000000000276e800 1501       2       com.android.dx.ssa.back.SsaToRop::<init> (23 bytes)
Event: 4.052 Thread 0x000000000276e800 nmethod 1501 0x0000000002d32950 code [0x0000000002d32ac0, 0x0000000002d32c88]
Event: 4.052 Thread 0x000000000276e800 1502       2       com.android.dx.ssa.back.FirstFitLocalCombiningAllocator::<init> (141 bytes)
Event: 4.053 Thread 0x000000000276e800 nmethod 1502 0x0000000002d32d50 code [0x0000000002d32f20, 0x0000000002d336a8]
Event: 4.053 Thread 0x000000000276e800 1512       2       com.android.dx.ssa.ConstCollector::run (236 bytes)
Event: 4.056 Thread 0x000000000276e800 nmethod 1512 0x0000000002d33a10 code [0x0000000002d33e00, 0x0000000002d350d8]
Event: 4.056 Thread 0x000000000276e800 1503       2       com.android.dx.ssa.back.SsaToRop::removeEmptyGotos (26 bytes)
Event: 4.057 Thread 0x000000000276e800 nmethod 1503 0x0000000002d37390 code [0x0000000002d37500, 0x0000000002d37708]
Event: 4.057 Thread 0x000000000276e800 1504       2       com.android.dx.ssa.back.IdenticalBlockCombiner::<init> (32 bytes)

GC Heap History (4 events):
Event: 3.565 GC heap before
{Heap before GC invocations=1 (full 0):
 PSYoungGen      total 36864K, used 31744K [0x00000000eab00000, 0x00000000ed400000, 0x0000000100000000)
  eden space 31744K, 100% used [0x00000000eab00000,0x00000000eca00000,0x00000000eca00000)
  from space 5120K, 0% used [0x00000000ecf00000,0x00000000ecf00000,0x00000000ed400000)
  to   space 5120K, 0% used [0x00000000eca00000,0x00000000eca00000,0x00000000ecf00000)
 ParOldGen       total 84992K, used 0K [0x00000000c0000000, 0x00000000c5300000, 0x00000000eab00000)
  object space 84992K, 0% used [0x00000000c0000000,0x00000000c0000000,0x00000000c5300000)
 Metaspace       used 5945K, capacity 6896K, committed 7040K, reserved 1056768K
  class space    used 591K, capacity 616K, committed 640K, reserved 1048576K
Event: 3.587 GC heap after
Heap after GC invocations=1 (full 0):
 PSYoungGen      total 36864K, used 5103K [0x00000000eab00000, 0x00000000ed400000, 0x0000000100000000)
  eden space 31744K, 0% used [0x00000000eab00000,0x00000000eab00000,0x00000000eca00000)
  from space 5120K, 99% used [0x00000000eca00000,0x00000000ecefbc88,0x00000000ecf00000)
  to   space 5120K, 0% used [0x00000000ecf00000,0x00000000ecf00000,0x00000000ed400000)
 ParOldGen       total 84992K, used 1484K [0x00000000c0000000, 0x00000000c5300000, 0x00000000eab00000)
  object space 84992K, 1% used [0x00000000c0000000,0x00000000c0173278,0x00000000c5300000)
 Metaspace       used 5945K, capacity 6896K, committed 7040K, reserved 1056768K
  class space    used 591K, capacity 616K, committed 640K, reserved 1048576K
}
Event: 3.970 GC heap before
{Heap before GC invocations=2 (full 0):
 PSYoungGen      total 36864K, used 36847K [0x00000000eab00000, 0x00000000ed400000, 0x0000000100000000)
  eden space 31744K, 100% used [0x00000000eab00000,0x00000000eca00000,0x00000000eca00000)
  from space 5120K, 99% used [0x00000000eca00000,0x00000000ecefbc88,0x00000000ecf00000)
  to   space 5120K, 0% used [0x00000000ecf00000,0x00000000ecf00000,0x00000000ed400000)
 ParOldGen       total 84992K, used 1484K [0x00000000c0000000, 0x00000000c5300000, 0x00000000eab00000)
  object space 84992K, 1% used [0x00000000c0000000,0x00000000c0173278,0x00000000c5300000)
 Metaspace       used 6046K, capacity 6960K, committed 7040K, reserved 1056768K
  class space    used 591K, capacity 616K, committed 640K, reserved 1048576K
Event: 3.984 GC heap after
Heap after GC invocations=2 (full 0):
 PSYoungGen      total 36864K, used 5106K [0x00000000eab00000, 0x00000000ef300000, 0x0000000100000000)
  eden space 31744K, 0% used [0x00000000eab00000,0x00000000eab00000,0x00000000eca00000)
  from space 5120K, 99% used [0x00000000ecf00000,0x00000000ed3fcad8,0x00000000ed400000)
  to   space 5120K, 0% used [0x00000000eca00000,0x00000000eca00000,0x00000000ecf00000)
 ParOldGen       total 84992K, used 5593K [0x00000000c0000000, 0x00000000c5300000, 0x00000000eab00000)
  object space 84992K, 6% used [0x00000000c0000000,0x00000000c05765a8,0x00000000c5300000)
 Metaspace       used 6046K, capacity 6960K, committed 7040K, reserved 1056768K
  class space    used 591K, capacity 616K, committed 640K, reserved 1048576K
}

Deoptimization events (10 events):
Event: 3.383 Thread 0x000000001640d000 Uncommon trap: reason=bimorphic action=maybe_recompile pc=0x0000000002a2e578 method=java.util.HashMap.getNode(ILjava/lang/Object;)Ljava/util/HashMap$Node; @ 126
Event: 3.383 Thread 0x000000001640d000 Uncommon trap: reason=bimorphic action=maybe_recompile pc=0x0000000002a2e578 method=java.util.HashMap.getNode(ILjava/lang/Object;)Ljava/util/HashMap$Node; @ 126
Event: 3.383 Thread 0x000000001640d000 Uncommon trap: reason=class_check action=maybe_recompile pc=0x0000000002b9ea8c method=java.util.HashMap.putVal(ILjava/lang/Object;Ljava/lang/Object;ZZ)Ljava/lang/Object; @ 203
Event: 3.692 Thread 0x000000001640d000 Uncommon trap: reason=class_check action=maybe_recompile pc=0x0000000002ba66dc method=java.util.HashMap.putVal(ILjava/lang/Object;Ljava/lang/Object;ZZ)Ljava/lang/Object; @ 203
Event: 3.692 Thread 0x000000001640d000 Uncommon trap: reason=class_check action=maybe_recompile pc=0x0000000002b9ea8c method=java.util.HashMap.putVal(ILjava/lang/Object;Ljava/lang/Object;ZZ)Ljava/lang/Object; @ 203
Event: 3.836 Thread 0x00000000163fd800 Uncommon trap: reason=class_check action=maybe_recompile pc=0x0000000002cb5d04 method=com.android.dx.ssa.SCCP.simulateBranch(Lcom/android/dx/ssa/SsaInsn;)V @ 145
Event: 3.850 Thread 0x00000000163f6000 Uncommon trap: reason=class_check action=maybe_recompile pc=0x0000000002cb5d04 method=com.android.dx.ssa.SCCP.simulateBranch(Lcom/android/dx/ssa/SsaInsn;)V @ 145
Event: 3.861 Thread 0x00000000163f6000 Uncommon trap: reason=class_check action=maybe_recompile pc=0x0000000002cb5d04 method=com.android.dx.ssa.SCCP.simulateBranch(Lcom/android/dx/ssa/SsaInsn;)V @ 145
Event: 3.868 Thread 0x00000000163fd800 Uncommon trap: reason=class_check action=maybe_recompile pc=0x0000000002cb5d04 method=com.android.dx.ssa.SCCP.simulateBranch(Lcom/android/dx/ssa/SsaInsn;)V @ 145
Event: 4.011 Thread 0x00000000163f6000 Uncommon trap: reason=unstable_if action=reinterpret pc=0x0000000002b3635c method=com.android.dx.ssa.SsaMethod.updateOneDefinition(Lcom/android/dx/ssa/SsaInsn;Lcom/android/dx/rop/code/RegisterSpec;)V @ 4

Internal exceptions (2 events):
Event: 1.465 Thread 0x0000000002671000 Exception <a 'java/lang/NoSuchMethodError': Method sun.misc.Unsafe.defineClass(Ljava/lang/String;[BII)Ljava/lang/Class; name or signature does not match> (0x00000000eab07cc0) thrown at [C:\re\workspace\8-2-build-windows-amd64-cygwin\jdk8u101\7261\hotspot\sßÑŸl+o÷?
Event: 1.465 Thread 0x0000000002671000 Exception <a 'java/lang/NoSuchMethodError': Method sun.misc.Unsafe.prefetchRead(Ljava/lang/Object;J)V name or signature does not match> (0x00000000eab07fa8) thrown at [C:\re\workspace\8-2-build-windows-amd64-cygwin\jdk8u101\7261\hotspot\src\share\vm\prims\`

Events (10 events):
Event: 3.861 Thread 0x00000000163f6000 DEOPT PACKING pc=0x0000000002cb5d04 sp=0x000000001708e4c0
Event: 3.861 Thread 0x00000000163f6000 DEOPT UNPACKING pc=0x00000000027b582a sp=0x000000001708e468 mode 2
Event: 3.868 Thread 0x00000000163fd800 Uncommon trap: trap_request=0xffffffde fr.pc=0x0000000002cb5d04
Event: 3.868 Thread 0x00000000163fd800 DEOPT PACKING pc=0x0000000002cb5d04 sp=0x0000000016d8edf0
Event: 3.868 Thread 0x00000000163fd800 DEOPT UNPACKING pc=0x00000000027b582a sp=0x0000000016d8ed98 mode 2
Event: 3.946 Executing VM operation: ParallelGCFailedAllocation
Event: 3.984 Executing VM operation: ParallelGCFailedAllocation done
Event: 4.011 Thread 0x00000000163f6000 Uncommon trap: trap_request=0xffffff65 fr.pc=0x0000000002b3635c
Event: 4.012 Thread 0x00000000163f6000 DEOPT PACKING pc=0x0000000002b3635c sp=0x000000001708e430
Event: 4.012 Thread 0x00000000163f6000 DEOPT UNPACKING pc=0x00000000027b582a sp=0x000000001708e3d8 mode 2


Dynamic libraries:
0x00007ff7f71b0000 - 0x00007ff7f71e7000 	C:\Program Files\Java\jdk1.8.0_101\bin\java.exe
0x00007fffe5e00000 - 0x00007fffe5fd1000 	C:\WINDOWS\SYSTEM32\ntdll.dll
0x00007fffe5960000 - 0x00007fffe5a0b000 	C:\WINDOWS\System32\KERNEL32.DLL
0x00007fffe2fa0000 - 0x00007fffe31bd000 	C:\WINDOWS\System32\KERNELBASE.dll
0x00007fffe37e0000 - 0x00007fffe3882000 	C:\WINDOWS\System32\ADVAPI32.dll
0x00007fffe56b0000 - 0x00007fffe574e000 	C:\WINDOWS\System32\msvcrt.dll
0x00007fffe5900000 - 0x00007fffe5959000 	C:\WINDOWS\System32\sechost.dll
0x00007fffe3f60000 - 0x00007fffe4081000 	C:\WINDOWS\System32\RPCRT4.dll
0x00007fffe3640000 - 0x00007fffe37a5000 	C:\WINDOWS\System32\USER32.dll
0x00007fffe2f80000 - 0x00007fffe2f9e000 	C:\WINDOWS\System32\win32u.dll
0x00007fffe35a0000 - 0x00007fffe35d4000 	C:\WINDOWS\System32\GDI32.dll
0x00007fffe22f0000 - 0x00007fffe2472000 	C:\WINDOWS\System32\gdi32full.dll
0x00007fffd7030000 - 0x00007fffd72a9000 	C:\WINDOWS\WinSxS\amd64_microsoft.windows.common-controls_6595b64144ccf1df_6.0.14393.0_none_2d0f50fcbdb171b8\COMCTL32.dll
0x00007fffe5a10000 - 0x00007fffe5cd7000 	C:\WINDOWS\System32\combase.dll
0x00007fffe2cc0000 - 0x00007fffe2db5000 	C:\WINDOWS\System32\ucrtbase.dll
0x00007fffe2f10000 - 0x00007fffe2f7a000 	C:\WINDOWS\System32\bcryptPrimitives.dll
0x00007fffe37b0000 - 0x00007fffe37de000 	C:\WINDOWS\System32\IMM32.DLL
0x0000000052140000 - 0x0000000052212000 	C:\Program Files\Java\jdk1.8.0_101\jre\bin\msvcr100.dll
0x00000000518a0000 - 0x000000005213a000 	C:\Program Files\Java\jdk1.8.0_101\jre\bin\server\jvm.dll
0x00007fffe58f0000 - 0x00007fffe58f8000 	C:\WINDOWS\System32\PSAPI.DLL
0x00007fffcdb40000 - 0x00007fffcdb49000 	C:\WINDOWS\SYSTEM32\WSOCK32.dll
0x00007fffe4120000 - 0x00007fffe418a000 	C:\WINDOWS\System32\WS2_32.dll
0x00007fffe0070000 - 0x00007fffe0093000 	C:\WINDOWS\SYSTEM32\WINMM.dll
0x00007fffd66b0000 - 0x00007fffd66ba000 	C:\WINDOWS\SYSTEM32\VERSION.dll
0x00007fffe0040000 - 0x00007fffe006b000 	C:\WINDOWS\SYSTEM32\WINMMBASE.dll
0x00007fffe2b60000 - 0x00007fffe2ba2000 	C:\WINDOWS\System32\cfgmgr32.dll
0x0000000051890000 - 0x000000005189f000 	C:\Program Files\Java\jdk1.8.0_101\jre\bin\verify.dll
0x0000000051860000 - 0x0000000051889000 	C:\Program Files\Java\jdk1.8.0_101\jre\bin\java.dll
0x0000000051840000 - 0x0000000051856000 	C:\Program Files\Java\jdk1.8.0_101\jre\bin\zip.dll
0x00007fffe4190000 - 0x00007fffe5698000 	C:\WINDOWS\System32\SHELL32.dll
0x00007fffe2480000 - 0x00007fffe2b5a000 	C:\WINDOWS\System32\windows.storage.dll
0x00007fffe2270000 - 0x00007fffe22bc000 	C:\WINDOWS\System32\powrprof.dll
0x00007fffe35e0000 - 0x00007fffe3632000 	C:\WINDOWS\System32\shlwapi.dll
0x00007fffe22c0000 - 0x00007fffe22cf000 	C:\WINDOWS\System32\kernel.appcore.dll
0x00007fffe2bb0000 - 0x00007fffe2c59000 	C:\WINDOWS\System32\shcore.dll
0x00007fffe22d0000 - 0x00007fffe22e4000 	C:\WINDOWS\System32\profapi.dll

VM Arguments:
jvm_args: -Djava.awt.headless=true -Xmx1024M -Dfile.encoding=GBK -Duser.country=CN -Duser.language=zh -Duser.variant 
java_command: com.android.dx.command.Main --dex --force-jumbo --num-threads=4 --multi-dex --output C:\xml\temp\ChatDemoUI3.0\build\intermediates\transforms\dex\debug\folders\1000\2\umeng-analytics-v5.2.4_de92b9eb6c3cfe6889d380ac2207a0b19f7f27fb C:\xml\temp\ChatDemoUI3.0\libs\umeng-analytics-v5.2.4.jar
java_class_path (initial): D:\Users\lenovoByEOZ\AppData\Local\Android\sdk\build-tools\23.0.1\lib\dx.jar
Launcher Type: SUN_STANDARD

Environment Variables:
PATH=C:\ProgramData\Oracle\Java\javapath;C:\WINDOWS\system32;C:\WINDOWS;C:\WINDOWS\System32\Wbem;C:\WINDOWS\System32\WindowsPowerShell\v1.0\;C:\Program Files\Java\jdk1.8.0_101\bin;C:\Users\lenovoByEOZ\AppData\Local\Microsoft\WindowsApps
USERNAME=lenovoByEOZ
OS=Windows_NT
PROCESSOR_IDENTIFIER=Intel64 Family 6 Model 58 Stepping 9, GenuineIntel



---------------  S Y S T E M  ---------------

OS: Windows 10.0 , 64 bit Build 14393 (10.0.14393.0)

CPU:total 4 (2 cores per cpu, 2 threads per core) family 6 model 58 stepping 9, cmov, cx8, fxsr, mmx, sse, sse2, sse3, ssse3, sse4.1, sse4.2, popcnt, avx, aes, clmul, erms, ht, tsc, tscinvbit, tscinv

Memory: 4k page, physical 8079000k(1154516k free), swap 12273172k(5240k free)

vm_info: Java HotSpot(TM) 64-Bit Server VM (25.101-b13) for windows-amd64 JRE (1.8.0_101-b13), built on Jun 22 2016 01:21:29 by "java_re" with MS VC++ 10.0 (VS2010)

time: Mon Oct 31 11:36:24 2016
elapsed time: 4 seconds (0d 0h 0m 4s)

