#
# There is insufficient memory for the Java Runtime Environment to continue.
# Native memory allocation (malloc) failed to allocate 1048576 bytes for AllocateHeap
# Possible reasons:
#   The system is out of physical RAM or swap space
#   In 32 bit mode, the process size limit was hit
# Possible solutions:
#   Reduce memory load on the system
#   Increase physical memory or swap space
#   Check if swap backing store is full
#   Use 64 bit Java on a 64 bit OS
#   Decrease Java heap size (-Xmx/-Xms)
#   Decrease number of Java threads
#   Decrease Java thread stack sizes (-Xss)
#   Set larger code cache with -XX:ReservedCodeCacheSize=
# This output file may be truncated or incomplete.
#
#  Out of Memory Error (memory/allocation.inline.hpp:61), pid=9100, tid=0x0000000000002878
#
# JRE version:  (8.0_101-b13) (build )
# Java VM: Java HotSpot(TM) 64-Bit Server VM (25.101-b13 mixed mode windows-amd64 compressed oops)
# Failed to write core dump. Minidumps are not enabled by default on client versions of Windows
#

---------------  T H R E A D  ---------------

Current thread (0x0000000002d21000):  JavaThread "Unknown thread" [_thread_in_vm, id=10360, stack(0x0000000002c20000,0x0000000002d20000)]

Stack: [0x0000000002c20000,0x0000000002d20000]
[error occurred during error reporting (printing stack bounds), id 0xc0000005]

Native frames: (J=compiled Java code, j=interpreted, Vv=VM code, C=native code)


---------------  P R O C E S S  ---------------

Java Threads: ( => current thread )

Other Threads:

=>0x0000000002d21000 (exited) JavaThread "Unknown thread" [_thread_in_vm, id=10360, stack(0x0000000002c20000,0x0000000002d20000)]

VM state:not at safepoint (normal execution)

VM Mutex/Monitor currently owned by a thread: None

Heap:
 PSYoungGen      total 36864K, used 634K [0x00000000eab00000, 0x00000000ed400000, 0x0000000100000000)
  eden space 31744K, 2% used [0x00000000eab00000,0x00000000eab9eb90,0x00000000eca00000)
  from space 5120K, 0% used [0x00000000ecf00000,0x00000000ecf00000,0x00000000ed400000)
  to   space 5120K, 0% used [0x00000000eca00000,0x00000000eca00000,0x00000000ecf00000)
 ParOldGen       total 84992K, used 0K [0x00000000c0000000, 0x00000000c5300000, 0x00000000eab00000)
  object space 84992K, 0% used [0x00000000c0000000,0x00000000c0000000,0x00000000c5300000)
 Metaspace       used 769K, capacity 4480K, committed 4480K, reserved 1056768K
  class space    used 75K, capacity 384K, committed 384K, reserved 1048576K

Card table byte_map: [0x00000000121e0000,0x00000000123f0000] byte_map_base: 0x0000000011be0000

Marking Bits: (ParMarkBitMap*) 0x00000000520ba6d0
 Begin Bits: [0x0000000012950000, 0x0000000013950000)
 End Bits:   [0x0000000013950000, 0x0000000014950000)

Polling page: 0x0000000000ef0000

CodeCache: size=245760Kb used=328Kb max_used=328Kb free=245431Kb
 bounds [0x0000000002e20000, 0x0000000003090000, 0x0000000011e20000]
 total_blobs=58 nmethods=0 adapters=38
 compilation: enabled

Compilation events (0 events):
No events

GC Heap History (0 events):
No events

Deoptimization events (0 events):
No events

Internal exceptions (0 events):
No events

Events (10 events):
Event: 0.241 loading class java/lang/Short
Event: 0.241 loading class java/lang/Short done
Event: 0.241 loading class java/lang/Integer
Event: 0.290 loading class java/lang/Integer done
Event: 0.290 loading class java/lang/Long
Event: 0.290 loading class java/lang/Long done
Event: 0.291 loading class java/lang/NullPointerException
Event: 0.291 loading class java/lang/NullPointerException done
Event: 0.291 loading class java/lang/ArithmeticException
Event: 0.292 loading class java/lang/ArithmeticException done


Dynamic libraries:
0x00007ff7f71b0000 - 0x00007ff7f71e7000 	C:\Program Files\Java\jdk1.8.0_101\bin\java.exe
0x00007fffe5e00000 - 0x00007fffe5fd1000 	C:\WINDOWS\SYSTEM32\ntdll.dll
0x00007fffe5960000 - 0x00007fffe5a0b000 	C:\WINDOWS\System32\KERNEL32.DLL
0x00007fffe2fa0000 - 0x00007fffe31bd000 	C:\WINDOWS\System32\KERNELBASE.dll
0x00007fffe37e0000 - 0x00007fffe3882000 	C:\WINDOWS\System32\ADVAPI32.dll
0x00007fffe56b0000 - 0x00007fffe574e000 	C:\WINDOWS\System32\msvcrt.dll
0x00007fffe5900000 - 0x00007fffe5959000 	C:\WINDOWS\System32\sechost.dll
0x00007fffe3f60000 - 0x00007fffe4081000 	C:\WINDOWS\System32\RPCRT4.dll
0x00007fffe3640000 - 0x00007fffe37a5000 	C:\WINDOWS\System32\USER32.dll
0x00007fffe2f80000 - 0x00007fffe2f9e000 	C:\WINDOWS\System32\win32u.dll
0x00007fffe35a0000 - 0x00007fffe35d4000 	C:\WINDOWS\System32\GDI32.dll
0x00007fffe22f0000 - 0x00007fffe2472000 	C:\WINDOWS\System32\gdi32full.dll
0x00007fffd7030000 - 0x00007fffd72a9000 	C:\WINDOWS\WinSxS\amd64_microsoft.windows.common-controls_6595b64144ccf1df_6.0.14393.0_none_2d0f50fcbdb171b8\COMCTL32.dll
0x00007fffe5a10000 - 0x00007fffe5cd7000 	C:\WINDOWS\System32\combase.dll
0x00007fffe2cc0000 - 0x00007fffe2db5000 	C:\WINDOWS\System32\ucrtbase.dll
0x00007fffe2f10000 - 0x00007fffe2f7a000 	C:\WINDOWS\System32\bcryptPrimitives.dll
0x00007fffe37b0000 - 0x00007fffe37de000 	C:\WINDOWS\System32\IMM32.DLL
0x0000000052140000 - 0x0000000052212000 	C:\Program Files\Java\jdk1.8.0_101\jre\bin\msvcr100.dll
0x00000000518a0000 - 0x000000005213a000 	C:\Program Files\Java\jdk1.8.0_101\jre\bin\server\jvm.dll
0x00007fffe58f0000 - 0x00007fffe58f8000 	C:\WINDOWS\System32\PSAPI.DLL
0x00007fffcdb40000 - 0x00007fffcdb49000 	C:\WINDOWS\SYSTEM32\WSOCK32.dll
0x00007fffe4120000 - 0x00007fffe418a000 	C:\WINDOWS\System32\WS2_32.dll
0x00007fffe0070000 - 0x00007fffe0093000 	C:\WINDOWS\SYSTEM32\WINMM.dll
0x00007fffd66b0000 - 0x00007fffd66ba000 	C:\WINDOWS\SYSTEM32\VERSION.dll
0x00007fffe0040000 - 0x00007fffe006b000 	C:\WINDOWS\SYSTEM32\WINMMBASE.dll
0x00007fffe2b60000 - 0x00007fffe2ba2000 	C:\WINDOWS\System32\cfgmgr32.dll
0x0000000051890000 - 0x000000005189f000 	C:\Program Files\Java\jdk1.8.0_101\jre\bin\verify.dll
0x0000000051860000 - 0x0000000051889000 	C:\Program Files\Java\jdk1.8.0_101\jre\bin\java.dll
0x0000000051840000 - 0x0000000051856000 	C:\Program Files\Java\jdk1.8.0_101\jre\bin\zip.dll

VM Arguments:
jvm_args: -Djava.awt.headless=true -Xmx1024M -Dfile.encoding=GBK -Duser.country=CN -Duser.language=zh -Duser.variant 
java_command: com.android.dx.command.Main --dex --force-jumbo --num-threads=4 --multi-dex --output C:\xml\temp\ChatDemoUI3.0\build\intermediates\transforms\dex\debug\folders\1000\5\slice_7 C:\xml\temp\ChatDemoUI3.0\build\intermediates\transforms\instantRunSlicer\debug\folders\1\5\slice_7
java_class_path (initial): D:\Users\lenovoByEOZ\AppData\Local\Android\sdk\build-tools\23.0.1\lib\dx.jar
Launcher Type: SUN_STANDARD

Environment Variables:
PATH=C:\ProgramData\Oracle\Java\javapath;C:\WINDOWS\system32;C:\WINDOWS;C:\WINDOWS\System32\Wbem;C:\WINDOWS\System32\WindowsPowerShell\v1.0\;C:\Program Files\Java\jdk1.8.0_101\bin;C:\Users\lenovoByEOZ\AppData\Local\Microsoft\WindowsApps
USERNAME=lenovoByEOZ
OS=Windows_NT
PROCESSOR_IDENTIFIER=Intel64 Family 6 Model 58 Stepping 9, GenuineIntel



---------------  S Y S T E M  ---------------

OS: Windows 10.0 , 64 bit Build 14393 (10.0.14393.0)

CPU:total 4 (2 cores per cpu, 2 threads per core) family 6 model 58 stepping 9, cmov, cx8, fxsr, mmx, sse, sse2, sse3, ssse3, sse4.1, sse4.2, popcnt, avx, aes, clmul, erms, ht, tsc, tscinvbit, tscinv

Memory: 4k page, physical 8079000k(1363712k free), swap 12273172k(5860k free)

vm_info: Java HotSpot(TM) 64-Bit Server VM (25.101-b13) for windows-amd64 JRE (1.8.0_101-b13), built on Jun 22 2016 01:21:29 by "java_re" with MS VC++ 10.0 (VS2010)

time: Mon Oct 31 11:36:26 2016
elapsed time: 0 seconds (0d 0h 0m 0s)

