#
# There is insufficient memory for the Java Runtime Environment to continue.
# Native memory allocation (malloc) failed to allocate 328816 bytes for Chunk::new
# Possible reasons:
#   The system is out of physical RAM or swap space
#   In 32 bit mode, the process size limit was hit
# Possible solutions:
#   Reduce memory load on the system
#   Increase physical memory or swap space
#   Check if swap backing store is full
#   Use 64 bit Java on a 64 bit OS
#   Decrease Java heap size (-Xmx/-Xms)
#   Decrease number of Java threads
#   Decrease Java thread stack sizes (-Xss)
#   Set larger code cache with -XX:ReservedCodeCacheSize=
# This output file may be truncated or incomplete.
#
#  Out of Memory Error (allocation.cpp:390), pid=11408, tid=0x00000000000028f0
#
# JRE version: Java(TM) SE Runtime Environment (8.0_101-b13) (build 1.8.0_101-b13)
# Java VM: Java HotSpot(TM) 64-Bit Server VM (25.101-b13 mixed mode windows-amd64 compressed oops)
# Failed to write core dump. Minidumps are not enabled by default on client versions of Windows
#

---------------  T H R E A D  ---------------

Current thread (0x000000001569a800):  JavaThread "C2 CompilerThread0" daemon [_thread_in_native, id=10480, stack(0x0000000016c90000,0x0000000016d90000)]

Stack: [0x0000000016c90000,0x0000000016d90000]
[error occurred during error reporting (printing stack bounds), id 0xc0000005]

Native frames: (J=compiled Java code, j=interpreted, Vv=VM code, C=native code)


Current CompileTask:
C2:   1349  745       4       com.android.dx.ssa.SsaBasicBlock::forEachInsn (37 bytes)


---------------  P R O C E S S  ---------------

Java Threads: ( => current thread )
  0x0000000017063000 JavaThread "pool-2-thread-3" [_thread_in_Java, id=15164, stack(0x0000000017890000,0x0000000017990000)]
  0x0000000016f2f000 JavaThread "pool-3-thread-1" [_thread_blocked, id=15016, stack(0x0000000017690000,0x0000000017790000)]
  0x0000000016dea800 JavaThread "Service Thread" daemon [_thread_blocked, id=7772, stack(0x0000000017390000,0x0000000017490000)]
  0x0000000016de7800 JavaThread "C1 CompilerThread2" daemon [_thread_blocked, id=404, stack(0x0000000017290000,0x0000000017390000)]
  0x000000001569d800 JavaThread "C2 CompilerThread1" daemon [_thread_blocked, id=7920, stack(0x0000000017190000,0x0000000017290000)]
=>0x000000001569a800 JavaThread "C2 CompilerThread0" daemon [_thread_in_native, id=10480, stack(0x0000000016c90000,0x0000000016d90000)]
  0x0000000015698800 JavaThread "Attach Listener" daemon [_thread_blocked, id=12792, stack(0x0000000016b90000,0x0000000016c90000)]
  0x000000001564c000 JavaThread "Signal Dispatcher" daemon [_thread_blocked, id=7296, stack(0x0000000016a90000,0x0000000016b90000)]
  0x0000000002f64000 JavaThread "Finalizer" daemon [_thread_blocked, id=14116, stack(0x0000000016890000,0x0000000016990000)]
  0x0000000002f60800 JavaThread "Reference Handler" daemon [_thread_blocked, id=300, stack(0x0000000016790000,0x0000000016890000)]
  0x0000000002e71000 JavaThread "main" [_thread_blocked, id=12932, stack(0x0000000002cd0000,0x0000000002dd0000)]

Other Threads:
  0x0000000015606800 VMThread [stack: 0x0000000016690000,0x0000000016790000] [id=5744]
  0x0000000016e00000 WatcherThread [stack: 0x0000000017490000,0x0000000017590000] [id=4636]

VM state:not at safepoint (normal execution)

VM Mutex/Monitor currently owned by a thread: None

Heap:
 PSYoungGen      total 36864K, used 13968K [0x00000000eab00000, 0x00000000ed400000, 0x0000000100000000)
  eden space 31744K, 44% used [0x00000000eab00000,0x00000000eb8a41a0,0x00000000eca00000)
  from space 5120K, 0% used [0x00000000ecf00000,0x00000000ecf00000,0x00000000ed400000)
  to   space 5120K, 0% used [0x00000000eca00000,0x00000000eca00000,0x00000000ecf00000)
 ParOldGen       total 84992K, used 0K [0x00000000c0000000, 0x00000000c5300000, 0x00000000eab00000)
  object space 84992K, 0% used [0x00000000c0000000,0x00000000c0000000,0x00000000c5300000)
 Metaspace       used 5705K, capacity 6704K, committed 6784K, reserved 1056768K
  class space    used 596K, capacity 616K, committed 640K, reserved 1048576K

Card table byte_map: [0x0000000012330000,0x0000000012540000] byte_map_base: 0x0000000011d30000

Marking Bits: (ParMarkBitMap*) 0x00000000520ba6d0
 Begin Bits: [0x0000000012aa0000, 0x0000000013aa0000)
 End Bits:   [0x0000000013aa0000, 0x0000000014aa0000)

Polling page: 0x00000000028a0000

CodeCache: size=245760Kb used=3323Kb max_used=3323Kb free=242436Kb
 bounds [0x0000000002f70000, 0x00000000032c0000, 0x0000000011f70000]
 total_blobs=1030 nmethods=759 adapters=184
 compilation: enabled

Compilation events (10 events):
Event: 1.325 Thread 0x0000000016de7800  751       3       com.android.dx.ssa.SsaRenamer::access$900 (6 bytes)
Event: 1.326 Thread 0x0000000016de7800 nmethod 751 0x00000000032b00d0 code [0x00000000032b0240, 0x00000000032b0430]
Event: 1.326 Thread 0x0000000016de7800  752       3       com.android.dx.ssa.SsaRenamer::isVersionZeroRegister (14 bytes)
Event: 1.326 Thread 0x0000000016de7800 nmethod 752 0x000000000329b110 code [0x000000000329b260, 0x000000000329b410]
Event: 1.326 Thread 0x0000000016de7800  759       1       com.android.dx.dex.code.RopTranslator::access$500 (5 bytes)
Event: 1.326 Thread 0x0000000016de7800 nmethod 759 0x00000000032b0510 code [0x00000000032b0660, 0x00000000032b0750]
Event: 1.326 Thread 0x0000000016de7800  755       1       com.android.dx.dex.code.Dop::hasResult (5 bytes)
Event: 1.326 Thread 0x0000000016de7800 nmethod 755 0x00000000032b07d0 code [0x00000000032b0920, 0x00000000032b0a30]
Event: 1.326 Thread 0x0000000016de7800  749       1       com.android.dx.rop.code.RopMethod::getFirstLabel (5 bytes)
Event: 1.326 Thread 0x0000000016de7800 nmethod 749 0x00000000032b0a90 code [0x00000000032b0be0, 0x00000000032b0cf0]

GC Heap History (0 events):
No events

Deoptimization events (1 events):
Event: 0.987 Thread 0x0000000017063000 Uncommon trap: reason=unstable_if action=reinterpret pc=0x000000000316cc38 method=java.util.HashMap.getNode(ILjava/lang/Object;)Ljava/util/HashMap$Node; @ 62

Internal exceptions (2 events):
Event: 0.049 Thread 0x0000000002e71000 Exception <a 'java/lang/NoSuchMethodError': Method sun.misc.Unsafe.defineClass(Ljava/lang/String;[BII)Ljava/lang/Class; name or signature does not match> (0x00000000eab07cc0) thrown at [C:\re\workspace\8-2-build-windows-amd64-cygwin\jdk8u101\7261\hotspot\s!I¤?È*©?
Event: 0.049 Thread 0x0000000002e71000 Exception <a 'java/lang/NoSuchMethodError': Method sun.misc.Unsafe.prefetchRead(Ljava/lang/Object;J)V name or signature does not match> (0x00000000eab07fa8) thrown at [C:\re\workspace\8-2-build-windows-amd64-cygwin\jdk8u101\7261\hotspot\src\share\vm\prims\

Events (10 events):
Event: 0.988 loading class java/util/HashMap$Values
Event: 0.988 loading class java/util/HashMap$Values done
Event: 0.988 loading class java/util/HashMap$ValueIterator
Event: 0.988 loading class java/util/HashMap$ValueIterator done
Event: 1.048 loading class java/util/DualPivotQuicksort
Event: 1.048 loading class java/util/DualPivotQuicksort done
Event: 1.057 loading class com/android/dx/dex/file/MethodAnnotationStruct
Event: 1.057 loading class com/android/dx/dex/file/MethodAnnotationStruct done
Event: 1.275 Executing VM operation: ForceSafepoint
Event: 1.275 Executing VM operation: ForceSafepoint done


Dynamic libraries:
0x00007ff7f71b0000 - 0x00007ff7f71e7000 	C:\Program Files\Java\jdk1.8.0_101\bin\java.exe
0x00007fffe5e00000 - 0x00007fffe5fd1000 	C:\WINDOWS\SYSTEM32\ntdll.dll
0x00007fffe5960000 - 0x00007fffe5a0b000 	C:\WINDOWS\System32\KERNEL32.DLL
0x00007fffe2fa0000 - 0x00007fffe31bd000 	C:\WINDOWS\System32\KERNELBASE.dll
0x00007fffe37e0000 - 0x00007fffe3882000 	C:\WINDOWS\System32\ADVAPI32.dll
0x00007fffe56b0000 - 0x00007fffe574e000 	C:\WINDOWS\System32\msvcrt.dll
0x00007fffe5900000 - 0x00007fffe5959000 	C:\WINDOWS\System32\sechost.dll
0x00007fffe3f60000 - 0x00007fffe4081000 	C:\WINDOWS\System32\RPCRT4.dll
0x00007fffe3640000 - 0x00007fffe37a5000 	C:\WINDOWS\System32\USER32.dll
0x00007fffe2f80000 - 0x00007fffe2f9e000 	C:\WINDOWS\System32\win32u.dll
0x00007fffe35a0000 - 0x00007fffe35d4000 	C:\WINDOWS\System32\GDI32.dll
0x00007fffe22f0000 - 0x00007fffe2472000 	C:\WINDOWS\System32\gdi32full.dll
0x00007fffd7030000 - 0x00007fffd72a9000 	C:\WINDOWS\WinSxS\amd64_microsoft.windows.common-controls_6595b64144ccf1df_6.0.14393.0_none_2d0f50fcbdb171b8\COMCTL32.dll
0x00007fffe5a10000 - 0x00007fffe5cd7000 	C:\WINDOWS\System32\combase.dll
0x00007fffe2cc0000 - 0x00007fffe2db5000 	C:\WINDOWS\System32\ucrtbase.dll
0x00007fffe2f10000 - 0x00007fffe2f7a000 	C:\WINDOWS\System32\bcryptPrimitives.dll
0x00007fffe37b0000 - 0x00007fffe37de000 	C:\WINDOWS\System32\IMM32.DLL
0x0000000052140000 - 0x0000000052212000 	C:\Program Files\Java\jdk1.8.0_101\jre\bin\msvcr100.dll
0x00000000518a0000 - 0x000000005213a000 	C:\Program Files\Java\jdk1.8.0_101\jre\bin\server\jvm.dll
0x00007fffe58f0000 - 0x00007fffe58f8000 	C:\WINDOWS\System32\PSAPI.DLL
0x00007fffcdb40000 - 0x00007fffcdb49000 	C:\WINDOWS\SYSTEM32\WSOCK32.dll
0x00007fffe4120000 - 0x00007fffe418a000 	C:\WINDOWS\System32\WS2_32.dll
0x00007fffe0070000 - 0x00007fffe0093000 	C:\WINDOWS\SYSTEM32\WINMM.dll
0x00007fffd66b0000 - 0x00007fffd66ba000 	C:\WINDOWS\SYSTEM32\VERSION.dll
0x00007fffe0040000 - 0x00007fffe006b000 	C:\WINDOWS\SYSTEM32\WINMMBASE.dll
0x00007fffe2b60000 - 0x00007fffe2ba2000 	C:\WINDOWS\System32\cfgmgr32.dll
0x0000000051890000 - 0x000000005189f000 	C:\Program Files\Java\jdk1.8.0_101\jre\bin\verify.dll
0x0000000051860000 - 0x0000000051889000 	C:\Program Files\Java\jdk1.8.0_101\jre\bin\java.dll
0x0000000051840000 - 0x0000000051856000 	C:\Program Files\Java\jdk1.8.0_101\jre\bin\zip.dll
0x00007fffe4190000 - 0x00007fffe5698000 	C:\WINDOWS\System32\SHELL32.dll
0x00007fffe2480000 - 0x00007fffe2b5a000 	C:\WINDOWS\System32\windows.storage.dll
0x00007fffe2270000 - 0x00007fffe22bc000 	C:\WINDOWS\System32\powrprof.dll
0x00007fffe35e0000 - 0x00007fffe3632000 	C:\WINDOWS\System32\shlwapi.dll
0x00007fffe22c0000 - 0x00007fffe22cf000 	C:\WINDOWS\System32\kernel.appcore.dll
0x00007fffe2bb0000 - 0x00007fffe2c59000 	C:\WINDOWS\System32\shcore.dll
0x00007fffe22d0000 - 0x00007fffe22e4000 	C:\WINDOWS\System32\profapi.dll

VM Arguments:
jvm_args: -Djava.awt.headless=true -Xmx1024M -Dfile.encoding=GBK -Duser.country=CN -Duser.language=zh -Duser.variant 
java_command: com.android.dx.command.Main --dex --force-jumbo --num-threads=4 --multi-dex --output C:\xml\temp\ChatDemoUI3.0\build\intermediates\transforms\dex\debug\folders\1000\10\com.android.support-animated-vector-drawable-23.4.0_6ebe648eaa3b4e712d039ac1b985049af2bb022e C:\xml\temp\ChatDemoUI3.0\build\intermediates\exploded-aar\com.android.support\animated-vector-drawable\23.4.0\jars\classes.jar
java_class_path (initial): D:\Users\lenovoByEOZ\AppData\Local\Android\sdk\build-tools\23.0.1\lib\dx.jar
Launcher Type: SUN_STANDARD

Environment Variables:
PATH=C:\ProgramData\Oracle\Java\javapath;C:\WINDOWS\system32;C:\WINDOWS;C:\WINDOWS\System32\Wbem;C:\WINDOWS\System32\WindowsPowerShell\v1.0\;C:\Program Files\Java\jdk1.8.0_101\bin;C:\Users\lenovoByEOZ\AppData\Local\Microsoft\WindowsApps
USERNAME=lenovoByEOZ
OS=Windows_NT
PROCESSOR_IDENTIFIER=Intel64 Family 6 Model 58 Stepping 9, GenuineIntel



---------------  S Y S T E M  ---------------

OS: Windows 10.0 , 64 bit Build 14393 (10.0.14393.0)

CPU:total 4 (2 cores per cpu, 2 threads per core) family 6 model 58 stepping 9, cmov, cx8, fxsr, mmx, sse, sse2, sse3, ssse3, sse4.1, sse4.2, popcnt, avx, aes, clmul, erms, ht, tsc, tscinvbit, tscinv

Memory: 4k page, physical 8079000k(1527572k free), swap 12273172k(4636k free)

vm_info: Java HotSpot(TM) 64-Bit Server VM (25.101-b13) for windows-amd64 JRE (1.8.0_101-b13), built on Jun 22 2016 01:21:29 by "java_re" with MS VC++ 10.0 (VS2010)

time: Mon Oct 31 13:59:42 2016
elapsed time: 1 seconds (0d 0h 0m 1s)

