#
# There is insufficient memory for the Java Runtime Environment to continue.
# Native memory allocation (malloc) failed to allocate 32784 bytes for Chunk::new
# Possible reasons:
#   The system is out of physical RAM or swap space
#   In 32 bit mode, the process size limit was hit
# Possible solutions:
#   Reduce memory load on the system
#   Increase physical memory or swap space
#   Check if swap backing store is full
#   Use 64 bit Java on a 64 bit OS
#   Decrease Java heap size (-Xmx/-Xms)
#   Decrease number of Java threads
#   Decrease Java thread stack sizes (-Xss)
#   Set larger code cache with -XX:ReservedCodeCacheSize=
# This output file may be truncated or incomplete.
#
#  Out of Memory Error (allocation.cpp:390), pid=5000, tid=0x000000000000179c
#
# JRE version: Java(TM) SE Runtime Environment (8.0_101-b13) (build 1.8.0_101-b13)
# Java VM: Java HotSpot(TM) 64-Bit Server VM (25.101-b13 mixed mode windows-amd64 compressed oops)
# Failed to write core dump. Minidumps are not enabled by default on client versions of Windows
#

---------------  T H R E A D  ---------------

Current thread (0x0000000014f5b800):  JavaThread "C2 CompilerThread0" daemon [_thread_in_native, id=6044, stack(0x0000000016470000,0x0000000016570000)]

Stack: [0x0000000016470000,0x0000000016570000]
[error occurred during error reporting (printing stack bounds), id 0xc0000005]

Native frames: (J=compiled Java code, j=interpreted, Vv=VM code, C=native code)


Current CompileTask:
C2:   1282 1157   !   4       com.android.dx.cf.cst.ConstantPoolParser::parse0 (731 bytes)


---------------  P R O C E S S  ---------------

Java Threads: ( => current thread )
  0x0000000016748800 JavaThread "pool-2-thread-4" [_thread_in_vm, id=12412, stack(0x0000000017170000,0x0000000017270000)]
  0x000000001672e800 JavaThread "pool-2-thread-3" [_thread_blocked, id=2400, stack(0x0000000017070000,0x0000000017170000)]
  0x000000001672b800 JavaThread "pool-2-thread-2" [_thread_blocked, id=7828, stack(0x0000000016f70000,0x0000000017070000)]
  0x000000001670d000 JavaThread "pool-3-thread-1" [_thread_blocked, id=9532, stack(0x0000000016e70000,0x0000000016f70000)]
  0x000000001670c000 JavaThread "pool-2-thread-1" [_thread_in_Java, id=8976, stack(0x0000000016d70000,0x0000000016e70000)]
  0x00000000165f2000 JavaThread "Service Thread" daemon [_thread_blocked, id=8504, stack(0x0000000016b70000,0x0000000016c70000)]
  0x00000000165c3800 JavaThread "C1 CompilerThread2" daemon [_thread_in_native, id=6280, stack(0x0000000016a70000,0x0000000016b70000)]
  0x0000000014f5e000 JavaThread "C2 CompilerThread1" daemon [_thread_in_native, id=7592, stack(0x0000000016970000,0x0000000016a70000)]
=>0x0000000014f5b800 JavaThread "C2 CompilerThread0" daemon [_thread_in_native, id=6044, stack(0x0000000016470000,0x0000000016570000)]
  0x0000000014f0d000 JavaThread "Attach Listener" daemon [_thread_blocked, id=14096, stack(0x0000000016370000,0x0000000016470000)]
  0x0000000014f59800 JavaThread "Signal Dispatcher" daemon [_thread_blocked, id=14496, stack(0x0000000016270000,0x0000000016370000)]
  0x0000000014eea000 JavaThread "Finalizer" daemon [_thread_blocked, id=7736, stack(0x0000000016170000,0x0000000016270000)]
  0x000000000273f000 JavaThread "Reference Handler" daemon [_thread_blocked, id=13824, stack(0x0000000016070000,0x0000000016170000)]
  0x0000000002651000 JavaThread "main" [_thread_in_Java, id=4640, stack(0x0000000000a90000,0x0000000000b90000)]

Other Threads:
  0x0000000014ec7800 VMThread [stack: 0x0000000015f70000,0x0000000016070000] [id=12292]
  0x000000001663e800 WatcherThread [stack: 0x0000000016c70000,0x0000000016d70000] [id=11320]

VM state:not at safepoint (normal execution)

VM Mutex/Monitor currently owned by a thread: None

Heap:
 PSYoungGen      total 36864K, used 22229K [0x00000000eab00000, 0x00000000ed400000, 0x0000000100000000)
  eden space 31744K, 53% used [0x00000000eab00000,0x00000000ebbb97b8,0x00000000eca00000)
  from space 5120K, 99% used [0x00000000eca00000,0x00000000ecefbe68,0x00000000ecf00000)
  to   space 5120K, 0% used [0x00000000ecf00000,0x00000000ecf00000,0x00000000ed400000)
 ParOldGen       total 84992K, used 1738K [0x00000000c0000000, 0x00000000c5300000, 0x00000000eab00000)
  object space 84992K, 2% used [0x00000000c0000000,0x00000000c01b2bf0,0x00000000c5300000)
 Metaspace       used 5760K, capacity 6896K, committed 7040K, reserved 1056768K
  class space    used 578K, capacity 616K, committed 640K, reserved 1048576K

Card table byte_map: [0x0000000011bf0000,0x0000000011e00000] byte_map_base: 0x00000000115f0000

Marking Bits: (ParMarkBitMap*) 0x00000000520ba6d0
 Begin Bits: [0x0000000012360000, 0x0000000013360000)
 End Bits:   [0x0000000013360000, 0x0000000014360000)

Polling page: 0x0000000000b90000

CodeCache: size=245760Kb used=4818Kb max_used=4818Kb free=240941Kb
 bounds [0x0000000002830000, 0x0000000002cf0000, 0x0000000011830000]
 total_blobs=1475 nmethods=1211 adapters=177
 compilation: enabled

Compilation events (10 events):
Event: 1.274 Thread 0x00000000165c3800 1220       2       com.android.dx.ssa.back.SsaToRop::removePhiFunctions (83 bytes)
Event: 1.275 Thread 0x00000000165c3800 nmethod 1220 0x0000000002ce5590 code [0x0000000002ce57a0, 0x0000000002ce5e48]
Event: 1.275 Thread 0x00000000165c3800 1221       2       com.android.dx.dex.file.OffsettedItem::<init> (44 bytes)
Event: 1.275 Thread 0x00000000165c3800 nmethod 1221 0x0000000002ce64d0 code [0x0000000002ce6660, 0x0000000002ce6958]
Event: 1.275 Thread 0x00000000165c3800 1223       2       com.android.dx.cf.code.BytecodeArray::processWorkSet (50 bytes)
Event: 1.276 Thread 0x00000000165c3800 nmethod 1223 0x0000000002ce6ad0 code [0x0000000002ce6c60, 0x0000000002ce6f98]
Event: 1.276 Thread 0x00000000165c3800 1224       2       com.android.dx.ssa.SsaConverter::edgeSplitPredecessors (44 bytes)
Event: 1.276 Thread 0x00000000165c3800 nmethod 1224 0x0000000002ce71d0 code [0x0000000002ce7380, 0x0000000002ce7728]
Event: 1.276 Thread 0x00000000165c3800 1222       1       com.android.dx.rop.annotation.NameValuePair::getName (5 bytes)
Event: 1.276 Thread 0x00000000165c3800 nmethod 1222 0x0000000002ce7bd0 code [0x0000000002ce7d20, 0x0000000002ce7e30]

GC Heap History (2 events):
Event: 1.053 GC heap before
{Heap before GC invocations=1 (full 0):
 PSYoungGen      total 36864K, used 31744K [0x00000000eab00000, 0x00000000ed400000, 0x0000000100000000)
  eden space 31744K, 100% used [0x00000000eab00000,0x00000000eca00000,0x00000000eca00000)
  from space 5120K, 0% used [0x00000000ecf00000,0x00000000ecf00000,0x00000000ed400000)
  to   space 5120K, 0% used [0x00000000eca00000,0x00000000eca00000,0x00000000ecf00000)
 ParOldGen       total 84992K, used 0K [0x00000000c0000000, 0x00000000c5300000, 0x00000000eab00000)
  object space 84992K, 0% used [0x00000000c0000000,0x00000000c0000000,0x00000000c5300000)
 Metaspace       used 5668K, capacity 6832K, committed 7040K, reserved 1056768K
  class space    used 577K, capacity 616K, committed 640K, reserved 1048576K
Event: 1.067 GC heap after
Heap after GC invocations=1 (full 0):
 PSYoungGen      total 36864K, used 5103K [0x00000000eab00000, 0x00000000ed400000, 0x0000000100000000)
  eden space 31744K, 0% used [0x00000000eab00000,0x00000000eab00000,0x00000000eca00000)
  from space 5120K, 99% used [0x00000000eca00000,0x00000000ecefbe68,0x00000000ecf00000)
  to   space 5120K, 0% used [0x00000000ecf00000,0x00000000ecf00000,0x00000000ed400000)
 ParOldGen       total 84992K, used 1738K [0x00000000c0000000, 0x00000000c5300000, 0x00000000eab00000)
  object space 84992K, 2% used [0x00000000c0000000,0x00000000c01b2bf0,0x00000000c5300000)
 Metaspace       used 5668K, capacity 6832K, committed 7040K, reserved 1056768K
  class space    used 577K, capacity 616K, committed 640K, reserved 1048576K
}

Deoptimization events (10 events):
Event: 0.788 Thread 0x0000000002651000 Uncommon trap: reason=unstable_if action=reinterpret pc=0x0000000002a9ba38 method=java.util.BitSet.ensureCapacity(I)V @ 6
Event: 0.791 Thread 0x0000000002651000 Uncommon trap: reason=unstable_if action=reinterpret pc=0x0000000002add388 method=com.android.dx.rop.code.RegisterSpec.equals(ILcom/android/dx/rop/type/TypeBearer;Lcom/android/dx/rop/code/LocalItem;)Z @ 16
Event: 0.792 Thread 0x0000000002651000 Uncommon trap: reason=class_check action=maybe_recompile pc=0x0000000002b4c5b0 method=com.android.dx.rop.type.Type.equals(Ljava/lang/Object;)Z @ 8
Event: 0.906 Thread 0x000000001672b800 Uncommon trap: reason=class_check action=maybe_recompile pc=0x0000000002b4c5b0 method=com.android.dx.rop.type.Type.equals(Ljava/lang/Object;)Z @ 8
Event: 0.910 Thread 0x000000001672b800 Uncommon trap: reason=class_check action=maybe_recompile pc=0x0000000002b4c5b0 method=com.android.dx.rop.type.Type.equals(Ljava/lang/Object;)Z @ 8
Event: 0.953 Thread 0x0000000002651000 Uncommon trap: reason=class_check action=maybe_recompile pc=0x0000000002b5c170 method=com.android.dx.ssa.NormalSsaInsn.accept(Lcom/android/dx/ssa/SsaInsn$Visitor;)V @ 9
Event: 0.958 Thread 0x000000001672b800 Uncommon trap: reason=class_check action=maybe_recompile pc=0x0000000002b5c170 method=com.android.dx.ssa.NormalSsaInsn.accept(Lcom/android/dx/ssa/SsaInsn$Visitor;)V @ 9
Event: 1.108 Thread 0x0000000016748800 Uncommon trap: reason=class_check action=maybe_recompile pc=0x0000000002b5c170 method=com.android.dx.ssa.NormalSsaInsn.accept(Lcom/android/dx/ssa/SsaInsn$Visitor;)V @ 9
Event: 1.108 Thread 0x0000000016748800 Uncommon trap: reason=class_check action=maybe_recompile pc=0x0000000002b5c170 method=com.android.dx.ssa.NormalSsaInsn.accept(Lcom/android/dx/ssa/SsaInsn$Visitor;)V @ 9
Event: 1.182 Thread 0x000000001672b800 Uncommon trap: reason=unstable_if action=reinterpret pc=0x0000000002b7b000 method=com.android.dx.rop.code.RegisterSpecSet.put(Lcom/android/dx/rop/code/RegisterSpec;)V @ 77

Internal exceptions (2 events):
Event: 0.047 Thread 0x0000000002651000 Exception <a 'java/lang/NoSuchMethodError': Method sun.misc.Unsafe.defineClass(Ljava/lang/String;[BII)Ljava/lang/Class; name or signature does not match> (0x00000000eab07cc0) thrown at [C:\re\workspace\8-2-build-windows-amd64-cygwin\jdk8u101\7261\hotspot\s‹Í.ÉR®?
Event: 0.048 Thread 0x0000000002651000 Exception <a 'java/lang/NoSuchMethodError': Method sun.misc.Unsafe.prefetchRead(Ljava/lang/Object;J)V name or signature does not match> (0x00000000eab07fa8) thrown at [C:\re\workspace\8-2-build-windows-amd64-cygwin\jdk8u101\7261\hotspot\src\share\vm\prims\

Events (10 events):
Event: 1.108 Thread 0x0000000016748800 DEOPT UNPACKING pc=0x000000000287582a sp=0x000000001726ec50 mode 2
Event: 1.127 loading class com/android/dx/cf/direct/AnnotationParser
Event: 1.127 loading class com/android/dx/cf/direct/AnnotationParser done
Event: 1.129 loading class com/android/dx/cf/attrib/AttRuntimeInvisibleAnnotations
Event: 1.129 loading class com/android/dx/cf/attrib/AttRuntimeInvisibleAnnotations done
Event: 1.129 loading class com/android/dx/cf/attrib/BaseAnnotations
Event: 1.129 loading class com/android/dx/cf/attrib/BaseAnnotations done
Event: 1.182 Thread 0x000000001672b800 Uncommon trap: trap_request=0xffffff65 fr.pc=0x0000000002b7b000
Event: 1.182 Thread 0x000000001672b800 DEOPT PACKING pc=0x0000000002b7b000 sp=0x000000001706e8f0
Event: 1.182 Thread 0x000000001672b800 DEOPT UNPACKING pc=0x000000000287582a sp=0x000000001706e810 mode 2


Dynamic libraries:
0x00007ff7f71b0000 - 0x00007ff7f71e7000 	C:\Program Files\Java\jdk1.8.0_101\bin\java.exe
0x00007fffe5e00000 - 0x00007fffe5fd1000 	C:\WINDOWS\SYSTEM32\ntdll.dll
0x00007fffe5960000 - 0x00007fffe5a0b000 	C:\WINDOWS\System32\KERNEL32.DLL
0x00007fffe2fa0000 - 0x00007fffe31bd000 	C:\WINDOWS\System32\KERNELBASE.dll
0x00007fffe37e0000 - 0x00007fffe3882000 	C:\WINDOWS\System32\ADVAPI32.dll
0x00007fffe56b0000 - 0x00007fffe574e000 	C:\WINDOWS\System32\msvcrt.dll
0x00007fffe5900000 - 0x00007fffe5959000 	C:\WINDOWS\System32\sechost.dll
0x00007fffe3f60000 - 0x00007fffe4081000 	C:\WINDOWS\System32\RPCRT4.dll
0x00007fffe3640000 - 0x00007fffe37a5000 	C:\WINDOWS\System32\USER32.dll
0x00007fffe2f80000 - 0x00007fffe2f9e000 	C:\WINDOWS\System32\win32u.dll
0x00007fffe35a0000 - 0x00007fffe35d4000 	C:\WINDOWS\System32\GDI32.dll
0x00007fffe22f0000 - 0x00007fffe2472000 	C:\WINDOWS\System32\gdi32full.dll
0x00007fffd7030000 - 0x00007fffd72a9000 	C:\WINDOWS\WinSxS\amd64_microsoft.windows.common-controls_6595b64144ccf1df_6.0.14393.0_none_2d0f50fcbdb171b8\COMCTL32.dll
0x00007fffe5a10000 - 0x00007fffe5cd7000 	C:\WINDOWS\System32\combase.dll
0x00007fffe2cc0000 - 0x00007fffe2db5000 	C:\WINDOWS\System32\ucrtbase.dll
0x00007fffe2f10000 - 0x00007fffe2f7a000 	C:\WINDOWS\System32\bcryptPrimitives.dll
0x00007fffe37b0000 - 0x00007fffe37de000 	C:\WINDOWS\System32\IMM32.DLL
0x0000000052140000 - 0x0000000052212000 	C:\Program Files\Java\jdk1.8.0_101\jre\bin\msvcr100.dll
0x00000000518a0000 - 0x000000005213a000 	C:\Program Files\Java\jdk1.8.0_101\jre\bin\server\jvm.dll
0x00007fffe58f0000 - 0x00007fffe58f8000 	C:\WINDOWS\System32\PSAPI.DLL
0x00007fffcdb40000 - 0x00007fffcdb49000 	C:\WINDOWS\SYSTEM32\WSOCK32.dll
0x00007fffe0070000 - 0x00007fffe0093000 	C:\WINDOWS\SYSTEM32\WINMM.dll
0x00007fffe4120000 - 0x00007fffe418a000 	C:\WINDOWS\System32\WS2_32.dll
0x00007fffd66b0000 - 0x00007fffd66ba000 	C:\WINDOWS\SYSTEM32\VERSION.dll
0x00007fffe0040000 - 0x00007fffe006b000 	C:\WINDOWS\SYSTEM32\WINMMBASE.dll
0x00007fffe2b60000 - 0x00007fffe2ba2000 	C:\WINDOWS\System32\cfgmgr32.dll
0x0000000051890000 - 0x000000005189f000 	C:\Program Files\Java\jdk1.8.0_101\jre\bin\verify.dll
0x0000000051860000 - 0x0000000051889000 	C:\Program Files\Java\jdk1.8.0_101\jre\bin\java.dll
0x0000000051840000 - 0x0000000051856000 	C:\Program Files\Java\jdk1.8.0_101\jre\bin\zip.dll
0x00007fffe4190000 - 0x00007fffe5698000 	C:\WINDOWS\System32\SHELL32.dll
0x00007fffe2480000 - 0x00007fffe2b5a000 	C:\WINDOWS\System32\windows.storage.dll
0x00007fffe2270000 - 0x00007fffe22bc000 	C:\WINDOWS\System32\powrprof.dll
0x00007fffe35e0000 - 0x00007fffe3632000 	C:\WINDOWS\System32\shlwapi.dll
0x00007fffe22c0000 - 0x00007fffe22cf000 	C:\WINDOWS\System32\kernel.appcore.dll
0x00007fffe2bb0000 - 0x00007fffe2c59000 	C:\WINDOWS\System32\shcore.dll
0x00007fffe22d0000 - 0x00007fffe22e4000 	C:\WINDOWS\System32\profapi.dll

VM Arguments:
jvm_args: -Djava.awt.headless=true -Xmx1024M -Dfile.encoding=GBK -Duser.country=CN -Duser.language=zh -Duser.variant 
java_command: com.android.dx.command.Main --dex --force-jumbo --num-threads=4 --multi-dex --output C:\xml\temp\ChatDemoUI3.0\build\intermediates\transforms\dex\debug\folders\1000\5\slice_9 C:\xml\temp\ChatDemoUI3.0\build\intermediates\transforms\instantRunSlicer\debug\folders\1\5\slice_9
java_class_path (initial): D:\Users\lenovoByEOZ\AppData\Local\Android\sdk\build-tools\23.0.1\lib\dx.jar
Launcher Type: SUN_STANDARD

Environment Variables:
PATH=C:\ProgramData\Oracle\Java\javapath;C:\WINDOWS\system32;C:\WINDOWS;C:\WINDOWS\System32\Wbem;C:\WINDOWS\System32\WindowsPowerShell\v1.0\;C:\Program Files\Java\jdk1.8.0_101\bin;C:\Users\lenovoByEOZ\AppData\Local\Microsoft\WindowsApps
USERNAME=lenovoByEOZ
OS=Windows_NT
PROCESSOR_IDENTIFIER=Intel64 Family 6 Model 58 Stepping 9, GenuineIntel



---------------  S Y S T E M  ---------------

OS: Windows 10.0 , 64 bit Build 14393 (10.0.14393.0)

CPU:total 4 (2 cores per cpu, 2 threads per core) family 6 model 58 stepping 9, cmov, cx8, fxsr, mmx, sse, sse2, sse3, ssse3, sse4.1, sse4.2, popcnt, avx, aes, clmul, erms, ht, tsc, tscinvbit, tscinv

Memory: 4k page, physical 8079000k(1515980k free), swap 12273172k(4100k free)

vm_info: Java HotSpot(TM) 64-Bit Server VM (25.101-b13) for windows-amd64 JRE (1.8.0_101-b13), built on Jun 22 2016 01:21:29 by "java_re" with MS VC++ 10.0 (VS2010)

time: Mon Oct 31 13:59:53 2016
elapsed time: 1 seconds (0d 0h 0m 1s)

