#
# There is insufficient memory for the Java Runtime Environment to continue.
# Native memory allocation (malloc) failed to allocate 32744 bytes for ChunkPool::allocate
# Possible reasons:
#   The system is out of physical RAM or swap space
#   In 32 bit mode, the process size limit was hit
# Possible solutions:
#   Reduce memory load on the system
#   Increase physical memory or swap space
#   Check if swap backing store is full
#   Use 64 bit Java on a 64 bit OS
#   Decrease Java heap size (-Xmx/-Xms)
#   Decrease number of Java threads
#   Decrease Java thread stack sizes (-Xss)
#   Set larger code cache with -XX:ReservedCodeCacheSize=
# This output file may be truncated or incomplete.
#
#  Out of Memory Error (allocation.cpp:273), pid=5176, tid=0x0000000000002014
#
# JRE version: Java(TM) SE Runtime Environment (8.0_101-b13) (build 1.8.0_101-b13)
# Java VM: Java HotSpot(TM) 64-Bit Server VM (25.101-b13 mixed mode windows-amd64 compressed oops)
# Failed to write core dump. Minidumps are not enabled by default on client versions of Windows
#

---------------  T H R E A D  ---------------

Current thread (0x0000000014f8a800):  JavaThread "C2 CompilerThread0" daemon [_thread_in_native, id=8212, stack(0x0000000016480000,0x0000000016580000)]

Stack: [0x0000000016480000,0x0000000016580000]
[error occurred during error reporting (printing stack bounds), id 0xc0000005]

Native frames: (J=compiled Java code, j=interpreted, Vv=VM code, C=native code)


Current CompileTask:
C2:   3456 1785       4       com.android.dx.dex.code.OutputFinisher::addConstants (93 bytes)


---------------  P R O C E S S  ---------------

Java Threads: ( => current thread )
  0x0000000016840800 JavaThread "pool-1-thread-1" [_thread_in_Java, id=11728, stack(0x0000000018a50000,0x0000000018b50000)]
  0x00000000165da800 JavaThread "Service Thread" daemon [_thread_blocked, id=7748, stack(0x0000000016b80000,0x0000000016c80000)]
  0x00000000165d7000 JavaThread "C1 CompilerThread2" daemon [_thread_blocked, id=14296, stack(0x0000000016a80000,0x0000000016b80000)]
  0x00000000165d4800 JavaThread "C2 CompilerThread1" daemon [_thread_in_native, id=10520, stack(0x0000000016980000,0x0000000016a80000)]
=>0x0000000014f8a800 JavaThread "C2 CompilerThread0" daemon [_thread_in_native, id=8212, stack(0x0000000016480000,0x0000000016580000)]
  0x0000000014f88800 JavaThread "Attach Listener" daemon [_thread_blocked, id=3420, stack(0x0000000016380000,0x0000000016480000)]
  0x0000000014f3c000 JavaThread "Signal Dispatcher" daemon [_thread_blocked, id=11740, stack(0x0000000016280000,0x0000000016380000)]
  0x0000000014f1a000 JavaThread "Finalizer" daemon [_thread_blocked, id=6948, stack(0x0000000016180000,0x0000000016280000)]
  0x0000000014ef8800 JavaThread "Reference Handler" daemon [_thread_blocked, id=14004, stack(0x0000000016080000,0x0000000016180000)]
  0x0000000002761000 JavaThread "main" [_thread_blocked, id=11544, stack(0x0000000000a70000,0x0000000000b70000)]

Other Threads:
  0x0000000014ef6800 VMThread [stack: 0x0000000015f80000,0x0000000016080000] [id=11608]
  0x00000000165e1000 WatcherThread [stack: 0x0000000016c80000,0x0000000016d80000] [id=8016]

VM state:not at safepoint (normal execution)

VM Mutex/Monitor currently owned by a thread: None

Heap:
 PSYoungGen      total 36864K, used 29598K [0x00000000eab00000, 0x00000000ed400000, 0x0000000100000000)
  eden space 31744K, 77% used [0x00000000eab00000,0x00000000ec2eba18,0x00000000eca00000)
  from space 5120K, 99% used [0x00000000eca00000,0x00000000ecefc010,0x00000000ecf00000)
  to   space 5120K, 0% used [0x00000000ecf00000,0x00000000ecf00000,0x00000000ed400000)
 ParOldGen       total 84992K, used 11245K [0x00000000c0000000, 0x00000000c5300000, 0x00000000eab00000)
  object space 84992K, 13% used [0x00000000c0000000,0x00000000c0afb5a0,0x00000000c5300000)
 Metaspace       used 6169K, capacity 7152K, committed 7296K, reserved 1056768K
  class space    used 585K, capacity 616K, committed 640K, reserved 1048576K

Card table byte_map: [0x0000000011c20000,0x0000000011e30000] byte_map_base: 0x0000000011620000

Marking Bits: (ParMarkBitMap*) 0x00000000520ba6d0
 Begin Bits: [0x0000000012390000, 0x0000000013390000)
 End Bits:   [0x0000000013390000, 0x0000000014390000)

Polling page: 0x00000000007d0000

CodeCache: size=245760Kb used=7346Kb max_used=7346Kb free=238413Kb
 bounds [0x0000000002860000, 0x0000000002fa0000, 0x0000000011860000]
 total_blobs=2067 nmethods=1801 adapters=178
 compilation: enabled

Compilation events (10 events):
Event: 3.421 Thread 0x00000000165d7000 1815  s    3       com.android.dx.dex.file.ProtoIdsSection::intern (55 bytes)
Event: 3.422 Thread 0x00000000165d7000 nmethod 1815 0x0000000002f87350 code [0x0000000002f87540, 0x0000000002f87e48]
Event: 3.443 Thread 0x00000000165d7000 1816       3       com.android.dx.dex.file.TypeListItem::<init> (21 bytes)
Event: 3.444 Thread 0x00000000165d7000 nmethod 1816 0x0000000002f86e50 code [0x0000000002f86fc0, 0x0000000002f87258]
Event: 3.445 Thread 0x00000000165d7000 1817       3       java.lang.StringBuilder::<init> (6 bytes)
Event: 3.445 Thread 0x00000000165d7000 nmethod 1817 0x0000000002f86910 code [0x0000000002f86a80, 0x0000000002f86d30]
Event: 3.445 Thread 0x00000000165d7000 1818       3       com.android.dx.dex.file.ProtoIdItem::makeShortForm (74 bytes)
Event: 3.447 Thread 0x00000000165d7000 nmethod 1818 0x0000000002f90bd0 code [0x0000000002f90e80, 0x0000000002f92668]
Event: 3.448 Thread 0x00000000165d7000 1819       3       com.android.dx.dex.file.ProtoIdItem::<init> (60 bytes)
Event: 3.448 Thread 0x00000000165d7000 nmethod 1819 0x0000000002f93490 code [0x0000000002f93660, 0x0000000002f93e68]

GC Heap History (6 events):
Event: 2.163 GC heap before
{Heap before GC invocations=1 (full 0):
 PSYoungGen      total 36864K, used 31744K [0x00000000eab00000, 0x00000000ed400000, 0x0000000100000000)
  eden space 31744K, 100% used [0x00000000eab00000,0x00000000eca00000,0x00000000eca00000)
  from space 5120K, 0% used [0x00000000ecf00000,0x00000000ecf00000,0x00000000ed400000)
  to   space 5120K, 0% used [0x00000000eca00000,0x00000000eca00000,0x00000000ecf00000)
 ParOldGen       total 84992K, used 0K [0x00000000c0000000, 0x00000000c5300000, 0x00000000eab00000)
  object space 84992K, 0% used [0x00000000c0000000,0x00000000c0000000,0x00000000c5300000)
 Metaspace       used 5805K, capacity 6960K, committed 7040K, reserved 1056768K
  class space    used 573K, capacity 616K, committed 640K, reserved 1048576K
Event: 2.172 GC heap after
Heap after GC invocations=1 (full 0):
 PSYoungGen      total 36864K, used 5119K [0x00000000eab00000, 0x00000000ed400000, 0x0000000100000000)
  eden space 31744K, 0% used [0x00000000eab00000,0x00000000eab00000,0x00000000eca00000)
  from space 5120K, 99% used [0x00000000eca00000,0x00000000ecefffb0,0x00000000ecf00000)
  to   space 5120K, 0% used [0x00000000ecf00000,0x00000000ecf00000,0x00000000ed400000)
 ParOldGen       total 84992K, used 1425K [0x00000000c0000000, 0x00000000c5300000, 0x00000000eab00000)
  object space 84992K, 1% used [0x00000000c0000000,0x00000000c0164728,0x00000000c5300000)
 Metaspace       used 5805K, capacity 6960K, committed 7040K, reserved 1056768K
  class space    used 573K, capacity 616K, committed 640K, reserved 1048576K
}
Event: 2.645 GC heap before
{Heap before GC invocations=2 (full 0):
 PSYoungGen      total 36864K, used 36863K [0x00000000eab00000, 0x00000000ed400000, 0x0000000100000000)
  eden space 31744K, 100% used [0x00000000eab00000,0x00000000eca00000,0x00000000eca00000)
  from space 5120K, 99% used [0x00000000eca00000,0x00000000ecefffb0,0x00000000ecf00000)
  to   space 5120K, 0% used [0x00000000ecf00000,0x00000000ecf00000,0x00000000ed400000)
 ParOldGen       total 84992K, used 1425K [0x00000000c0000000, 0x00000000c5300000, 0x00000000eab00000)
  object space 84992K, 1% used [0x00000000c0000000,0x00000000c0164728,0x00000000c5300000)
 Metaspace       used 5961K, capacity 7024K, committed 7296K, reserved 1056768K
  class space    used 576K, capacity 616K, committed 640K, reserved 1048576K
Event: 2.660 GC heap after
Heap after GC invocations=2 (full 0):
 PSYoungGen      total 36864K, used 5103K [0x00000000eab00000, 0x00000000ed400000, 0x0000000100000000)
  eden space 31744K, 0% used [0x00000000eab00000,0x00000000eab00000,0x00000000eca00000)
  from space 5120K, 99% used [0x00000000ecf00000,0x00000000ed3fbc98,0x00000000ed400000)
  to   space 5120K, 0% used [0x00000000eca00000,0x00000000eca00000,0x00000000ecf00000)
 ParOldGen       total 84992K, used 6217K [0x00000000c0000000, 0x00000000c5300000, 0x00000000eab00000)
  object space 84992K, 7% used [0x00000000c0000000,0x00000000c0612728,0x00000000c5300000)
 Metaspace       used 5961K, capacity 7024K, committed 7296K, reserved 1056768K
  class space    used 576K, capacity 616K, committed 640K, reserved 1048576K
}
Event: 2.918 GC heap before
{Heap before GC invocations=3 (full 0):
 PSYoungGen      total 36864K, used 36847K [0x00000000eab00000, 0x00000000ed400000, 0x0000000100000000)
  eden space 31744K, 100% used [0x00000000eab00000,0x00000000eca00000,0x00000000eca00000)
  from space 5120K, 99% used [0x00000000ecf00000,0x00000000ed3fbc98,0x00000000ed400000)
  to   space 5120K, 0% used [0x00000000eca00000,0x00000000eca00000,0x00000000ecf00000)
 ParOldGen       total 84992K, used 6217K [0x00000000c0000000, 0x00000000c5300000, 0x00000000eab00000)
  object space 84992K, 7% used [0x00000000c0000000,0x00000000c0612728,0x00000000c5300000)
 Metaspace       used 6002K, capacity 7088K, committed 7296K, reserved 1056768K
  class space    used 576K, capacity 616K, committed 640K, reserved 1048576K
Event: 2.967 GC heap after
Heap after GC invocations=3 (full 0):
 PSYoungGen      total 36864K, used 5104K [0x00000000eab00000, 0x00000000ed400000, 0x0000000100000000)
  eden space 31744K, 0% used [0x00000000eab00000,0x00000000eab00000,0x00000000eca00000)
  from space 5120K, 99% used [0x00000000eca00000,0x00000000ecefc010,0x00000000ecf00000)
  to   space 5120K, 0% used [0x00000000ecf00000,0x00000000ecf00000,0x00000000ed400000)
 ParOldGen       total 84992K, used 11245K [0x00000000c0000000, 0x00000000c5300000, 0x00000000eab00000)
  object space 84992K, 13% used [0x00000000c0000000,0x00000000c0afb5a0,0x00000000c5300000)
 Metaspace       used 6002K, capacity 7088K, committed 7296K, reserved 1056768K
  class space    used 576K, capacity 616K, committed 640K, reserved 1048576K
}

Deoptimization events (10 events):
Event: 3.231 Thread 0x0000000016840800 Uncommon trap: reason=class_check action=maybe_recompile pc=0x0000000002c81d18 method=java.util.Arrays.hashCode([Ljava/lang/Object;)I @ 43
Event: 3.231 Thread 0x0000000016840800 Uncommon trap: reason=class_check action=maybe_recompile pc=0x0000000002c81d18 method=java.util.Arrays.hashCode([Ljava/lang/Object;)I @ 43
Event: 3.232 Thread 0x0000000016840800 Uncommon trap: reason=class_check action=maybe_recompile pc=0x0000000002c81d18 method=java.util.Arrays.hashCode([Ljava/lang/Object;)I @ 43
Event: 3.232 Thread 0x0000000016840800 Uncommon trap: reason=class_check action=maybe_recompile pc=0x0000000002c81d18 method=java.util.Arrays.hashCode([Ljava/lang/Object;)I @ 43
Event: 3.232 Thread 0x0000000016840800 Uncommon trap: reason=class_check action=maybe_recompile pc=0x0000000002c1b278 method=java.util.Arrays.hashCode([Ljava/lang/Object;)I @ 43
Event: 3.238 Thread 0x0000000016840800 Uncommon trap: reason=bimorphic action=maybe_recompile pc=0x0000000002ebaefc method=java.util.HashMap.getNode(ILjava/lang/Object;)Ljava/util/HashMap$Node; @ 126
Event: 3.238 Thread 0x0000000016840800 Uncommon trap: reason=bimorphic action=maybe_recompile pc=0x0000000002ebaefc method=java.util.HashMap.getNode(ILjava/lang/Object;)Ljava/util/HashMap$Node; @ 126
Event: 3.238 Thread 0x0000000016840800 Uncommon trap: reason=bimorphic action=maybe_recompile pc=0x0000000002ebaefc method=java.util.HashMap.getNode(ILjava/lang/Object;)Ljava/util/HashMap$Node; @ 126
Event: 3.241 Thread 0x0000000016840800 Uncommon trap: reason=bimorphic action=maybe_recompile pc=0x0000000002ebaefc method=java.util.HashMap.getNode(ILjava/lang/Object;)Ljava/util/HashMap$Node; @ 126
Event: 3.241 Thread 0x0000000016840800 Uncommon trap: reason=bimorphic action=maybe_recompile pc=0x0000000002eb4a34 method=java.util.HashMap.getNode(ILjava/lang/Object;)Ljava/util/HashMap$Node; @ 126

Internal exceptions (2 events):
Event: 0.132 Thread 0x0000000002761000 Exception <a 'java/lang/NoSuchMethodError': Method sun.misc.Unsafe.defineClass(Ljava/lang/String;[BII)Ljava/lang/Class; name or signature does not match> (0x00000000eab07cc0) thrown at [C:\re\workspace\8-2-build-windows-amd64-cygwin\jdk8u101\7261\hotspot\s¥t’á‹¿?
Event: 0.132 Thread 0x0000000002761000 Exception <a 'java/lang/NoSuchMethodError': Method sun.misc.Unsafe.prefetchRead(Ljava/lang/Object;J)V name or signature does not match> (0x00000000eab07fa8) thrown at [C:\re\workspace\8-2-build-windows-amd64-cygwin\jdk8u101\7261\hotspot\src\share\vm\prims\

Events (10 events):
Event: 3.274 loading class com/android/dx/dex/file/CatchStructs
Event: 3.274 loading class com/android/dx/dex/file/CatchStructs done
Event: 3.322 Thread 0x0000000016840800 DEOPT PACKING pc=0x0000000002a00c48 sp=0x0000000018b4e930
Event: 3.322 Thread 0x0000000016840800 DEOPT UNPACKING pc=0x00000000028a787f sp=0x0000000018b4e688 mode 0
Event: 3.374 loading class com/android/dx/dex/file/ProtoIdItem
Event: 3.374 loading class com/android/dx/dex/file/ProtoIdItem done
Event: 3.443 Thread 0x0000000016840800 DEOPT PACKING pc=0x0000000002a00c48 sp=0x0000000018b4ea30
Event: 3.443 Thread 0x0000000016840800 DEOPT UNPACKING pc=0x00000000028a787f sp=0x0000000018b4e788 mode 0
Event: 3.453 Thread 0x0000000016840800 DEOPT PACKING pc=0x0000000002a00c48 sp=0x0000000018b4ea30
Event: 3.453 Thread 0x0000000016840800 DEOPT UNPACKING pc=0x00000000028a787f sp=0x0000000018b4e788 mode 0


Dynamic libraries:
0x00007ff7f71b0000 - 0x00007ff7f71e7000 	C:\Program Files\Java\jdk1.8.0_101\bin\java.exe
0x00007fffe5e00000 - 0x00007fffe5fd1000 	C:\WINDOWS\SYSTEM32\ntdll.dll
0x00007fffe5960000 - 0x00007fffe5a0b000 	C:\WINDOWS\System32\KERNEL32.DLL
0x00007fffe2fa0000 - 0x00007fffe31bd000 	C:\WINDOWS\System32\KERNELBASE.dll
0x00007fffe37e0000 - 0x00007fffe3882000 	C:\WINDOWS\System32\ADVAPI32.dll
0x00007fffe56b0000 - 0x00007fffe574e000 	C:\WINDOWS\System32\msvcrt.dll
0x00007fffe5900000 - 0x00007fffe5959000 	C:\WINDOWS\System32\sechost.dll
0x00007fffe3f60000 - 0x00007fffe4081000 	C:\WINDOWS\System32\RPCRT4.dll
0x00007fffe3640000 - 0x00007fffe37a5000 	C:\WINDOWS\System32\USER32.dll
0x00007fffe2f80000 - 0x00007fffe2f9e000 	C:\WINDOWS\System32\win32u.dll
0x00007fffe35a0000 - 0x00007fffe35d4000 	C:\WINDOWS\System32\GDI32.dll
0x00007fffe22f0000 - 0x00007fffe2472000 	C:\WINDOWS\System32\gdi32full.dll
0x00007fffd7030000 - 0x00007fffd72a9000 	C:\WINDOWS\WinSxS\amd64_microsoft.windows.common-controls_6595b64144ccf1df_6.0.14393.0_none_2d0f50fcbdb171b8\COMCTL32.dll
0x00007fffe5a10000 - 0x00007fffe5cd7000 	C:\WINDOWS\System32\combase.dll
0x00007fffe2cc0000 - 0x00007fffe2db5000 	C:\WINDOWS\System32\ucrtbase.dll
0x00007fffe2f10000 - 0x00007fffe2f7a000 	C:\WINDOWS\System32\bcryptPrimitives.dll
0x00007fffe37b0000 - 0x00007fffe37de000 	C:\WINDOWS\System32\IMM32.DLL
0x0000000052140000 - 0x0000000052212000 	C:\Program Files\Java\jdk1.8.0_101\jre\bin\msvcr100.dll
0x00000000518a0000 - 0x000000005213a000 	C:\Program Files\Java\jdk1.8.0_101\jre\bin\server\jvm.dll
0x00007fffe58f0000 - 0x00007fffe58f8000 	C:\WINDOWS\System32\PSAPI.DLL
0x00007fffcdb40000 - 0x00007fffcdb49000 	C:\WINDOWS\SYSTEM32\WSOCK32.dll
0x00007fffe4120000 - 0x00007fffe418a000 	C:\WINDOWS\System32\WS2_32.dll
0x00007fffe0070000 - 0x00007fffe0093000 	C:\WINDOWS\SYSTEM32\WINMM.dll
0x00007fffd66b0000 - 0x00007fffd66ba000 	C:\WINDOWS\SYSTEM32\VERSION.dll
0x00007fffe0040000 - 0x00007fffe006b000 	C:\WINDOWS\SYSTEM32\WINMMBASE.dll
0x00007fffe2b60000 - 0x00007fffe2ba2000 	C:\WINDOWS\System32\cfgmgr32.dll
0x0000000051890000 - 0x000000005189f000 	C:\Program Files\Java\jdk1.8.0_101\jre\bin\verify.dll
0x0000000051860000 - 0x0000000051889000 	C:\Program Files\Java\jdk1.8.0_101\jre\bin\java.dll
0x0000000051840000 - 0x0000000051856000 	C:\Program Files\Java\jdk1.8.0_101\jre\bin\zip.dll
0x00007fffe4190000 - 0x00007fffe5698000 	C:\WINDOWS\System32\SHELL32.dll
0x00007fffe2480000 - 0x00007fffe2b5a000 	C:\WINDOWS\System32\windows.storage.dll
0x00007fffe2270000 - 0x00007fffe22bc000 	C:\WINDOWS\System32\powrprof.dll
0x00007fffe35e0000 - 0x00007fffe3632000 	C:\WINDOWS\System32\shlwapi.dll
0x00007fffe22c0000 - 0x00007fffe22cf000 	C:\WINDOWS\System32\kernel.appcore.dll
0x00007fffe2bb0000 - 0x00007fffe2c59000 	C:\WINDOWS\System32\shcore.dll
0x00007fffe22d0000 - 0x00007fffe22e4000 	C:\WINDOWS\System32\profapi.dll

VM Arguments:
jvm_args: -Djava.awt.headless=true -Xmx1024M -Dfile.encoding=GBK -Duser.country=CN -Duser.language=zh -Duser.variant 
java_command: com.android.dx.command.Main --dex --force-jumbo --num-threads=4 --multi-dex --output C:\xml\temp\ChatDemoUI3.0\build\intermediates\transforms\dex\debug\folders\1000\8\org.apache.http.legacy_856aedf79d3d5688f40dd9f8c6c3e0bca8936b55 C:\xml\temp\ChatDemoUI3.0\build\intermediates\exploded-aar\ChatDemoUI3.0\EaseUI\unspecified\jars\libs\org.apache.http.legacy.jar
java_class_path (initial): D:\Users\lenovoByEOZ\AppData\Local\Android\sdk\build-tools\23.0.1\lib\dx.jar
Launcher Type: SUN_STANDARD

Environment Variables:
PATH=C:\ProgramData\Oracle\Java\javapath;C:\WINDOWS\system32;C:\WINDOWS;C:\WINDOWS\System32\Wbem;C:\WINDOWS\System32\WindowsPowerShell\v1.0\;C:\Program Files\Java\jdk1.8.0_101\bin;C:\Users\lenovoByEOZ\AppData\Local\Microsoft\WindowsApps
USERNAME=lenovoByEOZ
OS=Windows_NT
PROCESSOR_IDENTIFIER=Intel64 Family 6 Model 58 Stepping 9, GenuineIntel



---------------  S Y S T E M  ---------------

OS: Windows 10.0 , 64 bit Build 14393 (10.0.14393.0)

CPU:total 4 (2 cores per cpu, 2 threads per core) family 6 model 58 stepping 9, cmov, cx8, fxsr, mmx, sse, sse2, sse3, ssse3, sse4.1, sse4.2, popcnt, avx, aes, clmul, erms, ht, tsc, tscinvbit, tscinv

Memory: 4k page, physical 8079000k(1508964k free), swap 12273172k(5160k free)

vm_info: Java HotSpot(TM) 64-Bit Server VM (25.101-b13) for windows-amd64 JRE (1.8.0_101-b13), built on Jun 22 2016 01:21:29 by "java_re" with MS VC++ 10.0 (VS2010)

time: Mon Oct 31 13:59:47 2016
elapsed time: 3 seconds (0d 0h 0m 3s)

