#
# There is insufficient memory for the Java Runtime Environment to continue.
# Native memory allocation (malloc) failed to allocate 43216 bytes for Chunk::new
# Possible reasons:
#   The system is out of physical RAM or swap space
#   In 32 bit mode, the process size limit was hit
# Possible solutions:
#   Reduce memory load on the system
#   Increase physical memory or swap space
#   Check if swap backing store is full
#   Use 64 bit Java on a 64 bit OS
#   Decrease Java heap size (-Xmx/-Xms)
#   Decrease number of Java threads
#   Decrease Java thread stack sizes (-Xss)
#   Set larger code cache with -XX:ReservedCodeCacheSize=
# This output file may be truncated or incomplete.
#
#  Out of Memory Error (allocation.cpp:390), pid=14252, tid=0x00000000000035e8
#
# JRE version: Java(TM) SE Runtime Environment (8.0_101-b13) (build 1.8.0_101-b13)
# Java VM: Java HotSpot(TM) 64-Bit Server VM (25.101-b13 mixed mode windows-amd64 compressed oops)
# Failed to write core dump. Minidumps are not enabled by default on client versions of Windows
#

---------------  T H R E A D  ---------------

Current thread (0x0000000002caa000):  JavaThread "C2 CompilerThread0" daemon [_thread_in_native, id=13800, stack(0x0000000016cd0000,0x0000000016dd0000)]

Stack: [0x0000000016cd0000,0x0000000016dd0000]
[error occurred during error reporting (printing stack bounds), id 0xc0000005]

Native frames: (J=compiled Java code, j=interpreted, Vv=VM code, C=native code)


Current CompileTask:
C2:   1225  795       4       com.android.dx.ssa.NormalSsaInsn::accept (25 bytes)


---------------  P R O C E S S  ---------------

Java Threads: ( => current thread )
  0x0000000016957000 JavaThread "pool-2-thread-4" [_thread_in_Java, id=7816, stack(0x00000000175d0000,0x00000000176d0000)]
  0x0000000016955800 JavaThread "pool-2-thread-3" [_thread_in_vm, id=12620, stack(0x00000000174d0000,0x00000000175d0000)]
  0x0000000016953000 JavaThread "pool-2-thread-2" [_thread_in_Java, id=4972, stack(0x00000000173d0000,0x00000000174d0000)]
  0x000000001685c800 JavaThread "pool-3-thread-1" [_thread_blocked, id=5952, stack(0x00000000172d0000,0x00000000173d0000)]
  0x000000001685b800 JavaThread "pool-2-thread-1" [_thread_in_vm, id=5808, stack(0x00000000171d0000,0x00000000172d0000)]
  0x000000001673b000 JavaThread "Service Thread" daemon [_thread_blocked, id=7328, stack(0x0000000016fd0000,0x00000000170d0000)]
  0x00000000153dc800 JavaThread "C1 CompilerThread2" daemon [_thread_in_vm, id=4796, stack(0x0000000016ed0000,0x0000000016fd0000)]
  0x0000000002cac800 JavaThread "C2 CompilerThread1" daemon [_thread_in_native, id=12920, stack(0x0000000016dd0000,0x0000000016ed0000)]
=>0x0000000002caa000 JavaThread "C2 CompilerThread0" daemon [_thread_in_native, id=13800, stack(0x0000000016cd0000,0x0000000016dd0000)]
  0x0000000015393000 JavaThread "Attach Listener" daemon [_thread_blocked, id=13884, stack(0x0000000016bd0000,0x0000000016cd0000)]
  0x0000000015392000 JavaThread "Signal Dispatcher" daemon [_thread_blocked, id=3504, stack(0x0000000016ad0000,0x0000000016bd0000)]
  0x0000000002ca5800 JavaThread "Finalizer" daemon [_thread_blocked, id=5904, stack(0x00000000165d0000,0x00000000166d0000)]
  0x0000000002ca0000 JavaThread "Reference Handler" daemon [_thread_blocked, id=8236, stack(0x00000000164d0000,0x00000000165d0000)]
  0x0000000002bb1000 JavaThread "main" [_thread_blocked, id=10432, stack(0x0000000002ab0000,0x0000000002bb0000)]

Other Threads:
  0x0000000015347800 VMThread [stack: 0x00000000163d0000,0x00000000164d0000] [id=14100]
  0x0000000016795000 WatcherThread [stack: 0x00000000170d0000,0x00000000171d0000] [id=4228]

VM state:not at safepoint (normal execution)

VM Mutex/Monitor currently owned by a thread: None

Heap:
 PSYoungGen      total 36864K, used 16771K [0x00000000eab00000, 0x00000000ed400000, 0x0000000100000000)
  eden space 31744K, 52% used [0x00000000eab00000,0x00000000ebb60ff0,0x00000000eca00000)
  from space 5120K, 0% used [0x00000000ecf00000,0x00000000ecf00000,0x00000000ed400000)
  to   space 5120K, 0% used [0x00000000eca00000,0x00000000eca00000,0x00000000ecf00000)
 ParOldGen       total 84992K, used 0K [0x00000000c0000000, 0x00000000c5300000, 0x00000000eab00000)
  object space 84992K, 0% used [0x00000000c0000000,0x00000000c0000000,0x00000000c5300000)
 Metaspace       used 5614K, capacity 6768K, committed 7040K, reserved 1056768K
  class space    used 579K, capacity 616K, committed 640K, reserved 1048576K

Card table byte_map: [0x0000000012070000,0x0000000012280000] byte_map_base: 0x0000000011a70000

Marking Bits: (ParMarkBitMap*) 0x00000000520ba6d0
 Begin Bits: [0x00000000127e0000, 0x00000000137e0000)
 End Bits:   [0x00000000137e0000, 0x00000000147e0000)

Polling page: 0x00000000007f0000

CodeCache: size=245760Kb used=3528Kb max_used=3528Kb free=242231Kb
 bounds [0x0000000002cb0000, 0x0000000003030000, 0x0000000011cb0000]
 total_blobs=1105 nmethods=841 adapters=177
 compilation: enabled

Compilation events (10 events):
Event: 1.219 Thread 0x00000000153dc800 nmethod 833 0x0000000003016750 code [0x00000000030168a0, 0x0000000003016a30]
Event: 1.219 Thread 0x00000000153dc800  834       3       com.android.dx.rop.cst.CstMemberRef::compareTo0 (49 bytes)
Event: 1.220 Thread 0x00000000153dc800 nmethod 834 0x0000000003014850 code [0x0000000003014aa0, 0x0000000003015e38]
Event: 1.220 Thread 0x00000000153dc800  836       3       com.android.dx.rop.type.StdTypeList::get (9 bytes)
Event: 1.220 Thread 0x00000000153dc800 nmethod 836 0x0000000003014350 code [0x00000000030144c0, 0x00000000030147a8]
Event: 1.220 Thread 0x00000000153dc800  835       3       com.android.dx.rop.cst.CstMethodRef::<init> (7 bytes)
Event: 1.220 Thread 0x00000000153dc800 nmethod 835 0x000000000301d010 code [0x000000000301d1a0, 0x000000000301d5b8]
Event: 1.221 Thread 0x00000000153dc800  837       3       com.android.dx.rop.code.ThrowingInsn::accept (8 bytes)
Event: 1.221 Thread 0x00000000153dc800 nmethod 837 0x0000000003013ed0 code [0x0000000003014040, 0x0000000003014268]
Event: 1.222 Thread 0x00000000153dc800  839       3       com.android.dx.ssa.SsaMethod::deleteInsns (239 bytes)

GC Heap History (0 events):
No events

Deoptimization events (3 events):
Event: 0.957 Thread 0x0000000016957000 Uncommon trap: reason=unstable_if action=reinterpret pc=0x0000000002e9a918 method=java.util.HashMap.getNode(ILjava/lang/Object;)Ljava/util/HashMap$Node; @ 129
Event: 1.072 Thread 0x0000000016953000 Uncommon trap: reason=unstable_if action=reinterpret pc=0x0000000002ec7730 method=java.util.BitSet.nextSetBit(I)I @ 87
Event: 1.188 Thread 0x0000000016953000 Uncommon trap: reason=null_check action=make_not_entrant pc=0x0000000002f84508 method=com.android.dx.ssa.SsaRenamer.getLocalForNewReg(I)Lcom/android/dx/rop/code/LocalItem; @ 19

Internal exceptions (3 events):
Event: 0.103 Thread 0x0000000002bb1000 Exception <a 'java/lang/NoSuchMethodError': Method sun.misc.Unsafe.defineClass(Ljava/lang/String;[BII)Ljava/lang/Class; name or signature does not match> (0x00000000eab07cc0) thrown at [C:\re\workspace\8-2-build-windows-amd64-cygwin\jdk8u101\7261\hotspot\s÷Ôt`P∫?
Event: 0.103 Thread 0x0000000002bb1000 Exception <a 'java/lang/NoSuchMethodError': Method sun.misc.Unsafe.prefetchRead(Ljava/lang/Object;J)V name or signature does not match> (0x00000000eab07fa8) thrown at [C:\re\workspace\8-2-build-windows-amd64-cygwin\jdk8u101\7261\hotspot\src\share\vm\prims\I’â'-Û?
Event: 1.188 Thread 0x0000000016953000 Implicit null exception at 0x0000000002f82c98 to 0x0000000002f844e5

Events (10 events):
Event: 1.060 Executing VM operation: ForceSafepoint
Event: 1.061 Executing VM operation: ForceSafepoint done
Event: 1.072 Thread 0x0000000016953000 Uncommon trap: trap_request=0xffffff65 fr.pc=0x0000000002ec7730
Event: 1.072 Thread 0x0000000016953000 DEOPT PACKING pc=0x0000000002ec7730 sp=0x00000000174ce780
Event: 1.072 Thread 0x0000000016953000 DEOPT UNPACKING pc=0x0000000002cf582a sp=0x00000000174ce718 mode 2
Event: 1.146 loading class java/util/ArrayList$1
Event: 1.146 loading class java/util/ArrayList$1 done
Event: 1.188 Thread 0x0000000016953000 Uncommon trap: trap_request=0xfffffff4 fr.pc=0x0000000002f84508
Event: 1.188 Thread 0x0000000016953000 DEOPT PACKING pc=0x0000000002f84508 sp=0x00000000174ce5c0
Event: 1.188 Thread 0x0000000016953000 DEOPT UNPACKING pc=0x0000000002cf582a sp=0x00000000174ce468 mode 2


Dynamic libraries:
0x00007ff7f71b0000 - 0x00007ff7f71e7000 	C:\Program Files\Java\jdk1.8.0_101\bin\java.exe
0x00007fffe5e00000 - 0x00007fffe5fd1000 	C:\WINDOWS\SYSTEM32\ntdll.dll
0x00007fffe5960000 - 0x00007fffe5a0b000 	C:\WINDOWS\System32\KERNEL32.DLL
0x00007fffe2fa0000 - 0x00007fffe31bd000 	C:\WINDOWS\System32\KERNELBASE.dll
0x00007fffe37e0000 - 0x00007fffe3882000 	C:\WINDOWS\System32\ADVAPI32.dll
0x00007fffe56b0000 - 0x00007fffe574e000 	C:\WINDOWS\System32\msvcrt.dll
0x00007fffe5900000 - 0x00007fffe5959000 	C:\WINDOWS\System32\sechost.dll
0x00007fffe3f60000 - 0x00007fffe4081000 	C:\WINDOWS\System32\RPCRT4.dll
0x00007fffe3640000 - 0x00007fffe37a5000 	C:\WINDOWS\System32\USER32.dll
0x00007fffe2f80000 - 0x00007fffe2f9e000 	C:\WINDOWS\System32\win32u.dll
0x00007fffe35a0000 - 0x00007fffe35d4000 	C:\WINDOWS\System32\GDI32.dll
0x00007fffe22f0000 - 0x00007fffe2472000 	C:\WINDOWS\System32\gdi32full.dll
0x00007fffd7030000 - 0x00007fffd72a9000 	C:\WINDOWS\WinSxS\amd64_microsoft.windows.common-controls_6595b64144ccf1df_6.0.14393.0_none_2d0f50fcbdb171b8\COMCTL32.dll
0x00007fffe5a10000 - 0x00007fffe5cd7000 	C:\WINDOWS\System32\combase.dll
0x00007fffe2cc0000 - 0x00007fffe2db5000 	C:\WINDOWS\System32\ucrtbase.dll
0x00007fffe2f10000 - 0x00007fffe2f7a000 	C:\WINDOWS\System32\bcryptPrimitives.dll
0x00007fffe37b0000 - 0x00007fffe37de000 	C:\WINDOWS\System32\IMM32.DLL
0x0000000052140000 - 0x0000000052212000 	C:\Program Files\Java\jdk1.8.0_101\jre\bin\msvcr100.dll
0x00000000518a0000 - 0x000000005213a000 	C:\Program Files\Java\jdk1.8.0_101\jre\bin\server\jvm.dll
0x00007fffe58f0000 - 0x00007fffe58f8000 	C:\WINDOWS\System32\PSAPI.DLL
0x00007fffcdb40000 - 0x00007fffcdb49000 	C:\WINDOWS\SYSTEM32\WSOCK32.dll
0x00007fffe4120000 - 0x00007fffe418a000 	C:\WINDOWS\System32\WS2_32.dll
0x00007fffe0070000 - 0x00007fffe0093000 	C:\WINDOWS\SYSTEM32\WINMM.dll
0x00007fffd66b0000 - 0x00007fffd66ba000 	C:\WINDOWS\SYSTEM32\VERSION.dll
0x00007fffe0040000 - 0x00007fffe006b000 	C:\WINDOWS\SYSTEM32\WINMMBASE.dll
0x00007fffe2b60000 - 0x00007fffe2ba2000 	C:\WINDOWS\System32\cfgmgr32.dll
0x0000000051890000 - 0x000000005189f000 	C:\Program Files\Java\jdk1.8.0_101\jre\bin\verify.dll
0x0000000051860000 - 0x0000000051889000 	C:\Program Files\Java\jdk1.8.0_101\jre\bin\java.dll
0x0000000051840000 - 0x0000000051856000 	C:\Program Files\Java\jdk1.8.0_101\jre\bin\zip.dll
0x00007fffe4190000 - 0x00007fffe5698000 	C:\WINDOWS\System32\SHELL32.dll
0x00007fffe2480000 - 0x00007fffe2b5a000 	C:\WINDOWS\System32\windows.storage.dll
0x00007fffe2270000 - 0x00007fffe22bc000 	C:\WINDOWS\System32\powrprof.dll
0x00007fffe35e0000 - 0x00007fffe3632000 	C:\WINDOWS\System32\shlwapi.dll
0x00007fffe22c0000 - 0x00007fffe22cf000 	C:\WINDOWS\System32\kernel.appcore.dll
0x00007fffe2bb0000 - 0x00007fffe2c59000 	C:\WINDOWS\System32\shcore.dll
0x00007fffe22d0000 - 0x00007fffe22e4000 	C:\WINDOWS\System32\profapi.dll

VM Arguments:
jvm_args: -Djava.awt.headless=true -Xmx1024M -Dfile.encoding=GBK -Duser.country=CN -Duser.language=zh -Duser.variant 
java_command: com.android.dx.command.Main --dex --force-jumbo --num-threads=4 --multi-dex --output C:\xml\temp\ChatDemoUI3.0\build\intermediates\transforms\dex\debug\folders\1000\5\slice_4 C:\xml\temp\ChatDemoUI3.0\build\intermediates\transforms\instantRunSlicer\debug\folders\1\5\slice_4
java_class_path (initial): D:\Users\lenovoByEOZ\AppData\Local\Android\sdk\build-tools\23.0.1\lib\dx.jar
Launcher Type: SUN_STANDARD

Environment Variables:
PATH=C:\ProgramData\Oracle\Java\javapath;C:\WINDOWS\system32;C:\WINDOWS;C:\WINDOWS\System32\Wbem;C:\WINDOWS\System32\WindowsPowerShell\v1.0\;C:\Program Files\Java\jdk1.8.0_101\bin;C:\Users\lenovoByEOZ\AppData\Local\Microsoft\WindowsApps
USERNAME=lenovoByEOZ
OS=Windows_NT
PROCESSOR_IDENTIFIER=Intel64 Family 6 Model 58 Stepping 9, GenuineIntel



---------------  S Y S T E M  ---------------

OS: Windows 10.0 , 64 bit Build 14393 (10.0.14393.0)

CPU:total 4 (2 cores per cpu, 2 threads per core) family 6 model 58 stepping 9, cmov, cx8, fxsr, mmx, sse, sse2, sse3, ssse3, sse4.1, sse4.2, popcnt, avx, aes, clmul, erms, ht, tsc, tscinvbit, tscinv

Memory: 4k page, physical 8079000k(1546192k free), swap 12273172k(5152k free)

vm_info: Java HotSpot(TM) 64-Bit Server VM (25.101-b13) for windows-amd64 JRE (1.8.0_101-b13), built on Jun 22 2016 01:21:29 by "java_re" with MS VC++ 10.0 (VS2010)

time: Mon Oct 31 13:59:50 2016
elapsed time: 1 seconds (0d 0h 0m 1s)

