#
# There is insufficient memory for the Java Runtime Environment to continue.
# Native memory allocation (malloc) failed to allocate 223696 bytes for Chunk::new
# Possible reasons:
#   The system is out of physical RAM or swap space
#   In 32 bit mode, the process size limit was hit
# Possible solutions:
#   Reduce memory load on the system
#   Increase physical memory or swap space
#   Check if swap backing store is full
#   Use 64 bit Java on a 64 bit OS
#   Decrease Java heap size (-Xmx/-Xms)
#   Decrease number of Java threads
#   Decrease Java thread stack sizes (-Xss)
#   Set larger code cache with -XX:ReservedCodeCacheSize=
# This output file may be truncated or incomplete.
#
#  Out of Memory Error (allocation.cpp:390), pid=11828, tid=0x0000000000002d98
#
# JRE version: Java(TM) SE Runtime Environment (8.0_101-b13) (build 1.8.0_101-b13)
# Java VM: Java HotSpot(TM) 64-Bit Server VM (25.101-b13 mixed mode windows-amd64 compressed oops)
# Failed to write core dump. Minidumps are not enabled by default on client versions of Windows
#

---------------  T H R E A D  ---------------

Current thread (0x00000000031cd000):  JavaThread "C2 CompilerThread1" daemon [_thread_in_native, id=11672, stack(0x0000000017310000,0x0000000017410000)]

Stack: [0x0000000017310000,0x0000000017410000]
[error occurred during error reporting (printing stack bounds), id 0xc0000005]

Native frames: (J=compiled Java code, j=interpreted, Vv=VM code, C=native code)


Current CompileTask:
C2:   1488 1188       4       com.android.dx.ssa.SCCP::simulateStmt (481 bytes)


---------------  P R O C E S S  ---------------

Java Threads: ( => current thread )
  0x0000000016e7b000 JavaThread "pool-2-thread-4" [_thread_in_Java, id=11100, stack(0x0000000017b10000,0x0000000017c10000)]
  0x0000000016dba000 JavaThread "pool-2-thread-3" [_thread_blocked, id=12096, stack(0x0000000017a10000,0x0000000017b10000)]
  0x0000000016da2800 JavaThread "pool-2-thread-2" [_thread_blocked, id=2208, stack(0x0000000017910000,0x0000000017a10000)]
  0x0000000016d95000 JavaThread "pool-3-thread-1" [_thread_blocked, id=11852, stack(0x0000000017810000,0x0000000017910000)]
  0x0000000016d59000 JavaThread "pool-2-thread-1" [_thread_blocked, id=11416, stack(0x0000000017710000,0x0000000017810000)]
  0x0000000016c82000 JavaThread "Service Thread" daemon [_thread_blocked, id=14660, stack(0x0000000017510000,0x0000000017610000)]
  0x0000000016c79800 JavaThread "C1 CompilerThread2" daemon [_thread_blocked, id=12948, stack(0x0000000017410000,0x0000000017510000)]
=>0x00000000031cd000 JavaThread "C2 CompilerThread1" daemon [_thread_in_native, id=11672, stack(0x0000000017310000,0x0000000017410000)]
  0x00000000031ca000 JavaThread "C2 CompilerThread0" daemon [_thread_in_native, id=12788, stack(0x0000000017210000,0x0000000017310000)]
  0x00000000158b3000 JavaThread "Attach Listener" daemon [_thread_blocked, id=2844, stack(0x0000000017110000,0x0000000017210000)]
  0x00000000158b2000 JavaThread "Signal Dispatcher" daemon [_thread_blocked, id=860, stack(0x0000000017010000,0x0000000017110000)]
  0x00000000031c5800 JavaThread "Finalizer" daemon [_thread_blocked, id=6796, stack(0x0000000016b10000,0x0000000016c10000)]
  0x00000000031c0000 JavaThread "Reference Handler" daemon [_thread_blocked, id=11720, stack(0x0000000016a10000,0x0000000016b10000)]
  0x00000000030d1000 JavaThread "main" [_thread_in_Java, id=13540, stack(0x0000000002ed0000,0x0000000002fd0000)]

Other Threads:
  0x0000000015867800 VMThread [stack: 0x0000000016910000,0x0000000016a10000] [id=14820]
  0x0000000016ccb000 WatcherThread [stack: 0x0000000017610000,0x0000000017710000] [id=4228]

VM state:not at safepoint (normal execution)

VM Mutex/Monitor currently owned by a thread:  ([mutex/lock_event])
[0x0000000002ecbfa0] Heap_lock - owner thread: 0x0000000016d59000

Heap:
 PSYoungGen      total 36864K, used 8920K [0x00000000eab00000, 0x00000000ed400000, 0x0000000100000000)
  eden space 31744K, 11% used [0x00000000eab00000,0x00000000eaeb8338,0x00000000eca00000)
  from space 5120K, 99% used [0x00000000eca00000,0x00000000ecefe028,0x00000000ecf00000)
  to   space 5120K, 0% used [0x00000000ecf00000,0x00000000ecf00000,0x00000000ed400000)
 ParOldGen       total 84992K, used 1647K [0x00000000c0000000, 0x00000000c5300000, 0x00000000eab00000)
  object space 84992K, 1% used [0x00000000c0000000,0x00000000c019bfa8,0x00000000c5300000)
 Metaspace       used 5756K, capacity 6896K, committed 7040K, reserved 1056768K
  class space    used 583K, capacity 616K, committed 640K, reserved 1048576K

Card table byte_map: [0x0000000012590000,0x00000000127a0000] byte_map_base: 0x0000000011f90000

Marking Bits: (ParMarkBitMap*) 0x00000000520ba6d0
 Begin Bits: [0x0000000012d00000, 0x0000000013d00000)
 End Bits:   [0x0000000013d00000, 0x0000000014d00000)

Polling page: 0x0000000002ab0000

CodeCache: size=245760Kb used=4871Kb max_used=4882Kb free=240888Kb
 bounds [0x00000000031d0000, 0x00000000036a0000, 0x00000000121d0000]
 total_blobs=1471 nmethods=1207 adapters=177
 compilation: enabled

Compilation events (10 events):
Event: 1.439 Thread 0x0000000016c79800 1208       3       com.android.dx.ssa.SsaMethod::onSourceChanged (65 bytes)
Event: 1.440 Thread 0x0000000016c79800 nmethod 1208 0x000000000367d190 code [0x000000000367d360, 0x000000000367dbd8]
Event: 1.454 Thread 0x0000000016c79800 1209       1       com.android.dx.rop.annotation.NameValuePair::getName (5 bytes)
Event: 1.454 Thread 0x0000000016c79800 nmethod 1209 0x0000000003676390 code [0x00000000036764e0, 0x00000000036765f0]
Event: 1.457 Thread 0x0000000016c79800 1211       3       com.android.dx.cf.direct.DirectClassFile::parseToEndIfNecessary (12 bytes)
Event: 1.458 Thread 0x0000000016c79800 nmethod 1211 0x000000000367cdd0 code [0x000000000367cf40, 0x000000000367d108]
Event: 1.469 Thread 0x00000000031ca000 nmethod 1207 0x0000000003699450 code [0x00000000036995c0, 0x00000000036998c8]
Event: 1.469 Thread 0x00000000031ca000 1210       4       com.android.dx.rop.cst.StdConstantPool::set (123 bytes)
Event: 1.472 Thread 0x00000000031ca000 nmethod 1210 0x0000000003699e90 code [0x000000000369a000, 0x000000000369a2d8]
Event: 1.472 Thread 0x00000000031ca000 1215       4       com.android.dx.ssa.Dominators::eval (29 bytes)

GC Heap History (2 events):
Event: 1.441 GC heap before
{Heap before GC invocations=1 (full 0):
 PSYoungGen      total 36864K, used 31744K [0x00000000eab00000, 0x00000000ed400000, 0x0000000100000000)
  eden space 31744K, 100% used [0x00000000eab00000,0x00000000eca00000,0x00000000eca00000)
  from space 5120K, 0% used [0x00000000ecf00000,0x00000000ecf00000,0x00000000ed400000)
  to   space 5120K, 0% used [0x00000000eca00000,0x00000000eca00000,0x00000000ecf00000)
 ParOldGen       total 84992K, used 0K [0x00000000c0000000, 0x00000000c5300000, 0x00000000eab00000)
  object space 84992K, 0% used [0x00000000c0000000,0x00000000c0000000,0x00000000c5300000)
 Metaspace       used 5736K, capacity 6896K, committed 7040K, reserved 1056768K
  class space    used 581K, capacity 616K, committed 640K, reserved 1048576K
Event: 1.454 GC heap after
Heap after GC invocations=1 (full 0):
 PSYoungGen      total 36864K, used 5112K [0x00000000eab00000, 0x00000000ed400000, 0x0000000100000000)
  eden space 31744K, 0% used [0x00000000eab00000,0x00000000eab00000,0x00000000eca00000)
  from space 5120K, 99% used [0x00000000eca00000,0x00000000ecefe028,0x00000000ecf00000)
  to   space 5120K, 0% used [0x00000000ecf00000,0x00000000ecf00000,0x00000000ed400000)
 ParOldGen       total 84992K, used 1647K [0x00000000c0000000, 0x00000000c5300000, 0x00000000eab00000)
  object space 84992K, 1% used [0x00000000c0000000,0x00000000c019bfa8,0x00000000c5300000)
 Metaspace       used 5736K, capacity 6896K, committed 7040K, reserved 1056768K
  class space    used 581K, capacity 616K, committed 640K, reserved 1048576K
}

Deoptimization events (10 events):
Event: 1.225 Thread 0x0000000016da2800 Uncommon trap: reason=unstable_if action=reinterpret pc=0x000000000354c5d4 method=com.android.dx.ssa.NormalSsaInsn.getLocalAssignment()Lcom/android/dx/rop/code/RegisterSpec; @ 12
Event: 1.225 Thread 0x0000000016da2800 Uncommon trap: reason=unstable_if action=reinterpret pc=0x00000000034e9e68 method=com.android.dx.ssa.NormalSsaInsn.getLocalAssignment()Lcom/android/dx/rop/code/RegisterSpec; @ 12
Event: 1.225 Thread 0x0000000016da2800 Uncommon trap: reason=unstable_if action=reinterpret pc=0x00000000034c6a70 method=com.android.dx.ssa.NormalSsaInsn.getLocalAssignment()Lcom/android/dx/rop/code/RegisterSpec; @ 12
Event: 1.229 Thread 0x0000000016da2800 Uncommon trap: reason=unstable_if action=reinterpret pc=0x00000000034396f0 method=java.util.BitSet.nextSetBit(I)I @ 87
Event: 1.257 Thread 0x0000000016d59000 Uncommon trap: reason=unstable_if action=reinterpret pc=0x000000000343acb8 method=java.util.BitSet.ensureCapacity(I)V @ 6
Event: 1.257 Thread 0x0000000016d59000 Uncommon trap: reason=unstable_if action=reinterpret pc=0x000000000343aff0 method=java.util.BitSet.ensureCapacity(I)V @ 6
Event: 1.305 Thread 0x0000000016dba000 Uncommon trap: reason=class_check action=maybe_recompile pc=0x00000000034c4320 method=com.android.dx.rop.type.Type.equals(Ljava/lang/Object;)Z @ 8
Event: 1.305 Thread 0x0000000016dba000 Uncommon trap: reason=class_check action=maybe_recompile pc=0x00000000034c4320 method=com.android.dx.rop.type.Type.equals(Ljava/lang/Object;)Z @ 8
Event: 1.366 Thread 0x0000000016da2800 Uncommon trap: reason=class_check action=maybe_recompile pc=0x0000000003653a80 method=com.android.dx.ssa.NormalSsaInsn.accept(Lcom/android/dx/ssa/SsaInsn$Visitor;)V @ 9
Event: 1.438 Thread 0x0000000016d59000 Uncommon trap: reason=bimorphic action=maybe_recompile pc=0x0000000003454178 method=java.util.HashMap.getNode(ILjava/lang/Object;)Ljava/util/HashMap$Node; @ 126

Internal exceptions (2 events):
Event: 0.104 Thread 0x00000000030d1000 Exception <a 'java/lang/NoSuchMethodError': Method sun.misc.Unsafe.defineClass(Ljava/lang/String;[BII)Ljava/lang/Class; name or signature does not match> (0x00000000eab07cc0) thrown at [C:\re\workspace\8-2-build-windows-amd64-cygwin\jdk8u101\7261\hotspot\s,ß—x‰º?
Event: 0.104 Thread 0x00000000030d1000 Exception <a 'java/lang/NoSuchMethodError': Method sun.misc.Unsafe.prefetchRead(Ljava/lang/Object;J)V name or signature does not match> (0x00000000eab07fa8) thrown at [C:\re\workspace\8-2-build-windows-amd64-cygwin\jdk8u101\7261\hotspot\src\share\vm\prims\ð

Events (10 events):
Event: 1.366 Thread 0x0000000016da2800 DEOPT PACKING pc=0x0000000003653a80 sp=0x0000000017a0e650
Event: 1.366 Thread 0x0000000016da2800 DEOPT UNPACKING pc=0x000000000321582a sp=0x0000000017a0e660 mode 2
Event: 1.438 Thread 0x0000000016d59000 Uncommon trap: trap_request=0xffffffc6 fr.pc=0x0000000003454178
Event: 1.438 Thread 0x0000000016d59000 DEOPT PACKING pc=0x0000000003454178 sp=0x000000001780ebd0
Event: 1.438 Thread 0x0000000016d59000 DEOPT UNPACKING pc=0x000000000321582a sp=0x000000001780eaf8 mode 2
Event: 1.440 Executing VM operation: ParallelGCFailedAllocation
Event: 1.454 Executing VM operation: ParallelGCFailedAllocation done
Event: 1.484 loading class com/android/dx/dex/file/ParameterAnnotationStruct
Event: 1.484 loading class com/android/dx/dex/file/ParameterAnnotationStruct done
Event: 1.486 loading class com/android/dx/dex/file/UniformListItem


Dynamic libraries:
0x00007ff7f71b0000 - 0x00007ff7f71e7000 	C:\Program Files\Java\jdk1.8.0_101\bin\java.exe
0x00007fffe5e00000 - 0x00007fffe5fd1000 	C:\WINDOWS\SYSTEM32\ntdll.dll
0x00007fffe5960000 - 0x00007fffe5a0b000 	C:\WINDOWS\System32\KERNEL32.DLL
0x00007fffe2fa0000 - 0x00007fffe31bd000 	C:\WINDOWS\System32\KERNELBASE.dll
0x00007fffe37e0000 - 0x00007fffe3882000 	C:\WINDOWS\System32\ADVAPI32.dll
0x00007fffe56b0000 - 0x00007fffe574e000 	C:\WINDOWS\System32\msvcrt.dll
0x00007fffe5900000 - 0x00007fffe5959000 	C:\WINDOWS\System32\sechost.dll
0x00007fffe3f60000 - 0x00007fffe4081000 	C:\WINDOWS\System32\RPCRT4.dll
0x00007fffe3640000 - 0x00007fffe37a5000 	C:\WINDOWS\System32\USER32.dll
0x00007fffe2f80000 - 0x00007fffe2f9e000 	C:\WINDOWS\System32\win32u.dll
0x00007fffe35a0000 - 0x00007fffe35d4000 	C:\WINDOWS\System32\GDI32.dll
0x00007fffe22f0000 - 0x00007fffe2472000 	C:\WINDOWS\System32\gdi32full.dll
0x00007fffd7030000 - 0x00007fffd72a9000 	C:\WINDOWS\WinSxS\amd64_microsoft.windows.common-controls_6595b64144ccf1df_6.0.14393.0_none_2d0f50fcbdb171b8\COMCTL32.dll
0x00007fffe5a10000 - 0x00007fffe5cd7000 	C:\WINDOWS\System32\combase.dll
0x00007fffe2cc0000 - 0x00007fffe2db5000 	C:\WINDOWS\System32\ucrtbase.dll
0x00007fffe2f10000 - 0x00007fffe2f7a000 	C:\WINDOWS\System32\bcryptPrimitives.dll
0x00007fffe37b0000 - 0x00007fffe37de000 	C:\WINDOWS\System32\IMM32.DLL
0x0000000052140000 - 0x0000000052212000 	C:\Program Files\Java\jdk1.8.0_101\jre\bin\msvcr100.dll
0x00000000518a0000 - 0x000000005213a000 	C:\Program Files\Java\jdk1.8.0_101\jre\bin\server\jvm.dll
0x00007fffe58f0000 - 0x00007fffe58f8000 	C:\WINDOWS\System32\PSAPI.DLL
0x00007fffcdb40000 - 0x00007fffcdb49000 	C:\WINDOWS\SYSTEM32\WSOCK32.dll
0x00007fffe4120000 - 0x00007fffe418a000 	C:\WINDOWS\System32\WS2_32.dll
0x00007fffe0070000 - 0x00007fffe0093000 	C:\WINDOWS\SYSTEM32\WINMM.dll
0x00007fffd66b0000 - 0x00007fffd66ba000 	C:\WINDOWS\SYSTEM32\VERSION.dll
0x00007fffe0040000 - 0x00007fffe006b000 	C:\WINDOWS\SYSTEM32\WINMMBASE.dll
0x00007fffe2b60000 - 0x00007fffe2ba2000 	C:\WINDOWS\System32\cfgmgr32.dll
0x0000000051890000 - 0x000000005189f000 	C:\Program Files\Java\jdk1.8.0_101\jre\bin\verify.dll
0x0000000051860000 - 0x0000000051889000 	C:\Program Files\Java\jdk1.8.0_101\jre\bin\java.dll
0x0000000051840000 - 0x0000000051856000 	C:\Program Files\Java\jdk1.8.0_101\jre\bin\zip.dll
0x00007fffe4190000 - 0x00007fffe5698000 	C:\WINDOWS\System32\SHELL32.dll
0x00007fffe2480000 - 0x00007fffe2b5a000 	C:\WINDOWS\System32\windows.storage.dll
0x00007fffe2270000 - 0x00007fffe22bc000 	C:\WINDOWS\System32\powrprof.dll
0x00007fffe35e0000 - 0x00007fffe3632000 	C:\WINDOWS\System32\shlwapi.dll
0x00007fffe22c0000 - 0x00007fffe22cf000 	C:\WINDOWS\System32\kernel.appcore.dll
0x00007fffe2bb0000 - 0x00007fffe2c59000 	C:\WINDOWS\System32\shcore.dll
0x00007fffe22d0000 - 0x00007fffe22e4000 	C:\WINDOWS\System32\profapi.dll

VM Arguments:
jvm_args: -Djava.awt.headless=true -Xmx1024M -Dfile.encoding=GBK -Duser.country=CN -Duser.language=zh -Duser.variant 
java_command: com.android.dx.command.Main --dex --force-jumbo --num-threads=4 --multi-dex --output C:\xml\temp\ChatDemoUI3.0\build\intermediates\transforms\dex\debug\folders\1000\5\slice_6 C:\xml\temp\ChatDemoUI3.0\build\intermediates\transforms\instantRunSlicer\debug\folders\1\5\slice_6
java_class_path (initial): D:\Users\lenovoByEOZ\AppData\Local\Android\sdk\build-tools\23.0.1\lib\dx.jar
Launcher Type: SUN_STANDARD

Environment Variables:
PATH=C:\ProgramData\Oracle\Java\javapath;C:\WINDOWS\system32;C:\WINDOWS;C:\WINDOWS\System32\Wbem;C:\WINDOWS\System32\WindowsPowerShell\v1.0\;C:\Program Files\Java\jdk1.8.0_101\bin;C:\Users\lenovoByEOZ\AppData\Local\Microsoft\WindowsApps
USERNAME=lenovoByEOZ
OS=Windows_NT
PROCESSOR_IDENTIFIER=Intel64 Family 6 Model 58 Stepping 9, GenuineIntel



---------------  S Y S T E M  ---------------

OS: Windows 10.0 , 64 bit Build 14393 (10.0.14393.0)

CPU:total 4 (2 cores per cpu, 2 threads per core) family 6 model 58 stepping 9, cmov, cx8, fxsr, mmx, sse, sse2, sse3, ssse3, sse4.1, sse4.2, popcnt, avx, aes, clmul, erms, ht, tsc, tscinvbit, tscinv

Memory: 4k page, physical 8079000k(1364136k free), swap 12273172k(5376k free)

vm_info: Java HotSpot(TM) 64-Bit Server VM (25.101-b13) for windows-amd64 JRE (1.8.0_101-b13), built on Jun 22 2016 01:21:29 by "java_re" with MS VC++ 10.0 (VS2010)

time: Mon Oct 31 11:36:26 2016
elapsed time: 1 seconds (0d 0h 0m 1s)

