#
# There is insufficient memory for the Java Runtime Environment to continue.
# Native memory allocation (malloc) failed to allocate 752336 bytes for Chunk::new
# Possible reasons:
#   The system is out of physical RAM or swap space
#   In 32 bit mode, the process size limit was hit
# Possible solutions:
#   Reduce memory load on the system
#   Increase physical memory or swap space
#   Check if swap backing store is full
#   Use 64 bit Java on a 64 bit OS
#   Decrease Java heap size (-Xmx/-Xms)
#   Decrease number of Java threads
#   Decrease Java thread stack sizes (-Xss)
#   Set larger code cache with -XX:ReservedCodeCacheSize=
# This output file may be truncated or incomplete.
#
#  Out of Memory Error (allocation.cpp:390), pid=7920, tid=0x0000000000003a14
#
# JRE version: Java(TM) SE Runtime Environment (8.0_101-b13) (build 1.8.0_101-b13)
# Java VM: Java HotSpot(TM) 64-Bit Server VM (25.101-b13 mixed mode windows-amd64 compressed oops)
# Failed to write core dump. Minidumps are not enabled by default on client versions of Windows
#

---------------  T H R E A D  ---------------

Current thread (0x000000001564a800):  JavaThread "C2 CompilerThread0" daemon [_thread_in_native, id=14868, stack(0x0000000016b80000,0x0000000016c80000)]

Stack: [0x0000000016b80000,0x0000000016c80000]
[error occurred during error reporting (printing stack bounds), id 0xc0000005]

Native frames: (J=compiled Java code, j=interpreted, Vv=VM code, C=native code)


Current CompileTask:
C2:   4718 1798   !   4       com.android.dx.cf.code.Ropper::processBlock (1101 bytes)


---------------  P R O C E S S  ---------------

Java Threads: ( => current thread )
  0x0000000016f46000 JavaThread "pool-2-thread-4" [_thread_blocked, id=3584, stack(0x0000000017880000,0x0000000017980000)]
  0x0000000016f45000 JavaThread "pool-2-thread-3" [_thread_in_Java, id=10764, stack(0x0000000017780000,0x0000000017880000)]
  0x0000000016f44800 JavaThread "pool-2-thread-2" [_thread_blocked, id=14748, stack(0x0000000017680000,0x0000000017780000)]
  0x0000000016f41800 JavaThread "pool-3-thread-1" [_thread_blocked, id=14352, stack(0x0000000017580000,0x0000000017680000)]
  0x0000000016f3c800 JavaThread "pool-2-thread-1" [_thread_blocked, id=13708, stack(0x0000000017480000,0x0000000017580000)]
  0x0000000016ce2000 JavaThread "Service Thread" daemon [_thread_blocked, id=14104, stack(0x0000000017280000,0x0000000017380000)]
  0x0000000016cda800 JavaThread "C1 CompilerThread2" daemon [_thread_in_native, id=13376, stack(0x0000000017180000,0x0000000017280000)]
  0x0000000016cd7800 JavaThread "C2 CompilerThread1" daemon [_thread_in_native, id=2512, stack(0x0000000017080000,0x0000000017180000)]
=>0x000000001564a800 JavaThread "C2 CompilerThread0" daemon [_thread_in_native, id=14868, stack(0x0000000016b80000,0x0000000016c80000)]
  0x0000000015648800 JavaThread "Attach Listener" daemon [_thread_blocked, id=12952, stack(0x0000000016a80000,0x0000000016b80000)]
  0x00000000155fc000 JavaThread "Signal Dispatcher" daemon [_thread_blocked, id=388, stack(0x0000000016980000,0x0000000016a80000)]
  0x00000000155da000 JavaThread "Finalizer" daemon [_thread_blocked, id=14732, stack(0x0000000016880000,0x0000000016980000)]
  0x00000000155b8800 JavaThread "Reference Handler" daemon [_thread_blocked, id=13876, stack(0x0000000016780000,0x0000000016880000)]
  0x0000000002e21000 JavaThread "main" [_thread_in_Java, id=9448, stack(0x0000000002b50000,0x0000000002c50000)]

Other Threads:
  0x00000000155b6800 VMThread [stack: 0x0000000016680000,0x0000000016780000] [id=14508]
  0x0000000016d2a000 WatcherThread [stack: 0x0000000017380000,0x0000000017480000] [id=7164]

VM state:not at safepoint (normal execution)

VM Mutex/Monitor currently owned by a thread:  ([mutex/lock_event])
[0x0000000002d1b790] CodeCache_lock - owner thread: 0x0000000016cda800

Heap:
 PSYoungGen      total 68608K, used 67531K [0x00000000eab00000, 0x00000000f4600000, 0x0000000100000000)
  eden space 63488K, 98% used [0x00000000eab00000,0x00000000ee7f3a28,0x00000000ee900000)
  from space 5120K, 99% used [0x00000000ee900000,0x00000000eedff4a0,0x00000000eee00000)
  to   space 15872K, 0% used [0x00000000f3680000,0x00000000f3680000,0x00000000f4600000)
 ParOldGen       total 84992K, used 25172K [0x00000000c0000000, 0x00000000c5300000, 0x00000000eab00000)
  object space 84992K, 29% used [0x00000000c0000000,0x00000000c1895118,0x00000000c5300000)
 Metaspace       used 6247K, capacity 7128K, committed 7424K, reserved 1056768K
  class space    used 606K, capacity 656K, committed 768K, reserved 1048576K

Card table byte_map: [0x00000000122e0000,0x00000000124f0000] byte_map_base: 0x0000000011ce0000

Marking Bits: (ParMarkBitMap*) 0x00000000520ba6d0
 Begin Bits: [0x0000000012a50000, 0x0000000013a50000)
 End Bits:   [0x0000000013a50000, 0x0000000014a50000)

Polling page: 0x0000000002c50000

CodeCache: size=245760Kb used=7121Kb max_used=7121Kb free=238639Kb
 bounds [0x0000000002f20000, 0x0000000003620000, 0x0000000011f20000]
 total_blobs=2015 nmethods=1750 adapters=177
 compilation: enabled

Compilation events (10 events):
Event: 4.705 Thread 0x0000000016cda800 nmethod 1813 0x0000000003611dd0 code [0x00000000036122a0, 0x00000000036139b8]
Event: 4.705 Thread 0x0000000016cda800 1815       2       com.android.dx.rop.annotation.Annotations::addAll (59 bytes)
Event: 4.706 Thread 0x0000000016cda800 nmethod 1815 0x000000000360c110 code [0x000000000360c2e0, 0x000000000360c798]
Event: 4.707 Thread 0x0000000016cda800 1816       2       com.android.dx.rop.cst.StdConstantPool::size (6 bytes)
Event: 4.707 Thread 0x0000000016cda800 nmethod 1816 0x000000000360bdd0 code [0x000000000360bf20, 0x000000000360c070]
Event: 4.707 Thread 0x0000000016cda800 1817       2       com.android.dx.dex.cf.OptimizerOptions::loadOptimizeLists (52 bytes)
Event: 4.707 Thread 0x0000000016cda800 nmethod 1817 0x000000000360b890 code [0x000000000360ba20, 0x000000000360bcc8]
Event: 4.707 Thread 0x0000000016cda800 1818   !   2       com.android.dx.dex.cf.AttributeTranslator::getClassAnnotations (135 bytes)
Event: 4.710 Thread 0x0000000016cda800 nmethod 1818 0x0000000003609d50 code [0x000000000360a000, 0x000000000360ad18]
Event: 4.716 Thread 0x0000000016cda800 1820       2       com.android.dx.cf.direct.DirectClassFile::makeTypeList (47 bytes)

GC Heap History (10 events):
Event: 2.789 GC heap before
{Heap before GC invocations=1 (full 0):
 PSYoungGen      total 36864K, used 31744K [0x00000000eab00000, 0x00000000ed400000, 0x0000000100000000)
  eden space 31744K, 100% used [0x00000000eab00000,0x00000000eca00000,0x00000000eca00000)
  from space 5120K, 0% used [0x00000000ecf00000,0x00000000ecf00000,0x00000000ed400000)
  to   space 5120K, 0% used [0x00000000eca00000,0x00000000eca00000,0x00000000ecf00000)
 ParOldGen       total 84992K, used 0K [0x00000000c0000000, 0x00000000c5300000, 0x00000000eab00000)
  object space 84992K, 0% used [0x00000000c0000000,0x00000000c0000000,0x00000000c5300000)
 Metaspace       used 5812K, capacity 6832K, committed 7040K, reserved 1056768K
  class space    used 581K, capacity 616K, committed 640K, reserved 1048576K
Event: 2.804 GC heap after
Heap after GC invocations=1 (full 0):
 PSYoungGen      total 36864K, used 5115K [0x00000000eab00000, 0x00000000ed400000, 0x0000000100000000)
  eden space 31744K, 0% used [0x00000000eab00000,0x00000000eab00000,0x00000000eca00000)
  from space 5120K, 99% used [0x00000000eca00000,0x00000000ecefed08,0x00000000ecf00000)
  to   space 5120K, 0% used [0x00000000ecf00000,0x00000000ecf00000,0x00000000ed400000)
 ParOldGen       total 84992K, used 1306K [0x00000000c0000000, 0x00000000c5300000, 0x00000000eab00000)
  object space 84992K, 1% used [0x00000000c0000000,0x00000000c0146a78,0x00000000c5300000)
 Metaspace       used 5812K, capacity 6832K, committed 7040K, reserved 1056768K
  class space    used 581K, capacity 616K, committed 640K, reserved 1048576K
}
Event: 3.180 GC heap before
{Heap before GC invocations=2 (full 0):
 PSYoungGen      total 36864K, used 36859K [0x00000000eab00000, 0x00000000ed400000, 0x0000000100000000)
  eden space 31744K, 100% used [0x00000000eab00000,0x00000000eca00000,0x00000000eca00000)
  from space 5120K, 99% used [0x00000000eca00000,0x00000000ecefed08,0x00000000ecf00000)
  to   space 5120K, 0% used [0x00000000ecf00000,0x00000000ecf00000,0x00000000ed400000)
 ParOldGen       total 84992K, used 1306K [0x00000000c0000000, 0x00000000c5300000, 0x00000000eab00000)
  object space 84992K, 1% used [0x00000000c0000000,0x00000000c0146a78,0x00000000c5300000)
 Metaspace       used 5998K, capacity 7024K, committed 7296K, reserved 1056768K
  class space    used 585K, capacity 616K, committed 640K, reserved 1048576K
Event: 3.192 GC heap after
Heap after GC invocations=2 (full 0):
 PSYoungGen      total 36864K, used 5090K [0x00000000eab00000, 0x00000000ef300000, 0x0000000100000000)
  eden space 31744K, 0% used [0x00000000eab00000,0x00000000eab00000,0x00000000eca00000)
  from space 5120K, 99% used [0x00000000ecf00000,0x00000000ed3f8910,0x00000000ed400000)
  to   space 5120K, 0% used [0x00000000eca00000,0x00000000eca00000,0x00000000ecf00000)
 ParOldGen       total 84992K, used 5122K [0x00000000c0000000, 0x00000000c5300000, 0x00000000eab00000)
  object space 84992K, 6% used [0x00000000c0000000,0x00000000c0500b10,0x00000000c5300000)
 Metaspace       used 5998K, capacity 7024K, committed 7296K, reserved 1056768K
  class space    used 585K, capacity 616K, committed 640K, reserved 1048576K
}
Event: 3.473 GC heap before
{Heap before GC invocations=3 (full 0):
 PSYoungGen      total 36864K, used 36834K [0x00000000eab00000, 0x00000000ef300000, 0x0000000100000000)
  eden space 31744K, 100% used [0x00000000eab00000,0x00000000eca00000,0x00000000eca00000)
  from space 5120K, 99% used [0x00000000ecf00000,0x00000000ed3f8910,0x00000000ed400000)
  to   space 5120K, 0% used [0x00000000eca00000,0x00000000eca00000,0x00000000ecf00000)
 ParOldGen       total 84992K, used 5122K [0x00000000c0000000, 0x00000000c5300000, 0x00000000eab00000)
  object space 84992K, 6% used [0x00000000c0000000,0x00000000c0500b10,0x00000000c5300000)
 Metaspace       used 6089K, capacity 7088K, committed 7296K, reserved 1056768K
  class space    used 586K, capacity 616K, committed 640K, reserved 1048576K
Event: 3.496 GC heap after
Heap after GC invocations=3 (full 0):
 PSYoungGen      total 36864K, used 5115K [0x00000000eab00000, 0x00000000ef300000, 0x0000000100000000)
  eden space 31744K, 0% used [0x00000000eab00000,0x00000000eab00000,0x00000000eca00000)
  from space 5120K, 99% used [0x00000000eca00000,0x00000000ecefecc0,0x00000000ecf00000)
  to   space 5120K, 0% used [0x00000000eee00000,0x00000000eee00000,0x00000000ef300000)
 ParOldGen       total 84992K, used 10421K [0x00000000c0000000, 0x00000000c5300000, 0x00000000eab00000)
  object space 84992K, 12% used [0x00000000c0000000,0x00000000c0a2d708,0x00000000c5300000)
 Metaspace       used 6089K, capacity 7088K, committed 7296K, reserved 1056768K
  class space    used 586K, capacity 616K, committed 640K, reserved 1048576K
}
Event: 3.651 GC heap before
{Heap before GC invocations=4 (full 0):
 PSYoungGen      total 36864K, used 36859K [0x00000000eab00000, 0x00000000ef300000, 0x0000000100000000)
  eden space 31744K, 100% used [0x00000000eab00000,0x00000000eca00000,0x00000000eca00000)
  from space 5120K, 99% used [0x00000000eca00000,0x00000000ecefecc0,0x00000000ecf00000)
  to   space 5120K, 0% used [0x00000000eee00000,0x00000000eee00000,0x00000000ef300000)
 ParOldGen       total 84992K, used 10421K [0x00000000c0000000, 0x00000000c5300000, 0x00000000eab00000)
  object space 84992K, 12% used [0x00000000c0000000,0x00000000c0a2d708,0x00000000c5300000)
 Metaspace       used 6109K, capacity 7088K, committed 7296K, reserved 1056768K
  class space    used 586K, capacity 616K, committed 640K, reserved 1048576K
Event: 3.676 GC heap after
Heap after GC invocations=4 (full 0):
 PSYoungGen      total 68608K, used 5108K [0x00000000eab00000, 0x00000000ef300000, 0x0000000100000000)
  eden space 63488K, 0% used [0x00000000eab00000,0x00000000eab00000,0x00000000ee900000)
  from space 5120K, 99% used [0x00000000eee00000,0x00000000ef2fd0b8,0x00000000ef300000)
  to   space 5120K, 0% used [0x00000000ee900000,0x00000000ee900000,0x00000000eee00000)
 ParOldGen       total 84992K, used 15585K [0x00000000c0000000, 0x00000000c5300000, 0x00000000eab00000)
  object space 84992K, 18% used [0x00000000c0000000,0x00000000c0f38670,0x00000000c5300000)
 Metaspace       used 6109K, capacity 7088K, committed 7296K, reserved 1056768K
  class space    used 586K, capacity 616K, committed 640K, reserved 1048576K
}
Event: 4.242 GC heap before
{Heap before GC invocations=5 (full 0):
 PSYoungGen      total 68608K, used 68596K [0x00000000eab00000, 0x00000000ef300000, 0x0000000100000000)
  eden space 63488K, 100% used [0x00000000eab00000,0x00000000ee900000,0x00000000ee900000)
  from space 5120K, 99% used [0x00000000eee00000,0x00000000ef2fd0b8,0x00000000ef300000)
  to   space 5120K, 0% used [0x00000000ee900000,0x00000000ee900000,0x00000000eee00000)
 ParOldGen       total 84992K, used 15585K [0x00000000c0000000, 0x00000000c5300000, 0x00000000eab00000)
  object space 84992K, 18% used [0x00000000c0000000,0x00000000c0f38670,0x00000000c5300000)
 Metaspace       used 6224K, capacity 7128K, committed 7424K, reserved 1056768K
  class space    used 606K, capacity 656K, committed 768K, reserved 1048576K
Event: 4.267 GC heap after
Heap after GC invocations=5 (full 0):
 PSYoungGen      total 68608K, used 5117K [0x00000000eab00000, 0x00000000f4600000, 0x0000000100000000)
  eden space 63488K, 0% used [0x00000000eab00000,0x00000000eab00000,0x00000000ee900000)
  from space 5120K, 99% used [0x00000000ee900000,0x00000000eedff4a0,0x00000000eee00000)
  to   space 15872K, 0% used [0x00000000f3680000,0x00000000f3680000,0x00000000f4600000)
 ParOldGen       total 84992K, used 25172K [0x00000000c0000000, 0x00000000c5300000, 0x00000000eab00000)
  object space 84992K, 29% used [0x00000000c0000000,0x00000000c1895118,0x00000000c5300000)
 Metaspace       used 6224K, capacity 7128K, committed 7424K, reserved 1056768K
  class space    used 606K, capacity 656K, committed 768K, reserved 1048576K
}

Deoptimization events (10 events):
Event: 3.400 Thread 0x0000000016f45000 Uncommon trap: reason=uninitialized action=reinterpret pc=0x0000000003508748 method=com.android.dx.cf.code.BytecodeArray.parseInstruction(ILcom/android/dx/cf/code/BytecodeArray$Visitor;)I @ 1031
Event: 3.582 Thread 0x0000000016f46000 Uncommon trap: reason=class_check action=maybe_recompile pc=0x0000000003380064 method=java.util.HashMap.putVal(ILjava/lang/Object;Ljava/lang/Object;ZZ)Ljava/lang/Object; @ 203
Event: 3.584 Thread 0x0000000016f46000 Uncommon trap: reason=class_check action=maybe_recompile pc=0x0000000003380064 method=java.util.HashMap.putVal(ILjava/lang/Object;Ljava/lang/Object;ZZ)Ljava/lang/Object; @ 203
Event: 3.630 Thread 0x0000000002e21000 Uncommon trap: reason=class_check action=maybe_recompile pc=0x0000000003380064 method=java.util.HashMap.putVal(ILjava/lang/Object;Ljava/lang/Object;ZZ)Ljava/lang/Object; @ 203
Event: 3.630 Thread 0x0000000002e21000 Uncommon trap: reason=class_check action=maybe_recompile pc=0x0000000003380064 method=java.util.HashMap.putVal(ILjava/lang/Object;Ljava/lang/Object;ZZ)Ljava/lang/Object; @ 203
Event: 3.934 Thread 0x0000000016f44800 Uncommon trap: reason=unstable_if action=reinterpret pc=0x00000000035808bc method=com.android.dx.cf.code.Merger.mergeType(Lcom/android/dx/rop/type/TypeBearer;Lcom/android/dx/rop/type/TypeBearer;)Lcom/android/dx/rop/type/TypeBearer; @ 77
Event: 4.186 Thread 0x0000000002e21000 Uncommon trap: reason=unstable_if action=reinterpret pc=0x00000000032031e8 method=java.util.HashMap.putVal(ILjava/lang/Object;Ljava/lang/Object;ZZ)Ljava/lang/Object; @ 162
Event: 4.360 Thread 0x0000000016f44800 Uncommon trap: reason=unstable_if action=reinterpret pc=0x00000000035d7008 method=java.util.HashMap.getNode(ILjava/lang/Object;)Ljava/util/HashMap$Node; @ 84
Event: 4.369 Thread 0x0000000016f44800 Uncommon trap: reason=unstable_if action=reinterpret pc=0x00000000035c80cc method=java.util.HashMap.putVal(ILjava/lang/Object;Ljava/lang/Object;ZZ)Ljava/lang/Object; @ 109
Event: 4.644 Thread 0x0000000016f3c800 Uncommon trap: reason=unstable_if action=reinterpret pc=0x00000000034fc410 method=java.util.HashMap.getNode(ILjava/lang/Object;)Ljava/util/HashMap$Node; @ 84

Internal exceptions (5 events):
Event: 1.183 Thread 0x0000000002e21000 Exception <a 'java/lang/NoSuchMethodError': Method sun.misc.Unsafe.defineClass(Ljava/lang/String;[BII)Ljava/lang/Class; name or signature does not match> (0x00000000eab07cc0) thrown at [C:\re\workspace\8-2-build-windows-amd64-cygwin\jdk8u101\7261\hotspot\snª²ùëò?
Event: 1.183 Thread 0x0000000002e21000 Exception <a 'java/lang/NoSuchMethodError': Method sun.misc.Unsafe.prefetchRead(Ljava/lang/Object;J)V name or signature does not match> (0x00000000eab07fa8) thrown at [C:\re\workspace\8-2-build-windows-amd64-cygwin\jdk8u101\7261\hotspot\src\share\vm\prims\;£›7À@
Event: 4.188 Thread 0x0000000002e21000 Exception <a 'java/lang/ArrayIndexOutOfBoundsException': 18> (0x00000000ee729910) thrown at [C:\re\workspace\8-2-build-windows-amd64-cygwin\jdk8u101\7261\hotspot\src\share\vm\interpreter\interpreterRuntime.cpp, line 366]
Event: 4.188 Thread 0x0000000002e21000 Exception <a 'java/lang/ArrayIndexOutOfBoundsException': 145> (0x00000000ee72b490) thrown at [C:\re\workspace\8-2-build-windows-amd64-cygwin\jdk8u101\7261\hotspot\src\share\vm\interpreter\interpreterRuntime.cpp, line 366]
Event: 4.235 Thread 0x0000000002e21000 Exception <a 'java/lang/ArrayIndexOutOfBoundsException'> (0x00000000ee72c778) thrown at [C:\re\workspace\8-2-build-windows-amd64-cygwin\jdk8u101\7261\hotspot\src\share\vm\runtime\sharedRuntime.cpp, line 605]

Events (10 events):
Event: 4.597 Thread 0x0000000016f45000 DEOPT UNPACKING pc=0x0000000002f6787f sp=0x000000001787e6e0 mode 0
Event: 4.605 Thread 0x0000000016f45000 DEOPT PACKING pc=0x00000000032eb08c sp=0x000000001787ea90
Event: 4.605 Thread 0x0000000016f45000 DEOPT UNPACKING pc=0x0000000002f6787f sp=0x000000001787e7e0 mode 0
Event: 4.614 Thread 0x0000000016f45000 DEOPT PACKING pc=0x00000000033e39d1 sp=0x000000001787e960
Event: 4.614 Thread 0x0000000016f45000 DEOPT UNPACKING pc=0x0000000002f6787f sp=0x000000001787e790 mode 0
Event: 4.644 Thread 0x0000000016f3c800 Uncommon trap: trap_request=0xffffff65 fr.pc=0x00000000034fc410
Event: 4.644 Thread 0x0000000016f3c800 DEOPT PACKING pc=0x00000000034fc410 sp=0x000000001757de80
Event: 4.644 Thread 0x0000000016f3c800 DEOPT UNPACKING pc=0x0000000002f6582a sp=0x000000001757dd90 mode 2
Event: 4.690 Thread 0x0000000016f44800 DEOPT PACKING pc=0x00000000032eb08c sp=0x000000001777ecd0
Event: 4.690 Thread 0x0000000016f44800 DEOPT UNPACKING pc=0x0000000002f6787f sp=0x000000001777ea20 mode 0


Dynamic libraries:
0x00007ff7f71b0000 - 0x00007ff7f71e7000 	C:\Program Files\Java\jdk1.8.0_101\bin\java.exe
0x00007fffe5e00000 - 0x00007fffe5fd1000 	C:\WINDOWS\SYSTEM32\ntdll.dll
0x00007fffe5960000 - 0x00007fffe5a0b000 	C:\WINDOWS\System32\KERNEL32.DLL
0x00007fffe2fa0000 - 0x00007fffe31bd000 	C:\WINDOWS\System32\KERNELBASE.dll
0x00007fffe37e0000 - 0x00007fffe3882000 	C:\WINDOWS\System32\ADVAPI32.dll
0x00007fffe56b0000 - 0x00007fffe574e000 	C:\WINDOWS\System32\msvcrt.dll
0x00007fffe5900000 - 0x00007fffe5959000 	C:\WINDOWS\System32\sechost.dll
0x00007fffe3f60000 - 0x00007fffe4081000 	C:\WINDOWS\System32\RPCRT4.dll
0x00007fffe3640000 - 0x00007fffe37a5000 	C:\WINDOWS\System32\USER32.dll
0x00007fffe2f80000 - 0x00007fffe2f9e000 	C:\WINDOWS\System32\win32u.dll
0x00007fffe35a0000 - 0x00007fffe35d4000 	C:\WINDOWS\System32\GDI32.dll
0x00007fffe22f0000 - 0x00007fffe2472000 	C:\WINDOWS\System32\gdi32full.dll
0x00007fffd7030000 - 0x00007fffd72a9000 	C:\WINDOWS\WinSxS\amd64_microsoft.windows.common-controls_6595b64144ccf1df_6.0.14393.0_none_2d0f50fcbdb171b8\COMCTL32.dll
0x00007fffe5a10000 - 0x00007fffe5cd7000 	C:\WINDOWS\System32\combase.dll
0x00007fffe2cc0000 - 0x00007fffe2db5000 	C:\WINDOWS\System32\ucrtbase.dll
0x00007fffe2f10000 - 0x00007fffe2f7a000 	C:\WINDOWS\System32\bcryptPrimitives.dll
0x00007fffe37b0000 - 0x00007fffe37de000 	C:\WINDOWS\System32\IMM32.DLL
0x0000000052140000 - 0x0000000052212000 	C:\Program Files\Java\jdk1.8.0_101\jre\bin\msvcr100.dll
0x00000000518a0000 - 0x000000005213a000 	C:\Program Files\Java\jdk1.8.0_101\jre\bin\server\jvm.dll
0x00007fffe58f0000 - 0x00007fffe58f8000 	C:\WINDOWS\System32\PSAPI.DLL
0x00007fffcdb40000 - 0x00007fffcdb49000 	C:\WINDOWS\SYSTEM32\WSOCK32.dll
0x00007fffe4120000 - 0x00007fffe418a000 	C:\WINDOWS\System32\WS2_32.dll
0x00007fffe0070000 - 0x00007fffe0093000 	C:\WINDOWS\SYSTEM32\WINMM.dll
0x00007fffd66b0000 - 0x00007fffd66ba000 	C:\WINDOWS\SYSTEM32\VERSION.dll
0x00007fffe0040000 - 0x00007fffe006b000 	C:\WINDOWS\SYSTEM32\WINMMBASE.dll
0x00007fffe2b60000 - 0x00007fffe2ba2000 	C:\WINDOWS\System32\cfgmgr32.dll
0x0000000051890000 - 0x000000005189f000 	C:\Program Files\Java\jdk1.8.0_101\jre\bin\verify.dll
0x0000000051860000 - 0x0000000051889000 	C:\Program Files\Java\jdk1.8.0_101\jre\bin\java.dll
0x0000000051840000 - 0x0000000051856000 	C:\Program Files\Java\jdk1.8.0_101\jre\bin\zip.dll
0x00007fffe4190000 - 0x00007fffe5698000 	C:\WINDOWS\System32\SHELL32.dll
0x00007fffe2480000 - 0x00007fffe2b5a000 	C:\WINDOWS\System32\windows.storage.dll
0x00007fffe2270000 - 0x00007fffe22bc000 	C:\WINDOWS\System32\powrprof.dll
0x00007fffe35e0000 - 0x00007fffe3632000 	C:\WINDOWS\System32\shlwapi.dll
0x00007fffe22c0000 - 0x00007fffe22cf000 	C:\WINDOWS\System32\kernel.appcore.dll
0x00007fffe2bb0000 - 0x00007fffe2c59000 	C:\WINDOWS\System32\shcore.dll
0x00007fffe22d0000 - 0x00007fffe22e4000 	C:\WINDOWS\System32\profapi.dll

VM Arguments:
jvm_args: -Djava.awt.headless=true -Xmx1024M -Dfile.encoding=GBK -Duser.country=CN -Duser.language=zh -Duser.variant 
java_command: com.android.dx.command.Main --dex --force-jumbo --num-threads=4 --multi-dex --output C:\xml\temp\ChatDemoUI3.0\build\intermediates\transforms\dex\debug\folders\1000\8\BaiduLBS_Android_d890760e46e7b060ac561b109768201c72acdd38 C:\xml\temp\ChatDemoUI3.0\build\intermediates\exploded-aar\ChatDemoUI3.0\EaseUI\unspecified\jars\libs\BaiduLBS_Android.jar
java_class_path (initial): D:\Users\lenovoByEOZ\AppData\Local\Android\sdk\build-tools\23.0.1\lib\dx.jar
Launcher Type: SUN_STANDARD

Environment Variables:
PATH=C:\ProgramData\Oracle\Java\javapath;C:\WINDOWS\system32;C:\WINDOWS;C:\WINDOWS\System32\Wbem;C:\WINDOWS\System32\WindowsPowerShell\v1.0\;C:\Program Files\Java\jdk1.8.0_101\bin;C:\Users\lenovoByEOZ\AppData\Local\Microsoft\WindowsApps
USERNAME=lenovoByEOZ
OS=Windows_NT
PROCESSOR_IDENTIFIER=Intel64 Family 6 Model 58 Stepping 9, GenuineIntel



---------------  S Y S T E M  ---------------

OS: Windows 10.0 , 64 bit Build 14393 (10.0.14393.0)

CPU:total 4 (2 cores per cpu, 2 threads per core) family 6 model 58 stepping 9, cmov, cx8, fxsr, mmx, sse, sse2, sse3, ssse3, sse4.1, sse4.2, popcnt, avx, aes, clmul, erms, ht, tsc, tscinvbit, tscinv

Memory: 4k page, physical 8079000k(1253212k free), swap 12273172k(5712k free)

vm_info: Java HotSpot(TM) 64-Bit Server VM (25.101-b13) for windows-amd64 JRE (1.8.0_101-b13), built on Jun 22 2016 01:21:29 by "java_re" with MS VC++ 10.0 (VS2010)

time: Mon Oct 31 11:36:16 2016
elapsed time: 4 seconds (0d 0h 0m 4s)

