#
# There is insufficient memory for the Java Runtime Environment to continue.
# Native memory allocation (malloc) failed to allocate 50160 bytes for Chunk::new
# Possible reasons:
#   The system is out of physical RAM or swap space
#   In 32 bit mode, the process size limit was hit
# Possible solutions:
#   Reduce memory load on the system
#   Increase physical memory or swap space
#   Check if swap backing store is full
#   Use 64 bit Java on a 64 bit OS
#   Decrease Java heap size (-Xmx/-Xms)
#   Decrease number of Java threads
#   Decrease Java thread stack sizes (-Xss)
#   Set larger code cache with -XX:ReservedCodeCacheSize=
# This output file may be truncated or incomplete.
#
#  Out of Memory Error (allocation.cpp:390), pid=4904, tid=0x0000000000003080
#
# JRE version: Java(TM) SE Runtime Environment (8.0_101-b13) (build 1.8.0_101-b13)
# Java VM: Java HotSpot(TM) 64-Bit Server VM (25.101-b13 mixed mode windows-amd64 compressed oops)
# Failed to write core dump. Minidumps are not enabled by default on client versions of Windows
#

---------------  T H R E A D  ---------------

Current thread (0x000000000292d000):  JavaThread "C2 CompilerThread1" daemon [_thread_in_native, id=12416, stack(0x0000000016a60000,0x0000000016b60000)]

Stack: [0x0000000016a60000,0x0000000016b60000]
[error occurred during error reporting (printing stack bounds), id 0xc0000005]

Native frames: (J=compiled Java code, j=interpreted, Vv=VM code, C=native code)


Current CompileTask:
C2:   8425 1210   !   4       com.android.dx.cf.code.RopperMachine::run (1550 bytes)


---------------  P R O C E S S  ---------------

Java Threads: ( => current thread )
  0x00000000165fd800 JavaThread "pool-2-thread-4" [_thread_in_Java, id=5252, stack(0x0000000017260000,0x0000000017360000)]
  0x00000000164d4800 JavaThread "pool-2-thread-3" [_thread_in_Java, id=5420, stack(0x0000000017160000,0x0000000017260000)]
  0x00000000164d9000 JavaThread "pool-2-thread-2" [_thread_in_Java, id=6592, stack(0x0000000017060000,0x0000000017160000)]
  0x00000000164cb000 JavaThread "pool-3-thread-1" [_thread_blocked, id=2364, stack(0x0000000016f60000,0x0000000017060000)]
  0x00000000164a8000 JavaThread "pool-2-thread-1" [_thread_in_Java, id=3964, stack(0x0000000016e60000,0x0000000016f60000)]
  0x00000000163c4800 JavaThread "Service Thread" daemon [_thread_blocked, id=11168, stack(0x0000000016c60000,0x0000000016d60000)]
  0x00000000163be800 JavaThread "C1 CompilerThread2" daemon [_thread_blocked, id=316, stack(0x0000000016b60000,0x0000000016c60000)]
=>0x000000000292d000 JavaThread "C2 CompilerThread1" daemon [_thread_in_native, id=12416, stack(0x0000000016a60000,0x0000000016b60000)]
  0x000000000292a000 JavaThread "C2 CompilerThread0" daemon [_thread_in_native, id=8976, stack(0x0000000016960000,0x0000000016a60000)]
  0x0000000015013000 JavaThread "Attach Listener" daemon [_thread_blocked, id=12352, stack(0x0000000016860000,0x0000000016960000)]
  0x0000000015012000 JavaThread "Signal Dispatcher" daemon [_thread_blocked, id=11708, stack(0x0000000016760000,0x0000000016860000)]
  0x0000000002925800 JavaThread "Finalizer" daemon [_thread_blocked, id=10768, stack(0x0000000016260000,0x0000000016360000)]
  0x0000000002920000 JavaThread "Reference Handler" daemon [_thread_blocked, id=10468, stack(0x0000000016160000,0x0000000016260000)]
  0x0000000002831000 JavaThread "main" [_thread_in_Java, id=3408, stack(0x0000000002240000,0x0000000002340000)]

Other Threads:
  0x0000000014fc7800 VMThread [stack: 0x0000000016060000,0x0000000016160000] [id=12784]
  0x0000000016435000 WatcherThread [stack: 0x0000000016d60000,0x0000000016e60000] [id=6756]

VM state:not at safepoint (normal execution)

VM Mutex/Monitor currently owned by a thread: None

Heap:
 PSYoungGen      total 36864K, used 21199K [0x00000000eab00000, 0x00000000ed400000, 0x0000000100000000)
  eden space 31744K, 50% used [0x00000000eab00000,0x00000000ebab4980,0x00000000eca00000)
  from space 5120K, 99% used [0x00000000eca00000,0x00000000eceff418,0x00000000ecf00000)
  to   space 5120K, 0% used [0x00000000ecf00000,0x00000000ecf00000,0x00000000ed400000)
 ParOldGen       total 84992K, used 2017K [0x00000000c0000000, 0x00000000c5300000, 0x00000000eab00000)
  object space 84992K, 2% used [0x00000000c0000000,0x00000000c01f8618,0x00000000c5300000)
 Metaspace       used 5781K, capacity 6960K, committed 7040K, reserved 1056768K
  class space    used 577K, capacity 616K, committed 640K, reserved 1048576K

Card table byte_map: [0x0000000011cf0000,0x0000000011f00000] byte_map_base: 0x00000000116f0000

Marking Bits: (ParMarkBitMap*) 0x00000000520ba6d0
 Begin Bits: [0x0000000012460000, 0x0000000013460000)
 End Bits:   [0x0000000013460000, 0x0000000014460000)

Polling page: 0x0000000000820000

CodeCache: size=245760Kb used=5741Kb max_used=5741Kb free=240018Kb
 bounds [0x0000000002930000, 0x0000000002ee0000, 0x0000000011930000]
 total_blobs=1586 nmethods=1318 adapters=177
 compilation: enabled

Compilation events (10 events):
Event: 8.376 Thread 0x00000000163be800 1327       3       com.android.dx.ssa.BasicRegisterMapper::<init> (17 bytes)
Event: 8.377 Thread 0x00000000163be800 nmethod 1327 0x0000000002ebf190 code [0x0000000002ebf300, 0x0000000002ebf5c8]
Event: 8.377 Thread 0x00000000163be800 1325       1       com.android.dx.ssa.back.FirstFitLocalCombiningAllocator::wantsParamsMovedHigh (2 bytes)
Event: 8.377 Thread 0x00000000163be800 nmethod 1325 0x0000000002ebf710 code [0x0000000002ebf860, 0x0000000002ebf970]
Event: 8.377 Thread 0x00000000163be800 1328       1       com.android.dx.rop.code.DexTranslationAdvice::getMaxOptimalRegisterCount (3 bytes)
Event: 8.377 Thread 0x00000000163be800 nmethod 1328 0x0000000002ebf9d0 code [0x0000000002ebfb20, 0x0000000002ebfc30]
Event: 8.380 Thread 0x00000000163be800 1330       2       com.android.dx.rop.code.Rops::opGetField (97 bytes)
Event: 8.380 Thread 0x00000000163be800 nmethod 1330 0x0000000002ebfc90 code [0x0000000002ebfe60, 0x0000000002ec03d8]
Event: 8.381 Thread 0x00000000163be800 1331       2       com.android.dx.cf.code.BytecodeArray::parseLookupswitch (175 bytes)
Event: 8.383 Thread 0x00000000163be800 nmethod 1331 0x0000000002ec06d0 code [0x0000000002ec0900, 0x0000000002ec10a8]

GC Heap History (2 events):
Event: 7.642 GC heap before
{Heap before GC invocations=1 (full 0):
 PSYoungGen      total 36864K, used 31744K [0x00000000eab00000, 0x00000000ed400000, 0x0000000100000000)
  eden space 31744K, 100% used [0x00000000eab00000,0x00000000eca00000,0x00000000eca00000)
  from space 5120K, 0% used [0x00000000ecf00000,0x00000000ecf00000,0x00000000ed400000)
  to   space 5120K, 0% used [0x00000000eca00000,0x00000000eca00000,0x00000000ecf00000)
 ParOldGen       total 84992K, used 0K [0x00000000c0000000, 0x00000000c5300000, 0x00000000eab00000)
  object space 84992K, 0% used [0x00000000c0000000,0x00000000c0000000,0x00000000c5300000)
 Metaspace       used 5673K, capacity 6832K, committed 7040K, reserved 1056768K
  class space    used 573K, capacity 616K, committed 640K, reserved 1048576K
Event: 7.744 GC heap after
Heap after GC invocations=1 (full 0):
 PSYoungGen      total 36864K, used 5117K [0x00000000eab00000, 0x00000000ed400000, 0x0000000100000000)
  eden space 31744K, 0% used [0x00000000eab00000,0x00000000eab00000,0x00000000eca00000)
  from space 5120K, 99% used [0x00000000eca00000,0x00000000eceff418,0x00000000ecf00000)
  to   space 5120K, 0% used [0x00000000ecf00000,0x00000000ecf00000,0x00000000ed400000)
 ParOldGen       total 84992K, used 2017K [0x00000000c0000000, 0x00000000c5300000, 0x00000000eab00000)
  object space 84992K, 2% used [0x00000000c0000000,0x00000000c01f8618,0x00000000c5300000)
 Metaspace       used 5673K, capacity 6832K, committed 7040K, reserved 1056768K
  class space    used 573K, capacity 616K, committed 640K, reserved 1048576K
}

Deoptimization events (10 events):
Event: 7.934 Thread 0x0000000002831000 Uncommon trap: reason=bimorphic action=maybe_recompile pc=0x0000000002e0b8cc method=com.android.dx.cf.code.BaseMachine.getLocalTarget(Z)Lcom/android/dx/rop/code/RegisterSpec; @ 70
Event: 7.934 Thread 0x0000000002831000 Uncommon trap: reason=bimorphic action=maybe_recompile pc=0x0000000002e0b8cc method=com.android.dx.cf.code.BaseMachine.getLocalTarget(Z)Lcom/android/dx/rop/code/RegisterSpec; @ 70
Event: 7.935 Thread 0x0000000002831000 Uncommon trap: reason=unstable_if action=reinterpret pc=0x0000000002d1f078 method=com.android.dx.cf.code.Ropper.labelToResultIndex(I)I @ 34
Event: 7.941 Thread 0x00000000165fd800 Uncommon trap: reason=bimorphic action=maybe_recompile pc=0x0000000002e0b8cc method=com.android.dx.cf.code.BaseMachine.getLocalTarget(Z)Lcom/android/dx/rop/code/RegisterSpec; @ 70
Event: 7.942 Thread 0x00000000165fd800 Uncommon trap: reason=bimorphic action=maybe_recompile pc=0x0000000002e0b8cc method=com.android.dx.cf.code.BaseMachine.getLocalTarget(Z)Lcom/android/dx/rop/code/RegisterSpec; @ 70
Event: 7.952 Thread 0x00000000165fd800 Uncommon trap: reason=unstable_if action=reinterpret pc=0x0000000002dbdf04 method=com.android.dx.util.LabeledList.set(ILcom/android/dx/util/LabeledItem;)V @ 16
Event: 7.952 Thread 0x00000000165fd800 Uncommon trap: reason=unstable_if action=reinterpret pc=0x0000000002d5d930 method=com.android.dx.util.LabeledList.set(ILcom/android/dx/util/LabeledItem;)V @ 16
Event: 8.364 Thread 0x00000000164d9000 Uncommon trap: reason=unstable_if action=reinterpret pc=0x0000000002d05a3c method=com.android.dx.ssa.SsaRenamer$BlockRenamer.addMapping(ILcom/android/dx/rop/code/RegisterSpec;)V @ 120
Event: 8.364 Thread 0x00000000164d9000 Uncommon trap: reason=unstable_if action=reinterpret pc=0x0000000002dad61c method=com.android.dx.ssa.SsaRenamer$BlockRenamer.addMapping(ILcom/android/dx/rop/code/RegisterSpec;)V @ 120
Event: 8.372 Thread 0x00000000164d9000 Uncommon trap: reason=null_check action=make_not_entrant pc=0x0000000002df8b60 method=com.android.dx.rop.type.Type.equals(Ljava/lang/Object;)Z @ 8

Internal exceptions (3 events):
Event: 1.613 Thread 0x0000000002831000 Exception <a 'java/lang/NoSuchMethodError': Method sun.misc.Unsafe.defineClass(Ljava/lang/String;[BII)Ljava/lang/Class; name or signature does not match> (0x00000000eab07cc0) thrown at [C:\re\workspace\8-2-build-windows-amd64-cygwin\jdk8u101\7261\hotspot\s=iW8RÍù?
Event: 1.613 Thread 0x0000000002831000 Exception <a 'java/lang/NoSuchMethodError': Method sun.misc.Unsafe.prefetchRead(Ljava/lang/Object;J)V name or signature does not match> (0x00000000eab07fa8) thrown at [C:\re\workspace\8-2-build-windows-amd64-cygwin\jdk8u101\7261\hotspot\src\share\vm\prims\‚\÷‡¾ @
Event: 8.372 Thread 0x00000000164d9000 Implicit null exception at 0x0000000002df8a62 to 0x0000000002df8b52

Events (10 events):
Event: 8.350 Executing VM operation: Deoptimize done
Event: 8.364 Thread 0x00000000164d9000 Uncommon trap: trap_request=0xffffff65 fr.pc=0x0000000002d05a3c
Event: 8.364 Thread 0x00000000164d9000 DEOPT PACKING pc=0x0000000002d05a3c sp=0x000000001715eaa0
Event: 8.364 Thread 0x00000000164d9000 DEOPT UNPACKING pc=0x000000000297582a sp=0x000000001715ea30 mode 2
Event: 8.364 Thread 0x00000000164d9000 Uncommon trap: trap_request=0xffffff65 fr.pc=0x0000000002dad61c
Event: 8.364 Thread 0x00000000164d9000 DEOPT PACKING pc=0x0000000002dad61c sp=0x000000001715ead0
Event: 8.364 Thread 0x00000000164d9000 DEOPT UNPACKING pc=0x000000000297582a sp=0x000000001715e9f0 mode 2
Event: 8.372 Thread 0x00000000164d9000 Uncommon trap: trap_request=0xfffffff4 fr.pc=0x0000000002df8b60
Event: 8.372 Thread 0x00000000164d9000 DEOPT PACKING pc=0x0000000002df8b60 sp=0x000000001715e870
Event: 8.372 Thread 0x00000000164d9000 DEOPT UNPACKING pc=0x000000000297582a sp=0x000000001715e7f8 mode 2


Dynamic libraries:
0x00007ff7f71b0000 - 0x00007ff7f71e7000 	C:\Program Files\Java\jdk1.8.0_101\bin\java.exe
0x00007fffe5e00000 - 0x00007fffe5fd1000 	C:\WINDOWS\SYSTEM32\ntdll.dll
0x00007fffe5960000 - 0x00007fffe5a0b000 	C:\WINDOWS\System32\KERNEL32.DLL
0x00007fffe2fa0000 - 0x00007fffe31bd000 	C:\WINDOWS\System32\KERNELBASE.dll
0x00007fffe37e0000 - 0x00007fffe3882000 	C:\WINDOWS\System32\ADVAPI32.dll
0x00007fffe56b0000 - 0x00007fffe574e000 	C:\WINDOWS\System32\msvcrt.dll
0x00007fffe5900000 - 0x00007fffe5959000 	C:\WINDOWS\System32\sechost.dll
0x00007fffe3f60000 - 0x00007fffe4081000 	C:\WINDOWS\System32\RPCRT4.dll
0x00007fffe3640000 - 0x00007fffe37a5000 	C:\WINDOWS\System32\USER32.dll
0x00007fffe2f80000 - 0x00007fffe2f9e000 	C:\WINDOWS\System32\win32u.dll
0x00007fffe35a0000 - 0x00007fffe35d4000 	C:\WINDOWS\System32\GDI32.dll
0x00007fffe22f0000 - 0x00007fffe2472000 	C:\WINDOWS\System32\gdi32full.dll
0x00007fffd7030000 - 0x00007fffd72a9000 	C:\WINDOWS\WinSxS\amd64_microsoft.windows.common-controls_6595b64144ccf1df_6.0.14393.0_none_2d0f50fcbdb171b8\COMCTL32.dll
0x00007fffe5a10000 - 0x00007fffe5cd7000 	C:\WINDOWS\System32\combase.dll
0x00007fffe2cc0000 - 0x00007fffe2db5000 	C:\WINDOWS\System32\ucrtbase.dll
0x00007fffe2f10000 - 0x00007fffe2f7a000 	C:\WINDOWS\System32\bcryptPrimitives.dll
0x00007fffe37b0000 - 0x00007fffe37de000 	C:\WINDOWS\System32\IMM32.DLL
0x0000000052140000 - 0x0000000052212000 	C:\Program Files\Java\jdk1.8.0_101\jre\bin\msvcr100.dll
0x00000000518a0000 - 0x000000005213a000 	C:\Program Files\Java\jdk1.8.0_101\jre\bin\server\jvm.dll
0x00007fffe58f0000 - 0x00007fffe58f8000 	C:\WINDOWS\System32\PSAPI.DLL
0x00007fffcdb40000 - 0x00007fffcdb49000 	C:\WINDOWS\SYSTEM32\WSOCK32.dll
0x00007fffe4120000 - 0x00007fffe418a000 	C:\WINDOWS\System32\WS2_32.dll
0x00007fffe0070000 - 0x00007fffe0093000 	C:\WINDOWS\SYSTEM32\WINMM.dll
0x00007fffd66b0000 - 0x00007fffd66ba000 	C:\WINDOWS\SYSTEM32\VERSION.dll
0x00007fffe0040000 - 0x00007fffe006b000 	C:\WINDOWS\SYSTEM32\WINMMBASE.dll
0x00007fffe2b60000 - 0x00007fffe2ba2000 	C:\WINDOWS\System32\cfgmgr32.dll
0x0000000051890000 - 0x000000005189f000 	C:\Program Files\Java\jdk1.8.0_101\jre\bin\verify.dll
0x0000000051860000 - 0x0000000051889000 	C:\Program Files\Java\jdk1.8.0_101\jre\bin\java.dll
0x0000000051840000 - 0x0000000051856000 	C:\Program Files\Java\jdk1.8.0_101\jre\bin\zip.dll
0x00007fffe4190000 - 0x00007fffe5698000 	C:\WINDOWS\System32\SHELL32.dll
0x00007fffe2480000 - 0x00007fffe2b5a000 	C:\WINDOWS\System32\windows.storage.dll
0x00007fffe2270000 - 0x00007fffe22bc000 	C:\WINDOWS\System32\powrprof.dll
0x00007fffe35e0000 - 0x00007fffe3632000 	C:\WINDOWS\System32\shlwapi.dll
0x00007fffe22c0000 - 0x00007fffe22cf000 	C:\WINDOWS\System32\kernel.appcore.dll
0x00007fffe2bb0000 - 0x00007fffe2c59000 	C:\WINDOWS\System32\shcore.dll
0x00007fffe22d0000 - 0x00007fffe22e4000 	C:\WINDOWS\System32\profapi.dll

VM Arguments:
jvm_args: -Djava.awt.headless=true -Xmx1024M -Dfile.encoding=GBK -Duser.country=CN -Duser.language=zh -Duser.variant 
java_command: com.android.dx.command.Main --dex --force-jumbo --num-threads=4 --multi-dex --output C:\xml\temp\ChatDemoUI3.0\build\intermediates\transforms\dex\debug\folders\1000\5\slice_3 C:\xml\temp\ChatDemoUI3.0\build\intermediates\transforms\instantRunSlicer\debug\folders\1\5\slice_3
java_class_path (initial): D:\Users\lenovoByEOZ\AppData\Local\Android\sdk\build-tools\23.0.1\lib\dx.jar
Launcher Type: SUN_STANDARD

Environment Variables:
PATH=C:\ProgramData\Oracle\Java\javapath;C:\WINDOWS\system32;C:\WINDOWS;C:\WINDOWS\System32\Wbem;C:\WINDOWS\System32\WindowsPowerShell\v1.0\;C:\Program Files\Java\jdk1.8.0_101\bin;C:\Users\lenovoByEOZ\AppData\Local\Microsoft\WindowsApps
USERNAME=lenovoByEOZ
OS=Windows_NT
PROCESSOR_IDENTIFIER=Intel64 Family 6 Model 58 Stepping 9, GenuineIntel



---------------  S Y S T E M  ---------------

OS: Windows 10.0 , 64 bit Build 14393 (10.0.14393.0)

CPU:total 4 (2 cores per cpu, 2 threads per core) family 6 model 58 stepping 9, cmov, cx8, fxsr, mmx, sse, sse2, sse3, ssse3, sse4.1, sse4.2, popcnt, avx, aes, clmul, erms, ht, tsc, tscinvbit, tscinv

Memory: 4k page, physical 8079000k(1017196k free), swap 12273172k(5124k free)

vm_info: Java HotSpot(TM) 64-Bit Server VM (25.101-b13) for windows-amd64 JRE (1.8.0_101-b13), built on Jun 22 2016 01:21:29 by "java_re" with MS VC++ 10.0 (VS2010)

time: Mon Oct 31 11:36:38 2016
elapsed time: 8 seconds (0d 0h 0m 8s)

