#
# There is insufficient memory for the Java Runtime Environment to continue.
# Native memory allocation (malloc) failed to allocate 79856 bytes for Chunk::new
# Possible reasons:
#   The system is out of physical RAM or swap space
#   In 32 bit mode, the process size limit was hit
# Possible solutions:
#   Reduce memory load on the system
#   Increase physical memory or swap space
#   Check if swap backing store is full
#   Use 64 bit Java on a 64 bit OS
#   Decrease Java heap size (-Xmx/-Xms)
#   Decrease number of Java threads
#   Decrease Java thread stack sizes (-Xss)
#   Set larger code cache with -XX:ReservedCodeCacheSize=
# This output file may be truncated or incomplete.
#
#  Out of Memory Error (allocation.cpp:390), pid=14512, tid=0x0000000000003670
#
# JRE version: Java(TM) SE Runtime Environment (8.0_101-b13) (build 1.8.0_101-b13)
# Java VM: Java HotSpot(TM) 64-Bit Server VM (25.101-b13 mixed mode windows-amd64 compressed oops)
# Failed to write core dump. Minidumps are not enabled by default on client versions of Windows
#

---------------  T H R E A D  ---------------

Current thread (0x0000000016e71800):  JavaThread "C2 CompilerThread1" daemon [_thread_in_native, id=13936, stack(0x0000000017220000,0x0000000017320000)]

Stack: [0x0000000017220000,0x0000000017320000]
[error occurred during error reporting (printing stack bounds), id 0xc0000005]

Native frames: (J=compiled Java code, j=interpreted, Vv=VM code, C=native code)


Current CompileTask:
C2:    495  194       4       com.android.dx.rop.cst.CstString::utf8BytesToString (391 bytes)


---------------  P R O C E S S  ---------------

Java Threads: ( => current thread )
  0x0000000017094800 JavaThread "pool-2-thread-4" [_thread_new, id=5844, stack(0x0000000000000000,0x0000000000000000)]
  0x0000000017091000 JavaThread "pool-2-thread-3" [_thread_new, id=12304, stack(0x0000000000000000,0x0000000000000000)]
  0x000000001708c800 JavaThread "pool-2-thread-2" [_thread_new, id=13104, stack(0x0000000000000000,0x0000000000000000)]
  0x0000000016fb5000 JavaThread "pool-3-thread-1" [_thread_new, id=3312, stack(0x0000000000000000,0x0000000000000000)]
  0x0000000016fb4800 JavaThread "pool-2-thread-1" [_thread_new, id=9152, stack(0x0000000000000000,0x0000000000000000)]
  0x0000000016e8a800 JavaThread "Service Thread" daemon [_thread_blocked, id=4856, stack(0x0000000017420000,0x0000000017520000)]
  0x0000000016e7c800 JavaThread "C1 CompilerThread2" daemon [_thread_in_vm, id=5192, stack(0x0000000017320000,0x0000000017420000)]
=>0x0000000016e71800 JavaThread "C2 CompilerThread1" daemon [_thread_in_native, id=13936, stack(0x0000000017220000,0x0000000017320000)]
  0x000000001581b800 JavaThread "C2 CompilerThread0" daemon [_thread_blocked, id=15068, stack(0x0000000016d20000,0x0000000016e20000)]
  0x00000000157cd000 JavaThread "Attach Listener" daemon [_thread_blocked, id=4952, stack(0x0000000016c20000,0x0000000016d20000)]
  0x0000000015819800 JavaThread "Signal Dispatcher" daemon [_thread_blocked, id=13972, stack(0x0000000016b20000,0x0000000016c20000)]
  0x00000000030ea000 JavaThread "Finalizer" daemon [_thread_blocked, id=7956, stack(0x0000000016a20000,0x0000000016b20000)]
  0x00000000030df000 JavaThread "Reference Handler" daemon [_thread_blocked, id=12032, stack(0x0000000016920000,0x0000000016a20000)]
  0x0000000002ff1000 JavaThread "main" [_thread_in_vm, id=2496, stack(0x0000000002df0000,0x0000000002ef0000)]

Other Threads:
  0x0000000015787800 VMThread [stack: 0x0000000016820000,0x0000000016920000] [id=13456]
  0x0000000016e9c000 WatcherThread [stack: 0x0000000017520000,0x0000000017620000] [id=15164]

VM state:not at safepoint (normal execution)

VM Mutex/Monitor currently owned by a thread: None

Heap:
 PSYoungGen      total 36864K, used 4447K [0x00000000eab00000, 0x00000000ed400000, 0x0000000100000000)
  eden space 31744K, 14% used [0x00000000eab00000,0x00000000eaf57cf0,0x00000000eca00000)
  from space 5120K, 0% used [0x00000000ecf00000,0x00000000ecf00000,0x00000000ed400000)
  to   space 5120K, 0% used [0x00000000eca00000,0x00000000eca00000,0x00000000ecf00000)
 ParOldGen       total 84992K, used 0K [0x00000000c0000000, 0x00000000c5300000, 0x00000000eab00000)
  object space 84992K, 0% used [0x00000000c0000000,0x00000000c0000000,0x00000000c5300000)
 Metaspace       used 3873K, capacity 5104K, committed 5376K, reserved 1056768K
  class space    used 440K, capacity 488K, committed 512K, reserved 1048576K

Card table byte_map: [0x00000000124b0000,0x00000000126c0000] byte_map_base: 0x0000000011eb0000

Marking Bits: (ParMarkBitMap*) 0x00000000520ba6d0
 Begin Bits: [0x0000000012c20000, 0x0000000013c20000)
 End Bits:   [0x0000000013c20000, 0x0000000014c20000)

Polling page: 0x0000000001170000

CodeCache: size=245760Kb used=1515Kb max_used=1527Kb free=244244Kb
 bounds [0x00000000030f0000, 0x0000000003360000, 0x00000000120f0000]
 total_blobs=461 nmethods=202 adapters=172
 compilation: enabled

Compilation events (10 events):
Event: 0.492 Thread 0x0000000016e7c800  196       3       com.android.dx.util.ByteArray::getByte0 (12 bytes)
Event: 0.492 Thread 0x0000000016e7c800 nmethod 196 0x0000000003269e10 code [0x0000000003269f60, 0x000000000326a0d0]
Event: 0.492 Thread 0x0000000016e7c800  197       3       com.android.dx.cf.direct.DirectClassFile::parseToInterfacesIfNecessary (13 bytes)
Event: 0.493 Thread 0x0000000016e7c800 nmethod 197 0x0000000003269a50 code [0x0000000003269bc0, 0x0000000003269d88]
Event: 0.493 Thread 0x0000000016e7c800  199       3       com.android.dx.cf.direct.DirectClassFile::getConstantPool (9 bytes)
Event: 0.493 Thread 0x0000000016e7c800 nmethod 199 0x00000000032695d0 code [0x0000000003269740, 0x0000000003269988]
Event: 0.493 Thread 0x0000000016e7c800  198       1       com.android.dx.rop.cst.CstNat::getDescriptor (5 bytes)
Event: 0.493 Thread 0x0000000016e7c800 nmethod 198 0x0000000003269310 code [0x0000000003269460, 0x0000000003269570]
Event: 0.493 Thread 0x0000000016e7c800  200       3       com.android.dx.cf.direct.AttributeListParser::parseIfNecessary (12 bytes)
Event: 0.493 Thread 0x0000000016e7c800 nmethod 200 0x0000000003268f50 code [0x00000000032690c0, 0x0000000003269288]

GC Heap History (0 events):
No events

Deoptimization events (0 events):
No events

Internal exceptions (2 events):
Event: 0.083 Thread 0x0000000002ff1000 Exception <a 'java/lang/NoSuchMethodError': Method sun.misc.Unsafe.defineClass(Ljava/lang/String;[BII)Ljava/lang/Class; name or signature does not match> (0x00000000eab07cc0) thrown at [C:\re\workspace\8-2-build-windows-amd64-cygwin\jdk8u101\7261\hotspot\syªÂÌTµ?
Event: 0.083 Thread 0x0000000002ff1000 Exception <a 'java/lang/NoSuchMethodError': Method sun.misc.Unsafe.prefetchRead(Ljava/lang/Object;J)V name or signature does not match> (0x00000000eab07fa8) thrown at [C:\re\workspace\8-2-build-windows-amd64-cygwin\jdk8u101\7261\hotspot\src\share\vm\prims\

Events (10 events):
Event: 0.448 loading class com/android/dx/cf/attrib/AttSignature done
Event: 0.449 loading class com/android/dx/cf/direct/DirectClassFile$DcfTypeList
Event: 0.449 loading class com/android/dx/cf/direct/DirectClassFile$DcfTypeList done
Event: 0.450 loading class com/android/dx/cf/attrib/AttExceptions
Event: 0.450 loading class com/android/dx/cf/attrib/AttExceptions done
Event: 0.452 Thread 0x000000001708c800 Thread added: 0x000000001708c800
Event: 0.456 Thread 0x0000000017091000 Thread added: 0x0000000017091000
Event: 0.489 Thread 0x0000000017094800 Thread added: 0x0000000017094800
Event: 0.489 loading class com/android/dx/cf/attrib/AttEnclosingMethod
Event: 0.489 loading class com/android/dx/cf/attrib/AttEnclosingMethod done


Dynamic libraries:
0x00007ff7f71b0000 - 0x00007ff7f71e7000 	C:\Program Files\Java\jdk1.8.0_101\bin\java.exe
0x00007fffe5e00000 - 0x00007fffe5fd1000 	C:\WINDOWS\SYSTEM32\ntdll.dll
0x00007fffe5960000 - 0x00007fffe5a0b000 	C:\WINDOWS\System32\KERNEL32.DLL
0x00007fffe2fa0000 - 0x00007fffe31bd000 	C:\WINDOWS\System32\KERNELBASE.dll
0x00007fffe37e0000 - 0x00007fffe3882000 	C:\WINDOWS\System32\ADVAPI32.dll
0x00007fffe56b0000 - 0x00007fffe574e000 	C:\WINDOWS\System32\msvcrt.dll
0x00007fffe5900000 - 0x00007fffe5959000 	C:\WINDOWS\System32\sechost.dll
0x00007fffe3f60000 - 0x00007fffe4081000 	C:\WINDOWS\System32\RPCRT4.dll
0x00007fffe3640000 - 0x00007fffe37a5000 	C:\WINDOWS\System32\USER32.dll
0x00007fffe2f80000 - 0x00007fffe2f9e000 	C:\WINDOWS\System32\win32u.dll
0x00007fffe35a0000 - 0x00007fffe35d4000 	C:\WINDOWS\System32\GDI32.dll
0x00007fffe22f0000 - 0x00007fffe2472000 	C:\WINDOWS\System32\gdi32full.dll
0x00007fffd7030000 - 0x00007fffd72a9000 	C:\WINDOWS\WinSxS\amd64_microsoft.windows.common-controls_6595b64144ccf1df_6.0.14393.0_none_2d0f50fcbdb171b8\COMCTL32.dll
0x00007fffe5a10000 - 0x00007fffe5cd7000 	C:\WINDOWS\System32\combase.dll
0x00007fffe2cc0000 - 0x00007fffe2db5000 	C:\WINDOWS\System32\ucrtbase.dll
0x00007fffe2f10000 - 0x00007fffe2f7a000 	C:\WINDOWS\System32\bcryptPrimitives.dll
0x00007fffe37b0000 - 0x00007fffe37de000 	C:\WINDOWS\System32\IMM32.DLL
0x0000000052140000 - 0x0000000052212000 	C:\Program Files\Java\jdk1.8.0_101\jre\bin\msvcr100.dll
0x00000000518a0000 - 0x000000005213a000 	C:\Program Files\Java\jdk1.8.0_101\jre\bin\server\jvm.dll
0x00007fffe58f0000 - 0x00007fffe58f8000 	C:\WINDOWS\System32\PSAPI.DLL
0x00007fffcdb40000 - 0x00007fffcdb49000 	C:\WINDOWS\SYSTEM32\WSOCK32.dll
0x00007fffe4120000 - 0x00007fffe418a000 	C:\WINDOWS\System32\WS2_32.dll
0x00007fffe0070000 - 0x00007fffe0093000 	C:\WINDOWS\SYSTEM32\WINMM.dll
0x00007fffd66b0000 - 0x00007fffd66ba000 	C:\WINDOWS\SYSTEM32\VERSION.dll
0x00007fffe0040000 - 0x00007fffe006b000 	C:\WINDOWS\SYSTEM32\WINMMBASE.dll
0x00007fffe2b60000 - 0x00007fffe2ba2000 	C:\WINDOWS\System32\cfgmgr32.dll
0x0000000051890000 - 0x000000005189f000 	C:\Program Files\Java\jdk1.8.0_101\jre\bin\verify.dll
0x0000000051860000 - 0x0000000051889000 	C:\Program Files\Java\jdk1.8.0_101\jre\bin\java.dll
0x0000000051840000 - 0x0000000051856000 	C:\Program Files\Java\jdk1.8.0_101\jre\bin\zip.dll
0x00007fffe4190000 - 0x00007fffe5698000 	C:\WINDOWS\System32\SHELL32.dll
0x00007fffe2480000 - 0x00007fffe2b5a000 	C:\WINDOWS\System32\windows.storage.dll
0x00007fffe2270000 - 0x00007fffe22bc000 	C:\WINDOWS\System32\powrprof.dll
0x00007fffe35e0000 - 0x00007fffe3632000 	C:\WINDOWS\System32\shlwapi.dll
0x00007fffe22c0000 - 0x00007fffe22cf000 	C:\WINDOWS\System32\kernel.appcore.dll
0x00007fffe2bb0000 - 0x00007fffe2c59000 	C:\WINDOWS\System32\shcore.dll
0x00007fffe22d0000 - 0x00007fffe22e4000 	C:\WINDOWS\System32\profapi.dll

VM Arguments:
jvm_args: -Djava.awt.headless=true -Xmx1024M -Dfile.encoding=GBK -Duser.country=CN -Duser.language=zh -Duser.variant 
java_command: com.android.dx.command.Main --dex --force-jumbo --num-threads=4 --multi-dex --output C:\xml\temp\ChatDemoUI3.0\build\intermediates\transforms\dex\debug\folders\1000\10\instant-run_eb07fd59349dbcb2b6dbee8e48dc782f11c9313b C:\xml\temp\ChatDemoUI3.0\build\intermediates\incremental-runtime-classes\debug\instant-run.jar
java_class_path (initial): D:\Users\lenovoByEOZ\AppData\Local\Android\sdk\build-tools\23.0.1\lib\dx.jar
Launcher Type: SUN_STANDARD

Environment Variables:
PATH=C:\ProgramData\Oracle\Java\javapath;C:\WINDOWS\system32;C:\WINDOWS;C:\WINDOWS\System32\Wbem;C:\WINDOWS\System32\WindowsPowerShell\v1.0\;C:\Program Files\Java\jdk1.8.0_101\bin;C:\Users\lenovoByEOZ\AppData\Local\Microsoft\WindowsApps
USERNAME=lenovoByEOZ
OS=Windows_NT
PROCESSOR_IDENTIFIER=Intel64 Family 6 Model 58 Stepping 9, GenuineIntel



---------------  S Y S T E M  ---------------

OS: Windows 10.0 , 64 bit Build 14393 (10.0.14393.0)

CPU:total 4 (2 cores per cpu, 2 threads per core) family 6 model 58 stepping 9, cmov, cx8, fxsr, mmx, sse, sse2, sse3, ssse3, sse4.1, sse4.2, popcnt, avx, aes, clmul, erms, ht, tsc, tscinvbit, tscinv

Memory: 4k page, physical 8079000k(1405192k free), swap 12273172k(3068k free)

vm_info: Java HotSpot(TM) 64-Bit Server VM (25.101-b13) for windows-amd64 JRE (1.8.0_101-b13), built on Jun 22 2016 01:21:29 by "java_re" with MS VC++ 10.0 (VS2010)

time: Mon Oct 31 11:36:25 2016
elapsed time: 0 seconds (0d 0h 0m 0s)

